Using pre-set license
Built from '2021.3/staging' branch; Version is '2021.3.18f1 (3129e69bc0c7) revision 3221990'; Using compiler version '192829333'; Build Type 'Release'
OS: 'Windows 10  (10.0.19045) 64bit Professional' Language: 'en' Physical Memory: 32689 MB
BatchMode: 1, IsHumanControllingUs: 0, StartBugReporterOnCrash: 0, Is64bit: 1, IsPro: 1

COMMAND LINE ARGUMENTS:
E:\Unity\2021.3.18f1\Editor\Unity.exe
-adb2
-batchMode
-noUpm
-name
AssetImportWorker3
-projectPath
E:/Midnight-Snack/Midnight Snack
-logFile
Logs/AssetImportWorker3.log
-srvPort
56677
Successfully changed project path to: E:/Midnight-Snack/Midnight Snack
E:/Midnight-Snack/Midnight Snack
[UnityMemory] Configuration Parameters - Can be set up in boot.config
    "memorysetup-bucket-allocator-granularity=16"
    "memorysetup-bucket-allocator-bucket-count=8"
    "memorysetup-bucket-allocator-block-size=33554432"
    "memorysetup-bucket-allocator-block-count=8"
    "memorysetup-main-allocator-block-size=16777216"
    "memorysetup-thread-allocator-block-size=16777216"
    "memorysetup-gfx-main-allocator-block-size=16777216"
    "memorysetup-gfx-thread-allocator-block-size=16777216"
    "memorysetup-cache-allocator-block-size=4194304"
    "memorysetup-typetree-allocator-block-size=2097152"
    "memorysetup-profiler-bucket-allocator-granularity=16"
    "memorysetup-profiler-bucket-allocator-bucket-count=8"
    "memorysetup-profiler-bucket-allocator-block-size=33554432"
    "memorysetup-profiler-bucket-allocator-block-count=8"
    "memorysetup-profiler-allocator-block-size=16777216"
    "memorysetup-profiler-editor-allocator-block-size=1048576"
    "memorysetup-temp-allocator-size-main=16777216"
    "memorysetup-job-temp-allocator-block-size=2097152"
    "memorysetup-job-temp-allocator-block-size-background=1048576"
    "memorysetup-job-temp-allocator-reduction-small-platforms=262144"
    "memorysetup-temp-allocator-size-background-worker=32768"
    "memorysetup-temp-allocator-size-job-worker=262144"
    "memorysetup-temp-allocator-size-preload-manager=33554432"
    "memorysetup-temp-allocator-size-nav-mesh-worker=65536"
    "memorysetup-temp-allocator-size-audio-worker=65536"
    "memorysetup-temp-allocator-size-cloud-worker=32768"
    "memorysetup-temp-allocator-size-gi-baking-worker=262144"
    "memorysetup-temp-allocator-size-gfx=262144"
Player connection [25984] Host "[IP] 192.168.86.46 [Port] 0 [Flags] 2 [Guid] 2300487333 [EditorId] 2300487333 [Version] 1048832 [Id] WindowsEditor(7,DESKTOP-A8ITLFV) [Debug] 1 [PackageName] WindowsEditor [ProjectName] Editor" joined multi-casting on [225.0.0.222:54997]...

Player connection [25984] Host "[IP] 192.168.86.46 [Port] 0 [Flags] 2 [Guid] 2300487333 [EditorId] 2300487333 [Version] 1048832 [Id] WindowsEditor(7,DESKTOP-A8ITLFV) [Debug] 1 [PackageName] WindowsEditor [ProjectName] Editor" joined alternative multi-casting on [225.0.0.222:34997]...

Refreshing native plugins compatible for Editor in 90.89 ms, found 3 plugins.
Preloading 0 native plugins for Editor in 0.00 ms.
Initialize engine version: 2021.3.18f1 (3129e69bc0c7)
[Subsystems] Discovering subsystems at path E:/Unity/2021.3.18f1/Editor/Data/Resources/UnitySubsystems
[Subsystems] Discovering subsystems at path E:/Midnight-Snack/Midnight Snack/Assets
GfxDevice: creating device client; threaded=0; jobified=0
Direct3D:
    Version:  Direct3D 11.0 [level 11.1]
    Renderer: NVIDIA GeForce RTX 3080 Ti (ID=0x2208)
    Vendor:   NVIDIA
    VRAM:     12100 MB
    Driver:   31.0.15.3179
Initialize mono
Mono path[0] = 'E:/Unity/2021.3.18f1/Editor/Data/Managed'
Mono path[1] = 'E:/Unity/2021.3.18f1/Editor/Data/MonoBleedingEdge/lib/mono/unityjit-win32'
Mono config path = 'E:/Unity/2021.3.18f1/Editor/Data/MonoBleedingEdge/etc'
Using monoOptions --debugger-agent=transport=dt_socket,embedding=1,server=y,suspend=n,address=127.0.0.1:56564
Begin MonoManager ReloadAssembly
Registering precompiled unity dll's ...
Register platform support module: E:/Unity/2021.3.18f1/Editor/Data/PlaybackEngines/WebGLSupport/UnityEditor.WebGL.Extensions.dll
Register platform support module: E:/Unity/2021.3.18f1/Editor/Data/PlaybackEngines/WindowsStandaloneSupport/UnityEditor.WindowsStandalone.Extensions.dll
Registered in 0.002533 seconds.
Native extension for WindowsStandalone target not found
Native extension for WebGL target not found
Refreshing native plugins compatible for Editor in 99.02 ms, found 3 plugins.
Preloading 0 native plugins for Editor in 0.00 ms.
Mono: successfully reloaded assembly
- Completed reload, in  0.508 seconds
Domain Reload Profiling:
	ReloadAssembly (509ms)
		BeginReloadAssembly (50ms)
			ExecutionOrderSort (0ms)
			DisableScriptedObjects (0ms)
			BackupInstance (0ms)
			ReleaseScriptingObjects (0ms)
			CreateAndSetChildDomain (1ms)
		EndReloadAssembly (383ms)
			LoadAssemblies (49ms)
			RebuildTransferFunctionScriptingTraits (0ms)
			SetupTypeCache (75ms)
			ReleaseScriptCaches (0ms)
			RebuildScriptCaches (20ms)
			SetupLoadedEditorAssemblies (252ms)
				LogAssemblyErrors (0ms)
				InitializePlatformSupportModulesInManaged (7ms)
				SetLoadedEditorAssemblies (0ms)
				RefreshPlugins (99ms)
				BeforeProcessingInitializeOnLoad (1ms)
				ProcessInitializeOnLoadAttributes (112ms)
				ProcessInitializeOnLoadMethodAttributes (33ms)
				AfterProcessingInitializeOnLoad (0ms)
				EditorAssembliesLoaded (0ms)
			ExecutionOrderSort2 (0ms)
			AwakeInstancesAfterBackupRestoration (0ms)
Platform modules already initialized, skipping
Registering precompiled user dll's ...
Registered in 0.002841 seconds.
Begin MonoManager ReloadAssembly
Symbol file LoadedFromMemory doesn't match image E:\Midnight-Snack\Midnight Snack\Library\PackageCache\com.unity.visualscripting@1.8.0\Editor\VisualScripting.Core\Dependencies\YamlDotNet\Unity.VisualScripting.YamlDotNet.dll
Symbol file LoadedFromMemory doesn't match image E:\Midnight-Snack\Midnight Snack\Library\PackageCache\com.unity.visualscripting@1.8.0\Editor\VisualScripting.Core\Dependencies\DotNetZip\Unity.VisualScripting.IonicZip.dll
Native extension for WindowsStandalone target not found
Native extension for WebGL target not found
Refreshing native plugins compatible for Editor in 1.66 ms, found 3 plugins.
Preloading 0 native plugins for Editor in 0.00 ms.
[ScriptCompilation] NOT recompiling all scripts because this is an import worker process. Reason to compile was: Define symbols changed
Mono: successfully reloaded assembly
- Completed reload, in  0.764 seconds
Domain Reload Profiling:
	ReloadAssembly (765ms)
		BeginReloadAssembly (82ms)
			ExecutionOrderSort (0ms)
			DisableScriptedObjects (5ms)
			BackupInstance (0ms)
			ReleaseScriptingObjects (0ms)
			CreateAndSetChildDomain (16ms)
		EndReloadAssembly (603ms)
			LoadAssemblies (55ms)
			RebuildTransferFunctionScriptingTraits (0ms)
			SetupTypeCache (188ms)
			ReleaseScriptCaches (1ms)
			RebuildScriptCaches (47ms)
			SetupLoadedEditorAssemblies (279ms)
				LogAssemblyErrors (0ms)
				InitializePlatformSupportModulesInManaged (4ms)
				SetLoadedEditorAssemblies (0ms)
				RefreshPlugins (2ms)
				BeforeProcessingInitializeOnLoad (60ms)
				ProcessInitializeOnLoadAttributes (196ms)
				ProcessInitializeOnLoadMethodAttributes (15ms)
				AfterProcessingInitializeOnLoad (2ms)
				EditorAssembliesLoaded (0ms)
			ExecutionOrderSort2 (0ms)
			AwakeInstancesAfterBackupRestoration (4ms)
Platform modules already initialized, skipping
========================================================================
Worker process is ready to serve import requests
Launched and connected shader compiler UnityShaderCompiler.exe after 0.05 seconds
Refreshing native plugins compatible for Editor in 1.40 ms, found 3 plugins.
Preloading 0 native plugins for Editor in 0.00 ms.
Unloading 3204 Unused Serialized files (Serialized files now loaded: 0)
Unloading 37 unused Assets / (1.7 MB). Loaded Objects now: 3679.
Memory consumption went from 148.3 MB to 146.6 MB.
Total: 2.891000 ms (FindLiveObjects: 0.211900 ms CreateObjectMapping: 0.117700 ms MarkObjects: 2.143100 ms  DeleteObjects: 0.417600 ms)

AssetImportParameters requested are different than current active one (requested -> active):
  custom:video-decoder-ogg-theora: a1e56fd34408186e4bbccfd4996cb3dc -> 
  custom:container-muxer-webm: aa71ff27fc2769a1b78a27578f13a17b -> 
  custom:container-demuxer-webm: 4f35f7cbe854078d1ac9338744f61a02 -> 
  custom:video-encoder-webm-vp8: eb34c28f22e8b96e1ab97ce403110664 -> 
  custom:audio-encoder-webm-vorbis: bf7c407c2cedff20999df2af8eb42d56 -> 
  custom:framework-win-MediaFoundation: 216162199b28c13a410421893ffa2e32 -> 
  custom:container-demuxer-ogg: 62fdf1f143b41e24485cea50d1cbac27 -> 
  custom:video-decoder-webm-vp8: 9c59270c3fd7afecdb556c50c9e8de78 -> 
  custom:audio-decoder-ogg-vorbis: bf7c407c2cedff20999df2af8eb42d56 -> 
========================================================================
Received Import Request.
  Time since last request: 1129288.482702 seconds.
  path: Assets/Polygon-Houses/Prefabs/Houses/SM_bistro_01_A.prefab
  artifactKey: Guid(a168feaef87388d45a359fb4a1459c8c) Importer(815301076,1909f56bfc062723c751e8b465ee728b)
Start importing Assets/Polygon-Houses/Prefabs/Houses/SM_bistro_01_A.prefab using Guid(a168feaef87388d45a359fb4a1459c8c) Importer(815301076,1909f56bfc062723c751e8b465ee728b)  -> (artifact id: 'c5ad14c3935b31000e4f809099ae10eb') in 0.112260 seconds 
========================================================================
Received Import Request.
  Time since last request: 0.000019 seconds.
  path: Assets/Polygon-Houses/Prefabs/Houses/SM_factory_01_A.prefab
  artifactKey: Guid(e7b00ccea7364534d852947547924b45) Importer(815301076,1909f56bfc062723c751e8b465ee728b)
Start importing Assets/Polygon-Houses/Prefabs/Houses/SM_factory_01_A.prefab using Guid(e7b00ccea7364534d852947547924b45) Importer(815301076,1909f56bfc062723c751e8b465ee728b)  -> (artifact id: '601899b7c2f54b7d145a30dfa0a5dd7c') in 0.019442 seconds 
========================================================================
Received Import Request.
  Time since last request: 0.000020 seconds.
  path: Assets/Polygon-Houses/Prefabs/Houses/SM_house_01_A.prefab
  artifactKey: Guid(b00c4a886a6a5894a9a3f63e84c71259) Importer(815301076,1909f56bfc062723c751e8b465ee728b)
Start importing Assets/Polygon-Houses/Prefabs/Houses/SM_house_01_A.prefab using Guid(b00c4a886a6a5894a9a3f63e84c71259) Importer(815301076,1909f56bfc062723c751e8b465ee728b)  -> (artifact id: 'cc088c825ed0aa0ed9ab2dd0a5b1ae7e') in 0.016673 seconds 
========================================================================
Received Import Request.
  Time since last request: 0.000021 seconds.
  path: Assets/Polygon-Houses/Prefabs/Houses/SM_cafe_01_A.prefab
  artifactKey: Guid(255ee9370e5cefc4c960e45d55018bdf) Importer(815301076,1909f56bfc062723c751e8b465ee728b)
Start importing Assets/Polygon-Houses/Prefabs/Houses/SM_cafe_01_A.prefab using Guid(255ee9370e5cefc4c960e45d55018bdf) Importer(815301076,1909f56bfc062723c751e8b465ee728b)  -> (artifact id: '94c79e2467c5e3a9658e8a45cb5a4566') in 0.016562 seconds 
========================================================================
Received Import Request.
  Time since last request: 0.000026 seconds.
  path: Assets/Polygon-Houses/Prefabs/Houses/SM_house_05_A.prefab
  artifactKey: Guid(1c330372a9a82464ba677a70ff1454a6) Importer(815301076,1909f56bfc062723c751e8b465ee728b)
Start importing Assets/Polygon-Houses/Prefabs/Houses/SM_house_05_A.prefab using Guid(1c330372a9a82464ba677a70ff1454a6) Importer(815301076,1909f56bfc062723c751e8b465ee728b)  -> (artifact id: 'fd1d1d1639256d1b8267c245afaf8430') in 0.017251 seconds 
========================================================================
Received Import Request.
  Time since last request: 0.000014 seconds.
  path: Assets/Polygon-Houses/Prefabs/Houses/SM_house_39.prefab
  artifactKey: Guid(2752b2d61ce20524d89205f48b106043) Importer(815301076,1909f56bfc062723c751e8b465ee728b)
Start importing Assets/Polygon-Houses/Prefabs/Houses/SM_house_39.prefab using Guid(2752b2d61ce20524d89205f48b106043) Importer(815301076,1909f56bfc062723c751e8b465ee728b)  -> (artifact id: 'bee81556911517761d0f953f5df1f928') in 0.017646 seconds 
========================================================================
Received Import Request.
  Time since last request: 0.000014 seconds.
  path: Assets/Polygon-Houses/Prefabs/Houses/SM_house_04_B.prefab
  artifactKey: Guid(28deb1e22aa05db4d93bbfbc4cfe4e74) Importer(815301076,1909f56bfc062723c751e8b465ee728b)
Start importing Assets/Polygon-Houses/Prefabs/Houses/SM_house_04_B.prefab using Guid(28deb1e22aa05db4d93bbfbc4cfe4e74) Importer(815301076,1909f56bfc062723c751e8b465ee728b)  -> (artifact id: '6e84689036e13fa8a36eff02d0cfc059') in 0.017132 seconds 
========================================================================
Received Import Request.
  Time since last request: 0.000016 seconds.
  path: Assets/Polygon-Houses/Prefabs/Houses/SM_Museum_01_B.prefab
  artifactKey: Guid(89f82f38eab200d48843f77053a71080) Importer(815301076,1909f56bfc062723c751e8b465ee728b)
Start importing Assets/Polygon-Houses/Prefabs/Houses/SM_Museum_01_B.prefab using Guid(89f82f38eab200d48843f77053a71080) Importer(815301076,1909f56bfc062723c751e8b465ee728b)  -> (artifact id: 'c2b6039a7604f7cd054ae77a4f7ad542') in 0.020717 seconds 
========================================================================
Received Import Request.
  Time since last request: 0.000020 seconds.
  path: Assets/Polygon-Houses/Prefabs/Houses/SM_house_06_B.prefab
  artifactKey: Guid(5cba9392ada2fe14bbfc91fcbcb5510a) Importer(815301076,1909f56bfc062723c751e8b465ee728b)
Start importing Assets/Polygon-Houses/Prefabs/Houses/SM_house_06_B.prefab using Guid(5cba9392ada2fe14bbfc91fcbcb5510a) Importer(815301076,1909f56bfc062723c751e8b465ee728b)  -> (artifact id: '0230db26076de84f18b9c71d225e22b5') in 0.038409 seconds 
========================================================================
Received Import Request.
  Time since last request: 0.000017 seconds.
  path: Assets/Polygon-Houses/Prefabs/Houses/SM_Restaurant_01_B.prefab
  artifactKey: Guid(2ef1010f81fc4074dbbf3d7ed3c4a94c) Importer(815301076,1909f56bfc062723c751e8b465ee728b)
Start importing Assets/Polygon-Houses/Prefabs/Houses/SM_Restaurant_01_B.prefab using Guid(2ef1010f81fc4074dbbf3d7ed3c4a94c) Importer(815301076,1909f56bfc062723c751e8b465ee728b)  -> (artifact id: 'a543533f938ede82629e3ff4217bcd23') in 0.025790 seconds 
========================================================================
Received Import Request.
  Time since last request: 0.000018 seconds.
  path: Assets/Polygon-Houses/Prefabs/Houses/SM_Market_01_B.prefab
  artifactKey: Guid(3518435e86222c94892ee6d5e7b071ce) Importer(815301076,1909f56bfc062723c751e8b465ee728b)
Start importing Assets/Polygon-Houses/Prefabs/Houses/SM_Market_01_B.prefab using Guid(3518435e86222c94892ee6d5e7b071ce) Importer(815301076,1909f56bfc062723c751e8b465ee728b)  -> (artifact id: 'bab6b148b2988c6f51fef9d956a29d7c') in 0.019138 seconds 
========================================================================
Received Import Request.
  Time since last request: 0.000018 seconds.
  path: Assets/Polygon-Houses/Prefabs/Houses/SM_Garage_02.prefab
  artifactKey: Guid(706b703c48937d54793b26b388a92c53) Importer(815301076,1909f56bfc062723c751e8b465ee728b)
Start importing Assets/Polygon-Houses/Prefabs/Houses/SM_Garage_02.prefab using Guid(706b703c48937d54793b26b388a92c53) Importer(815301076,1909f56bfc062723c751e8b465ee728b)  -> (artifact id: '8a7b0e629a636eaf700393e1d10bb465') in 0.022616 seconds 
========================================================================
Received Import Request.
  Time since last request: 0.000015 seconds.
  path: Assets/Polygon-Houses/Prefabs/Houses/SM_house_04_A.prefab
  artifactKey: Guid(0083ff4e2e3898b43a36ddd84d413857) Importer(815301076,1909f56bfc062723c751e8b465ee728b)
Start importing Assets/Polygon-Houses/Prefabs/Houses/SM_house_04_A.prefab using Guid(0083ff4e2e3898b43a36ddd84d413857) Importer(815301076,1909f56bfc062723c751e8b465ee728b)  -> (artifact id: '08adb4c386bb44aa4dff1e5ed0de1414') in 0.024544 seconds 
========================================================================
Received Import Request.
  Time since last request: 0.000022 seconds.
  path: Assets/Polygon-Houses/Prefabs/Houses/SM_factory_01_B.prefab
  artifactKey: Guid(2c61bddf5b2edbd4292bdb6e621a841e) Importer(815301076,1909f56bfc062723c751e8b465ee728b)
Start importing Assets/Polygon-Houses/Prefabs/Houses/SM_factory_01_B.prefab using Guid(2c61bddf5b2edbd4292bdb6e621a841e) Importer(815301076,1909f56bfc062723c751e8b465ee728b)  -> (artifact id: '3ae1b5ad11641038bd4b5f76513a6c7d') in 0.020071 seconds 
========================================================================
Received Import Request.
  Time since last request: 0.000027 seconds.
  path: Assets/Polygon-Houses/Prefabs/Houses/SM_Guildhall_01_A.prefab
  artifactKey: Guid(fc8745f15e4a9e947ae3997828ad6b4b) Importer(815301076,1909f56bfc062723c751e8b465ee728b)
Start importing Assets/Polygon-Houses/Prefabs/Houses/SM_Guildhall_01_A.prefab using Guid(fc8745f15e4a9e947ae3997828ad6b4b) Importer(815301076,1909f56bfc062723c751e8b465ee728b)  -> (artifact id: 'f69bd1a43135af6c01a433a80cced8e8') in 0.018971 seconds 
========================================================================
Received Import Request.
  Time since last request: 0.000019 seconds.
  path: Assets/Polygon-Houses/Prefabs/Houses/SM_Building_01_A.prefab
  artifactKey: Guid(e6548a76ffe602a44bb845b41a0b8545) Importer(815301076,1909f56bfc062723c751e8b465ee728b)
Start importing Assets/Polygon-Houses/Prefabs/Houses/SM_Building_01_A.prefab using Guid(e6548a76ffe602a44bb845b41a0b8545) Importer(815301076,1909f56bfc062723c751e8b465ee728b)  -> (artifact id: 'fbe4dd224674e04553eaaf389f5a9d0d') in 0.017823 seconds 
========================================================================
Received Import Request.
  Time since last request: 0.000015 seconds.
  path: Assets/Polygon-Houses/Prefabs/Houses/SM_house_02_A.prefab
  artifactKey: Guid(ac19d0eca32e37340b712770eb335e1f) Importer(815301076,1909f56bfc062723c751e8b465ee728b)
Start importing Assets/Polygon-Houses/Prefabs/Houses/SM_house_02_A.prefab using Guid(ac19d0eca32e37340b712770eb335e1f) Importer(815301076,1909f56bfc062723c751e8b465ee728b)  -> (artifact id: 'e13c31eb73bd64aebea565857bd35909') in 0.019987 seconds 
========================================================================
Received Import Request.
  Time since last request: 0.000014 seconds.
  path: Assets/Polygon-Houses/Prefabs/Houses/SM_Hotel_01_A.prefab
  artifactKey: Guid(145ec5eca6ad69b438c9728f87755188) Importer(815301076,1909f56bfc062723c751e8b465ee728b)
Start importing Assets/Polygon-Houses/Prefabs/Houses/SM_Hotel_01_A.prefab using Guid(145ec5eca6ad69b438c9728f87755188) Importer(815301076,1909f56bfc062723c751e8b465ee728b)  -> (artifact id: '79001fa62dc861e9a0ae3586603ec1ef') in 0.017764 seconds 
========================================================================
Received Import Request.
  Time since last request: 0.000020 seconds.
  path: Assets/Polygon-Houses/Prefabs/Houses/SM_house_35.prefab
  artifactKey: Guid(69edf48392047ad4e878bb418fa70892) Importer(815301076,1909f56bfc062723c751e8b465ee728b)
Start importing Assets/Polygon-Houses/Prefabs/Houses/SM_house_35.prefab using Guid(69edf48392047ad4e878bb418fa70892) Importer(815301076,1909f56bfc062723c751e8b465ee728b)  -> (artifact id: 'cae8c3d4ec566a87246a0805fb588149') in 0.019045 seconds 
Editor requested this worker to shutdown with reason: Scaling down because of idle timeout
AssetImportWorker is now disconnected from the server
Process exiting
Exiting without the bug reporter. Application will terminate with return code 0