Using pre-set license
Built from '2021.3/staging' branch; Version is '2021.3.18f1 (3129e69bc0c7) revision 3221990'; Using compiler version '192829333'; Build Type 'Release'
OS: 'Windows 10  (10.0.19045) 64bit Professional' Language: 'en' Physical Memory: 32689 MB
BatchMode: 1, IsHumanControllingUs: 0, StartBugReporterOnCrash: 0, Is64bit: 1, IsPro: 1

COMMAND LINE ARGUMENTS:
E:\Unity\2021.3.18f1\Editor\Unity.exe
-adb2
-batchMode
-noUpm
-name
AssetImportWorker3
-projectPath
E:/Midnight-Snack/Midnight Snack
-logFile
Logs/AssetImportWorker3.log
-srvPort
60891
Successfully changed project path to: E:/Midnight-Snack/Midnight Snack
E:/Midnight-Snack/Midnight Snack
[UnityMemory] Configuration Parameters - Can be set up in boot.config
    "memorysetup-bucket-allocator-granularity=16"
    "memorysetup-bucket-allocator-bucket-count=8"
    "memorysetup-bucket-allocator-block-size=33554432"
    "memorysetup-bucket-allocator-block-count=8"
    "memorysetup-main-allocator-block-size=16777216"
    "memorysetup-thread-allocator-block-size=16777216"
    "memorysetup-gfx-main-allocator-block-size=16777216"
    "memorysetup-gfx-thread-allocator-block-size=16777216"
    "memorysetup-cache-allocator-block-size=4194304"
    "memorysetup-typetree-allocator-block-size=2097152"
    "memorysetup-profiler-bucket-allocator-granularity=16"
    "memorysetup-profiler-bucket-allocator-bucket-count=8"
    "memorysetup-profiler-bucket-allocator-block-size=33554432"
    "memorysetup-profiler-bucket-allocator-block-count=8"
    "memorysetup-profiler-allocator-block-size=16777216"
    "memorysetup-profiler-editor-allocator-block-size=1048576"
    "memorysetup-temp-allocator-size-main=16777216"
    "memorysetup-job-temp-allocator-block-size=2097152"
    "memorysetup-job-temp-allocator-block-size-background=1048576"
    "memorysetup-job-temp-allocator-reduction-small-platforms=262144"
    "memorysetup-temp-allocator-size-background-worker=32768"
    "memorysetup-temp-allocator-size-job-worker=262144"
    "memorysetup-temp-allocator-size-preload-manager=33554432"
    "memorysetup-temp-allocator-size-nav-mesh-worker=65536"
    "memorysetup-temp-allocator-size-audio-worker=65536"
    "memorysetup-temp-allocator-size-cloud-worker=32768"
    "memorysetup-temp-allocator-size-gi-baking-worker=262144"
    "memorysetup-temp-allocator-size-gfx=262144"
Player connection [37384] Host "[IP] 192.168.86.46 [Port] 0 [Flags] 2 [Guid] 370608275 [EditorId] 370608275 [Version] 1048832 [Id] WindowsEditor(7,DESKTOP-A8ITLFV) [Debug] 1 [PackageName] WindowsEditor [ProjectName] Editor" joined multi-casting on [225.0.0.222:54997]...

Player connection [37384] Host "[IP] 192.168.86.46 [Port] 0 [Flags] 2 [Guid] 370608275 [EditorId] 370608275 [Version] 1048832 [Id] WindowsEditor(7,DESKTOP-A8ITLFV) [Debug] 1 [PackageName] WindowsEditor [ProjectName] Editor" joined alternative multi-casting on [225.0.0.222:34997]...

Refreshing native plugins compatible for Editor in 72.52 ms, found 3 plugins.
Preloading 0 native plugins for Editor in 0.00 ms.
Initialize engine version: 2021.3.18f1 (3129e69bc0c7)
[Subsystems] Discovering subsystems at path E:/Unity/2021.3.18f1/Editor/Data/Resources/UnitySubsystems
[Subsystems] Discovering subsystems at path E:/Midnight-Snack/Midnight Snack/Assets
GfxDevice: creating device client; threaded=0; jobified=0
Direct3D:
    Version:  Direct3D 11.0 [level 11.1]
    Renderer: NVIDIA GeForce RTX 3080 Ti (ID=0x2208)
    Vendor:   NVIDIA
    VRAM:     12100 MB
    Driver:   31.0.15.3179
Initialize mono
Mono path[0] = 'E:/Unity/2021.3.18f1/Editor/Data/Managed'
Mono path[1] = 'E:/Unity/2021.3.18f1/Editor/Data/MonoBleedingEdge/lib/mono/unityjit-win32'
Mono config path = 'E:/Unity/2021.3.18f1/Editor/Data/MonoBleedingEdge/etc'
Using monoOptions --debugger-agent=transport=dt_socket,embedding=1,server=y,suspend=n,address=127.0.0.1:56068
Begin MonoManager ReloadAssembly
Registering precompiled unity dll's ...
Register platform support module: E:/Unity/2021.3.18f1/Editor/Data/PlaybackEngines/WebGLSupport/UnityEditor.WebGL.Extensions.dll
Register platform support module: E:/Unity/2021.3.18f1/Editor/Data/PlaybackEngines/WindowsStandaloneSupport/UnityEditor.WindowsStandalone.Extensions.dll
Registered in 0.002144 seconds.
Native extension for WindowsStandalone target not found
Native extension for WebGL target not found
Refreshing native plugins compatible for Editor in 71.69 ms, found 3 plugins.
Preloading 0 native plugins for Editor in 0.00 ms.
Mono: successfully reloaded assembly
- Completed reload, in  0.486 seconds
Domain Reload Profiling:
	ReloadAssembly (487ms)
		BeginReloadAssembly (49ms)
			ExecutionOrderSort (0ms)
			DisableScriptedObjects (0ms)
			BackupInstance (0ms)
			ReleaseScriptingObjects (0ms)
			CreateAndSetChildDomain (1ms)
		EndReloadAssembly (363ms)
			LoadAssemblies (48ms)
			RebuildTransferFunctionScriptingTraits (0ms)
			SetupTypeCache (74ms)
			ReleaseScriptCaches (0ms)
			RebuildScriptCaches (24ms)
			SetupLoadedEditorAssemblies (230ms)
				LogAssemblyErrors (0ms)
				InitializePlatformSupportModulesInManaged (6ms)
				SetLoadedEditorAssemblies (0ms)
				RefreshPlugins (72ms)
				BeforeProcessingInitializeOnLoad (1ms)
				ProcessInitializeOnLoadAttributes (111ms)
				ProcessInitializeOnLoadMethodAttributes (40ms)
				AfterProcessingInitializeOnLoad (0ms)
				EditorAssembliesLoaded (0ms)
			ExecutionOrderSort2 (0ms)
			AwakeInstancesAfterBackupRestoration (0ms)
Platform modules already initialized, skipping
Registering precompiled user dll's ...
Registered in 0.002974 seconds.
Begin MonoManager ReloadAssembly
Symbol file LoadedFromMemory doesn't match image E:\Midnight-Snack\Midnight Snack\Library\PackageCache\com.unity.visualscripting@1.8.0\Editor\VisualScripting.Core\Dependencies\YamlDotNet\Unity.VisualScripting.YamlDotNet.dll
Symbol file LoadedFromMemory doesn't match image E:\Midnight-Snack\Midnight Snack\Library\PackageCache\com.unity.visualscripting@1.8.0\Editor\VisualScripting.Core\Dependencies\DotNetZip\Unity.VisualScripting.IonicZip.dll
Native extension for WindowsStandalone target not found
Native extension for WebGL target not found
Refreshing native plugins compatible for Editor in 0.93 ms, found 3 plugins.
Preloading 0 native plugins for Editor in 0.00 ms.
Mono: successfully reloaded assembly
- Completed reload, in  0.767 seconds
Domain Reload Profiling:
	ReloadAssembly (767ms)
		BeginReloadAssembly (92ms)
			ExecutionOrderSort (0ms)
			DisableScriptedObjects (4ms)
			BackupInstance (0ms)
			ReleaseScriptingObjects (0ms)
			CreateAndSetChildDomain (17ms)
		EndReloadAssembly (588ms)
			LoadAssemblies (56ms)
			RebuildTransferFunctionScriptingTraits (0ms)
			SetupTypeCache (206ms)
			ReleaseScriptCaches (1ms)
			RebuildScriptCaches (39ms)
			SetupLoadedEditorAssemblies (256ms)
				LogAssemblyErrors (0ms)
				InitializePlatformSupportModulesInManaged (4ms)
				SetLoadedEditorAssemblies (0ms)
				RefreshPlugins (1ms)
				BeforeProcessingInitializeOnLoad (60ms)
				ProcessInitializeOnLoadAttributes (176ms)
				ProcessInitializeOnLoadMethodAttributes (13ms)
				AfterProcessingInitializeOnLoad (2ms)
				EditorAssembliesLoaded (0ms)
			ExecutionOrderSort2 (0ms)
			AwakeInstancesAfterBackupRestoration (4ms)
Platform modules already initialized, skipping
========================================================================
Worker process is ready to serve import requests
Launched and connected shader compiler UnityShaderCompiler.exe after 0.04 seconds
Refreshing native plugins compatible for Editor in 1.67 ms, found 3 plugins.
Preloading 0 native plugins for Editor in 0.00 ms.
Unloading 3048 Unused Serialized files (Serialized files now loaded: 0)
Unloading 23 unused Assets / (87.8 KB). Loaded Objects now: 3530.
Memory consumption went from 122.7 MB to 122.6 MB.
Total: 2.694600 ms (FindLiveObjects: 0.246700 ms CreateObjectMapping: 0.193900 ms MarkObjects: 2.167700 ms  DeleteObjects: 0.085700 ms)

AssetImportParameters requested are different than current active one (requested -> active):
  custom:video-decoder-ogg-theora: a1e56fd34408186e4bbccfd4996cb3dc -> 
  custom:container-muxer-webm: aa71ff27fc2769a1b78a27578f13a17b -> 
  custom:container-demuxer-webm: 4f35f7cbe854078d1ac9338744f61a02 -> 
  custom:video-encoder-webm-vp8: eb34c28f22e8b96e1ab97ce403110664 -> 
  custom:audio-encoder-webm-vorbis: bf7c407c2cedff20999df2af8eb42d56 -> 
  custom:framework-win-MediaFoundation: 216162199b28c13a410421893ffa2e32 -> 
  custom:container-demuxer-ogg: 62fdf1f143b41e24485cea50d1cbac27 -> 
  custom:video-decoder-webm-vp8: 9c59270c3fd7afecdb556c50c9e8de78 -> 
  custom:audio-decoder-ogg-vorbis: bf7c407c2cedff20999df2af8eb42d56 -> 
========================================================================
Received Import Request.
  Time since last request: 953411.947596 seconds.
  path: Assets/Polygon-Houses/Models/Houses/SM_hostel_01_B.fbx
  artifactKey: Guid(38c4992ab571ffc4aa4607612d25ddde) Importer(815301076,1909f56bfc062723c751e8b465ee728b)
Start importing Assets/Polygon-Houses/Models/Houses/SM_hostel_01_B.fbx using Guid(38c4992ab571ffc4aa4607612d25ddde) Importer(815301076,1909f56bfc062723c751e8b465ee728b)  -> (artifact id: 'b4079a1fd30dd6540623027d12463af6') in 0.190118 seconds 
========================================================================
Received Import Request.
  Time since last request: 0.000027 seconds.
  path: Assets/Polygon-Houses/Models/Houses/SM_Motel_01_B.fbx
  artifactKey: Guid(171cb755ecec1d44b83c9300f4785b3c) Importer(815301076,1909f56bfc062723c751e8b465ee728b)
Start importing Assets/Polygon-Houses/Models/Houses/SM_Motel_01_B.fbx using Guid(171cb755ecec1d44b83c9300f4785b3c) Importer(815301076,1909f56bfc062723c751e8b465ee728b)  -> (artifact id: '52866a575a93e0022026635661d3aacc') in 0.029910 seconds 
========================================================================
Received Import Request.
  Time since last request: 0.000031 seconds.
  path: Assets/Polygon-Houses/Models/Street/SM_road_05.fbx
  artifactKey: Guid(eae728b6694a7884ebe4629c2dd5712d) Importer(815301076,1909f56bfc062723c751e8b465ee728b)
Start importing Assets/Polygon-Houses/Models/Street/SM_road_05.fbx using Guid(eae728b6694a7884ebe4629c2dd5712d) Importer(815301076,1909f56bfc062723c751e8b465ee728b)  -> (artifact id: 'ebb65fb05134764ab942ca9c0ac0d2a8') in 0.030508 seconds 
========================================================================
Received Import Request.
  Time since last request: 0.000014 seconds.
  path: Assets/Polygon-Houses/Models/Street/SM_Tree_01_A.fbx
  artifactKey: Guid(6e356d94868752049b20c608c5e71454) Importer(815301076,1909f56bfc062723c751e8b465ee728b)
Start importing Assets/Polygon-Houses/Models/Street/SM_Tree_01_A.fbx using Guid(6e356d94868752049b20c608c5e71454) Importer(815301076,1909f56bfc062723c751e8b465ee728b)  -> (artifact id: '67f102bb14f3aee8fc54e16f81c332e1') in 0.025937 seconds 
========================================================================
Received Import Request.
  Time since last request: 0.000017 seconds.
  path: Assets/Polygon-Houses/Demo_Night_Profiles/SkyNight.mat
  artifactKey: Guid(31196a4f5196b274cbc67023864bc4c2) Importer(815301076,1909f56bfc062723c751e8b465ee728b)
Start importing Assets/Polygon-Houses/Demo_Night_Profiles/SkyNight.mat using Guid(31196a4f5196b274cbc67023864bc4c2) Importer(815301076,1909f56bfc062723c751e8b465ee728b)  -> (artifact id: 'fcfcd554e873ea70bc71fd2c78e61407') in 0.022238 seconds 
========================================================================
Received Import Request.
  Time since last request: 0.000014 seconds.
  path: Assets/Polygon-Houses/Models/Houses/SM_Museum_01_B.fbx
  artifactKey: Guid(1cc685528e5e0bd4187aa16a9df48ef6) Importer(815301076,1909f56bfc062723c751e8b465ee728b)
Start importing Assets/Polygon-Houses/Models/Houses/SM_Museum_01_B.fbx using Guid(1cc685528e5e0bd4187aa16a9df48ef6) Importer(815301076,1909f56bfc062723c751e8b465ee728b)  -> (artifact id: '327d27a8f357677fc292d83b3d77bc7d') in 0.034496 seconds 
========================================================================
Received Import Request.
  Time since last request: 0.000020 seconds.
  path: Assets/Polygon-Houses/Models/Street/SM_sidewalk_02.fbx
  artifactKey: Guid(0def01b57e3e2d34abce7591e4dded77) Importer(815301076,1909f56bfc062723c751e8b465ee728b)
Start importing Assets/Polygon-Houses/Models/Street/SM_sidewalk_02.fbx using Guid(0def01b57e3e2d34abce7591e4dded77) Importer(815301076,1909f56bfc062723c751e8b465ee728b)  -> (artifact id: '46161b609fa4ccd2ca389c655d5081d6') in 0.019395 seconds 
========================================================================
Received Import Request.
  Time since last request: 0.000013 seconds.
  path: Assets/Polygon-City Megapolis/Models/CityProps/SM_Railway_tracks_03.fbx
  artifactKey: Guid(816be6ba60c99f840aa9fda309bfac5a) Importer(815301076,1909f56bfc062723c751e8b465ee728b)
Start importing Assets/Polygon-City Megapolis/Models/CityProps/SM_Railway_tracks_03.fbx using Guid(816be6ba60c99f840aa9fda309bfac5a) Importer(815301076,1909f56bfc062723c751e8b465ee728b)  -> (artifact id: 'd2cdb583b5f48e8e2fbb5496f50b29e0') in 0.030293 seconds 
========================================================================
Received Import Request.
  Time since last request: 0.000015 seconds.
  path: Assets/Polygon-Houses/Models/Houses/SM_Factory_02_B.fbx
  artifactKey: Guid(5e7067f177fdd314790a5d95f2523a90) Importer(815301076,1909f56bfc062723c751e8b465ee728b)
Start importing Assets/Polygon-Houses/Models/Houses/SM_Factory_02_B.fbx using Guid(5e7067f177fdd314790a5d95f2523a90) Importer(815301076,1909f56bfc062723c751e8b465ee728b)  -> (artifact id: '45c1fa3a0c41e205561c7facb5a98102') in 0.035230 seconds 
========================================================================
Received Import Request.
  Time since last request: 0.548942 seconds.
  path: Assets/Polygon-City Megapolis/Materials/WhiteCarLight.mat
  artifactKey: Guid(f4ec2a75d29189849922dac715ea9e1b) Importer(815301076,1909f56bfc062723c751e8b465ee728b)
Start importing Assets/Polygon-City Megapolis/Materials/WhiteCarLight.mat using Guid(f4ec2a75d29189849922dac715ea9e1b) Importer(815301076,1909f56bfc062723c751e8b465ee728b)  -> (artifact id: '588f169add562c41fdb1519bc4a41388') in 0.012241 seconds 
========================================================================
Received Import Request.
  Time since last request: 0.024570 seconds.
  path: Assets/Polygon-City Megapolis/Materials/NightWindowSkyTower.mat
  artifactKey: Guid(302914f8430acfe49bfff4d1ed08739d) Importer(815301076,1909f56bfc062723c751e8b465ee728b)
Start importing Assets/Polygon-City Megapolis/Materials/NightWindowSkyTower.mat using Guid(302914f8430acfe49bfff4d1ed08739d) Importer(815301076,1909f56bfc062723c751e8b465ee728b)  -> (artifact id: '5634fa267a07cd55d5f862efdd54d0a2') in 0.019839 seconds 
========================================================================
Received Import Request.
  Time since last request: 0.000021 seconds.
  path: Assets/Polygon-City Megapolis/Materials/RedCarLight.mat
  artifactKey: Guid(b5a877fd440bdab4a96fa3afddf81dd5) Importer(815301076,1909f56bfc062723c751e8b465ee728b)
Start importing Assets/Polygon-City Megapolis/Materials/RedCarLight.mat using Guid(b5a877fd440bdab4a96fa3afddf81dd5) Importer(815301076,1909f56bfc062723c751e8b465ee728b)  -> (artifact id: '685bad0da8341388dd2805184069fb97') in 0.012783 seconds 
========================================================================
Received Import Request.
  Time since last request: 0.022421 seconds.
  path: Assets/Polygon-City Megapolis/Models/CityProps/SM_brige_04.fbx
  artifactKey: Guid(6816d09e0f1390f41af33c00e636ac08) Importer(815301076,1909f56bfc062723c751e8b465ee728b)
Start importing Assets/Polygon-City Megapolis/Models/CityProps/SM_brige_04.fbx using Guid(6816d09e0f1390f41af33c00e636ac08) Importer(815301076,1909f56bfc062723c751e8b465ee728b)  -> (artifact id: 'e543ed9323137a92fd9d18a48df90d59') in 0.028603 seconds 
========================================================================
Received Import Request.
  Time since last request: 0.000017 seconds.
  path: Assets/Polygon-City Megapolis/Models/CityProps/SM_brige_02.fbx
  artifactKey: Guid(438818579c93ecd47967dc3f95780912) Importer(815301076,1909f56bfc062723c751e8b465ee728b)
Start importing Assets/Polygon-City Megapolis/Models/CityProps/SM_brige_02.fbx using Guid(438818579c93ecd47967dc3f95780912) Importer(815301076,1909f56bfc062723c751e8b465ee728b)  -> (artifact id: '11099f57b04a99be8e5802902fee50de') in 0.023560 seconds 
========================================================================
Received Import Request.
  Time since last request: 0.000019 seconds.
  path: Assets/Polygon-City Megapolis/Models/CityProps/SM_monorail_03_B.fbx
  artifactKey: Guid(4b66df06e6edc7146a61b1ede8781136) Importer(815301076,1909f56bfc062723c751e8b465ee728b)
Start importing Assets/Polygon-City Megapolis/Models/CityProps/SM_monorail_03_B.fbx using Guid(4b66df06e6edc7146a61b1ede8781136) Importer(815301076,1909f56bfc062723c751e8b465ee728b)  -> (artifact id: '94ceb7fcd6c6b28a0bba69bc95945f38') in 0.022814 seconds 
========================================================================
Received Import Request.
  Time since last request: 0.000019 seconds.
  path: Assets/Polygon-City Megapolis/Models/CityProps/SM_brige_03.fbx
  artifactKey: Guid(6cf26b6c7e4e19c4da3309c03f07e0a2) Importer(815301076,1909f56bfc062723c751e8b465ee728b)
Start importing Assets/Polygon-City Megapolis/Models/CityProps/SM_brige_03.fbx using Guid(6cf26b6c7e4e19c4da3309c03f07e0a2) Importer(815301076,1909f56bfc062723c751e8b465ee728b)  -> (artifact id: '9d033f2cb4314e0c7401395cf6857ec9') in 0.028183 seconds 
========================================================================
Received Import Request.
  Time since last request: 0.000016 seconds.
  path: Assets/Polygon-City Megapolis/Models/CityProps/SM_ladder_06_A.fbx
  artifactKey: Guid(074a7298691eed24585b22b74af6934d) Importer(815301076,1909f56bfc062723c751e8b465ee728b)
Start importing Assets/Polygon-City Megapolis/Models/CityProps/SM_ladder_06_A.fbx using Guid(074a7298691eed24585b22b74af6934d) Importer(815301076,1909f56bfc062723c751e8b465ee728b)  -> (artifact id: 'e19bc84c3c7f3b938d1dff161d7d0bb5') in 0.022535 seconds 
========================================================================
Received Import Request.
  Time since last request: 57.179421 seconds.
  path: Packages/com.unity.textmeshpro/Editor Resources/Textures/btn_AlignBottom.psd
  artifactKey: Guid(ca51b19024094d1b87f3e07edb0a75fb) Importer(815301076,1909f56bfc062723c751e8b465ee728b)
Start importing Packages/com.unity.textmeshpro/Editor Resources/Textures/btn_AlignBottom.psd using Guid(ca51b19024094d1b87f3e07edb0a75fb) Importer(815301076,1909f56bfc062723c751e8b465ee728b)  -> (artifact id: '688a0ac957d3505814a3661651efcf76') in 0.038543 seconds 
========================================================================
Received Import Request.
  Time since last request: 0.000019 seconds.
  path: Packages/com.unity.textmeshpro/Editor Resources/Textures/btn_AlignCenter.psd
  artifactKey: Guid(81ed8c76d2bc4a4c95d092c98af4e58f) Importer(815301076,1909f56bfc062723c751e8b465ee728b)
Start importing Packages/com.unity.textmeshpro/Editor Resources/Textures/btn_AlignCenter.psd using Guid(81ed8c76d2bc4a4c95d092c98af4e58f) Importer(815301076,1909f56bfc062723c751e8b465ee728b)  -> (artifact id: 'aede8093aac20b33f19bb27205017204') in 0.014987 seconds 
========================================================================
Received Import Request.
  Time since last request: 0.000014 seconds.
  path: Packages/com.unity.textmeshpro/Editor Resources/Textures/btn_AlignCapLine_Light.psd
  artifactKey: Guid(49679f302ac6408697f6b9314a38985c) Importer(815301076,1909f56bfc062723c751e8b465ee728b)
Start importing Packages/com.unity.textmeshpro/Editor Resources/Textures/btn_AlignCapLine_Light.psd using Guid(49679f302ac6408697f6b9314a38985c) Importer(815301076,1909f56bfc062723c751e8b465ee728b)  -> (artifact id: 'cfe7d1f075d98d33dc2c1ed45056eb5a') in 0.015294 seconds 
========================================================================
Received Import Request.
  Time since last request: 1.937007 seconds.
  path: Packages/com.unity.textmeshpro/Editor Resources/Textures/btn_AlignJustified.psd
  artifactKey: Guid(92027f7f8cfc4feaa477da0dc38d3d46) Importer(815301076,1909f56bfc062723c751e8b465ee728b)
Start importing Packages/com.unity.textmeshpro/Editor Resources/Textures/btn_AlignJustified.psd using Guid(92027f7f8cfc4feaa477da0dc38d3d46) Importer(815301076,1909f56bfc062723c751e8b465ee728b)  -> (artifact id: '88eab5b378584069bfa2518cd079c6d9') in 0.012753 seconds 
Editor requested this worker to shutdown with reason: Scaling down because of idle timeout
AssetImportWorker is now disconnected from the server
Process exiting
Exiting without the bug reporter. Application will terminate with return code 0