Using pre-set license
Built from '2021.3/staging' branch; Version is '2021.3.18f1 (3129e69bc0c7) revision 3221990'; Using compiler version '192829333'; Build Type 'Release'
OS: 'Windows 10  (10.0.19045) 64bit Professional' Language: 'en' Physical Memory: 32689 MB
BatchMode: 1, IsHumanControllingUs: 0, StartBugReporterOnCrash: 0, Is64bit: 1, IsPro: 1

COMMAND LINE ARGUMENTS:
E:\Unity\2021.3.18f1\Editor\Unity.exe
-adb2
-batchMode
-noUpm
-name
AssetImportWorker2
-projectPath
E:/Midnight-Snack/Midnight Snack
-logFile
Logs/AssetImportWorker2.log
-srvPort
60891
Successfully changed project path to: E:/Midnight-Snack/Midnight Snack
E:/Midnight-Snack/Midnight Snack
[UnityMemory] Configuration Parameters - Can be set up in boot.config
    "memorysetup-bucket-allocator-granularity=16"
    "memorysetup-bucket-allocator-bucket-count=8"
    "memorysetup-bucket-allocator-block-size=33554432"
    "memorysetup-bucket-allocator-block-count=8"
    "memorysetup-main-allocator-block-size=16777216"
    "memorysetup-thread-allocator-block-size=16777216"
    "memorysetup-gfx-main-allocator-block-size=16777216"
    "memorysetup-gfx-thread-allocator-block-size=16777216"
    "memorysetup-cache-allocator-block-size=4194304"
    "memorysetup-typetree-allocator-block-size=2097152"
    "memorysetup-profiler-bucket-allocator-granularity=16"
    "memorysetup-profiler-bucket-allocator-bucket-count=8"
    "memorysetup-profiler-bucket-allocator-block-size=33554432"
    "memorysetup-profiler-bucket-allocator-block-count=8"
    "memorysetup-profiler-allocator-block-size=16777216"
    "memorysetup-profiler-editor-allocator-block-size=1048576"
    "memorysetup-temp-allocator-size-main=16777216"
    "memorysetup-job-temp-allocator-block-size=2097152"
    "memorysetup-job-temp-allocator-block-size-background=1048576"
    "memorysetup-job-temp-allocator-reduction-small-platforms=262144"
    "memorysetup-temp-allocator-size-background-worker=32768"
    "memorysetup-temp-allocator-size-job-worker=262144"
    "memorysetup-temp-allocator-size-preload-manager=33554432"
    "memorysetup-temp-allocator-size-nav-mesh-worker=65536"
    "memorysetup-temp-allocator-size-audio-worker=65536"
    "memorysetup-temp-allocator-size-cloud-worker=32768"
    "memorysetup-temp-allocator-size-gi-baking-worker=262144"
    "memorysetup-temp-allocator-size-gfx=262144"
Player connection [49036] Host "[IP] 192.168.86.46 [Port] 0 [Flags] 2 [Guid] 392418540 [EditorId] 392418540 [Version] 1048832 [Id] WindowsEditor(7,DESKTOP-A8ITLFV) [Debug] 1 [PackageName] WindowsEditor [ProjectName] Editor" joined multi-casting on [225.0.0.222:54997]...

Player connection [49036] Host "[IP] 192.168.86.46 [Port] 0 [Flags] 2 [Guid] 392418540 [EditorId] 392418540 [Version] 1048832 [Id] WindowsEditor(7,DESKTOP-A8ITLFV) [Debug] 1 [PackageName] WindowsEditor [ProjectName] Editor" joined alternative multi-casting on [225.0.0.222:34997]...

Refreshing native plugins compatible for Editor in 77.35 ms, found 3 plugins.
Preloading 0 native plugins for Editor in 0.00 ms.
Initialize engine version: 2021.3.18f1 (3129e69bc0c7)
[Subsystems] Discovering subsystems at path E:/Unity/2021.3.18f1/Editor/Data/Resources/UnitySubsystems
[Subsystems] Discovering subsystems at path E:/Midnight-Snack/Midnight Snack/Assets
GfxDevice: creating device client; threaded=0; jobified=0
Direct3D:
    Version:  Direct3D 11.0 [level 11.1]
    Renderer: NVIDIA GeForce RTX 3080 Ti (ID=0x2208)
    Vendor:   NVIDIA
    VRAM:     12100 MB
    Driver:   31.0.15.3179
Initialize mono
Mono path[0] = 'E:/Unity/2021.3.18f1/Editor/Data/Managed'
Mono path[1] = 'E:/Unity/2021.3.18f1/Editor/Data/MonoBleedingEdge/lib/mono/unityjit-win32'
Mono config path = 'E:/Unity/2021.3.18f1/Editor/Data/MonoBleedingEdge/etc'
Using monoOptions --debugger-agent=transport=dt_socket,embedding=1,server=y,suspend=n,address=127.0.0.1:56312
Begin MonoManager ReloadAssembly
Registering precompiled unity dll's ...
Register platform support module: E:/Unity/2021.3.18f1/Editor/Data/PlaybackEngines/WebGLSupport/UnityEditor.WebGL.Extensions.dll
Register platform support module: E:/Unity/2021.3.18f1/Editor/Data/PlaybackEngines/WindowsStandaloneSupport/UnityEditor.WindowsStandalone.Extensions.dll
Registered in 0.002339 seconds.
Native extension for WindowsStandalone target not found
Native extension for WebGL target not found
Refreshing native plugins compatible for Editor in 71.34 ms, found 3 plugins.
Preloading 0 native plugins for Editor in 0.00 ms.
Mono: successfully reloaded assembly
- Completed reload, in  0.454 seconds
Domain Reload Profiling:
	ReloadAssembly (454ms)
		BeginReloadAssembly (48ms)
			ExecutionOrderSort (0ms)
			DisableScriptedObjects (0ms)
			BackupInstance (0ms)
			ReleaseScriptingObjects (0ms)
			CreateAndSetChildDomain (1ms)
		EndReloadAssembly (333ms)
			LoadAssemblies (48ms)
			RebuildTransferFunctionScriptingTraits (0ms)
			SetupTypeCache (72ms)
			ReleaseScriptCaches (0ms)
			RebuildScriptCaches (19ms)
			SetupLoadedEditorAssemblies (208ms)
				LogAssemblyErrors (0ms)
				InitializePlatformSupportModulesInManaged (6ms)
				SetLoadedEditorAssemblies (0ms)
				RefreshPlugins (71ms)
				BeforeProcessingInitializeOnLoad (1ms)
				ProcessInitializeOnLoadAttributes (99ms)
				ProcessInitializeOnLoadMethodAttributes (31ms)
				AfterProcessingInitializeOnLoad (0ms)
				EditorAssembliesLoaded (0ms)
			ExecutionOrderSort2 (0ms)
			AwakeInstancesAfterBackupRestoration (0ms)
Platform modules already initialized, skipping
Registering precompiled user dll's ...
Registered in 0.002597 seconds.
Begin MonoManager ReloadAssembly
Symbol file LoadedFromMemory doesn't match image E:\Midnight-Snack\Midnight Snack\Library\PackageCache\com.unity.visualscripting@1.8.0\Editor\VisualScripting.Core\Dependencies\YamlDotNet\Unity.VisualScripting.YamlDotNet.dll
Symbol file LoadedFromMemory doesn't match image E:\Midnight-Snack\Midnight Snack\Library\PackageCache\com.unity.visualscripting@1.8.0\Editor\VisualScripting.Core\Dependencies\DotNetZip\Unity.VisualScripting.IonicZip.dll
Native extension for WindowsStandalone target not found
Native extension for WebGL target not found
Refreshing native plugins compatible for Editor in 0.88 ms, found 3 plugins.
Preloading 0 native plugins for Editor in 0.00 ms.
Mono: successfully reloaded assembly
- Completed reload, in  0.724 seconds
Domain Reload Profiling:
	ReloadAssembly (725ms)
		BeginReloadAssembly (75ms)
			ExecutionOrderSort (0ms)
			DisableScriptedObjects (5ms)
			BackupInstance (0ms)
			ReleaseScriptingObjects (0ms)
			CreateAndSetChildDomain (16ms)
		EndReloadAssembly (572ms)
			LoadAssemblies (51ms)
			RebuildTransferFunctionScriptingTraits (0ms)
			SetupTypeCache (189ms)
			ReleaseScriptCaches (0ms)
			RebuildScriptCaches (35ms)
			SetupLoadedEditorAssemblies (259ms)
				LogAssemblyErrors (0ms)
				InitializePlatformSupportModulesInManaged (4ms)
				SetLoadedEditorAssemblies (0ms)
				RefreshPlugins (1ms)
				BeforeProcessingInitializeOnLoad (59ms)
				ProcessInitializeOnLoadAttributes (174ms)
				ProcessInitializeOnLoadMethodAttributes (18ms)
				AfterProcessingInitializeOnLoad (2ms)
				EditorAssembliesLoaded (0ms)
			ExecutionOrderSort2 (0ms)
			AwakeInstancesAfterBackupRestoration (7ms)
Platform modules already initialized, skipping
========================================================================
Worker process is ready to serve import requests
Launched and connected shader compiler UnityShaderCompiler.exe after 0.04 seconds
Refreshing native plugins compatible for Editor in 1.29 ms, found 3 plugins.
Preloading 0 native plugins for Editor in 0.00 ms.
Unloading 3048 Unused Serialized files (Serialized files now loaded: 0)
Unloading 23 unused Assets / (87.8 KB). Loaded Objects now: 3530.
Memory consumption went from 122.7 MB to 122.6 MB.
Total: 2.372900 ms (FindLiveObjects: 0.210700 ms CreateObjectMapping: 0.117700 ms MarkObjects: 1.964200 ms  DeleteObjects: 0.079800 ms)

AssetImportParameters requested are different than current active one (requested -> active):
  custom:video-decoder-ogg-theora: a1e56fd34408186e4bbccfd4996cb3dc -> 
  custom:container-muxer-webm: aa71ff27fc2769a1b78a27578f13a17b -> 
  custom:container-demuxer-webm: 4f35f7cbe854078d1ac9338744f61a02 -> 
  custom:video-encoder-webm-vp8: eb34c28f22e8b96e1ab97ce403110664 -> 
  custom:audio-encoder-webm-vorbis: bf7c407c2cedff20999df2af8eb42d56 -> 
  custom:framework-win-MediaFoundation: 216162199b28c13a410421893ffa2e32 -> 
  custom:container-demuxer-ogg: 62fdf1f143b41e24485cea50d1cbac27 -> 
  custom:video-decoder-webm-vp8: 9c59270c3fd7afecdb556c50c9e8de78 -> 
  custom:audio-decoder-ogg-vorbis: bf7c407c2cedff20999df2af8eb42d56 -> 
========================================================================
Received Import Request.
  Time since last request: 950555.302397 seconds.
  path: Assets/Polygon-City Megapolis
  artifactKey: Guid(97f666cff1ae1424aaf18018bd0a9f1a) Importer(815301076,1909f56bfc062723c751e8b465ee728b)
Start importing Assets/Polygon-City Megapolis using Guid(97f666cff1ae1424aaf18018bd0a9f1a) Importer(815301076,1909f56bfc062723c751e8b465ee728b)  -> (artifact id: 'b0610a61f16208fc2a5c3aa2e1608d15') in 0.013502 seconds 
========================================================================
Received Import Request.
  Time since last request: 1.254360 seconds.
  path: Assets/Polygon-City Megapolis/Prefab
  artifactKey: Guid(e8a4552c32d8aba4abb47d8682385ca9) Importer(815301076,1909f56bfc062723c751e8b465ee728b)
Start importing Assets/Polygon-City Megapolis/Prefab using Guid(e8a4552c32d8aba4abb47d8682385ca9) Importer(815301076,1909f56bfc062723c751e8b465ee728b)  -> (artifact id: 'c0aa5256a755b8d28e612f398940de4b') in 0.008320 seconds 
========================================================================
Received Import Request.
  Time since last request: 1.102555 seconds.
  path: Assets/Polygon-City Megapolis/Prefab/Landscape
  artifactKey: Guid(97dea770768b7a84886e135faafc2be4) Importer(815301076,1909f56bfc062723c751e8b465ee728b)
Start importing Assets/Polygon-City Megapolis/Prefab/Landscape using Guid(97dea770768b7a84886e135faafc2be4) Importer(815301076,1909f56bfc062723c751e8b465ee728b)  -> (artifact id: '22db30ec0c5ca3c038b58bfa725e19b5') in 0.009775 seconds 
========================================================================
Received Import Request.
  Time since last request: 0.082124 seconds.
  path: Assets/Polygon-City Megapolis/Prefab/Landscape/SM_bush_01.prefab
  artifactKey: Guid(b54816561aec15c4b987ed624d72d88e) Importer(815301076,1909f56bfc062723c751e8b465ee728b)
Start importing Assets/Polygon-City Megapolis/Prefab/Landscape/SM_bush_01.prefab using Guid(b54816561aec15c4b987ed624d72d88e) Importer(815301076,1909f56bfc062723c751e8b465ee728b)  -> (artifact id: 'b1e1de726252865c447d0c229a88183f') in 0.098062 seconds 
========================================================================
Received Import Request.
  Time since last request: 0.000020 seconds.
  path: Assets/Polygon-City Megapolis/Prefab/Landscape/SM_hight_tree_01.prefab
  artifactKey: Guid(4ed43ab5ff63d7742adf03b92d1bed69) Importer(815301076,1909f56bfc062723c751e8b465ee728b)
Start importing Assets/Polygon-City Megapolis/Prefab/Landscape/SM_hight_tree_01.prefab using Guid(4ed43ab5ff63d7742adf03b92d1bed69) Importer(815301076,1909f56bfc062723c751e8b465ee728b)  -> (artifact id: 'b0687a8a0487c44e8ea2ccc686ce2d54') in 0.011831 seconds 
========================================================================
Received Import Request.
  Time since last request: 0.000017 seconds.
  path: Assets/Polygon-City Megapolis/Prefab/Landscape/SM_hight_tree_06.prefab
  artifactKey: Guid(8cc0a5aa95a9c1747a15ef92c3179300) Importer(815301076,1909f56bfc062723c751e8b465ee728b)
Start importing Assets/Polygon-City Megapolis/Prefab/Landscape/SM_hight_tree_06.prefab using Guid(8cc0a5aa95a9c1747a15ef92c3179300) Importer(815301076,1909f56bfc062723c751e8b465ee728b)  -> (artifact id: 'e82c2c55b1259c288fd876d1c55a4d70') in 0.011129 seconds 
========================================================================
Received Import Request.
  Time since last request: 0.000016 seconds.
  path: Assets/Polygon-City Megapolis/Prefab/Landscape/SM_Land_03_C.prefab
  artifactKey: Guid(9b59013ab762bd1488a33c7fcbae6a9d) Importer(815301076,1909f56bfc062723c751e8b465ee728b)
Start importing Assets/Polygon-City Megapolis/Prefab/Landscape/SM_Land_03_C.prefab using Guid(9b59013ab762bd1488a33c7fcbae6a9d) Importer(815301076,1909f56bfc062723c751e8b465ee728b)  -> (artifact id: 'b3e7a127944f0d0c8a6b4c91b74eab0b') in 0.013603 seconds 
========================================================================
Received Import Request.
  Time since last request: 0.000019 seconds.
  path: Assets/Polygon-City Megapolis/Prefab/Landscape/SM_Land_01.prefab
  artifactKey: Guid(e450f5d9359b64a4b920abe501944d67) Importer(815301076,1909f56bfc062723c751e8b465ee728b)
Start importing Assets/Polygon-City Megapolis/Prefab/Landscape/SM_Land_01.prefab using Guid(e450f5d9359b64a4b920abe501944d67) Importer(815301076,1909f56bfc062723c751e8b465ee728b)  -> (artifact id: '7d1af5aee7c97608479e8cb4387ce907') in 0.014011 seconds 
========================================================================
Received Import Request.
  Time since last request: 0.000018 seconds.
  path: Assets/Polygon-City Megapolis/Prefab/Landscape/SM_Land_04_F.prefab
  artifactKey: Guid(0db944f67cce8d844a9c8587318a1ad1) Importer(815301076,1909f56bfc062723c751e8b465ee728b)
Start importing Assets/Polygon-City Megapolis/Prefab/Landscape/SM_Land_04_F.prefab using Guid(0db944f67cce8d844a9c8587318a1ad1) Importer(815301076,1909f56bfc062723c751e8b465ee728b)  -> (artifact id: '370647822206dc8b5bcb466e9d8ac4e1') in 0.014204 seconds 
========================================================================
Received Import Request.
  Time since last request: 0.000024 seconds.
  path: Assets/Polygon-City Megapolis/Prefab/Landscape/SM_path_03.prefab
  artifactKey: Guid(ee4a0fdda277ec34f8787148e4008dee) Importer(815301076,1909f56bfc062723c751e8b465ee728b)
Start importing Assets/Polygon-City Megapolis/Prefab/Landscape/SM_path_03.prefab using Guid(ee4a0fdda277ec34f8787148e4008dee) Importer(815301076,1909f56bfc062723c751e8b465ee728b)  -> (artifact id: '9941836c06117a638f5632532a72e99e') in 0.014130 seconds 
========================================================================
Received Import Request.
  Time since last request: 0.000015 seconds.
  path: Assets/Polygon-City Megapolis/Prefab/Landscape/SM_river_04.prefab
  artifactKey: Guid(aa83d79f99c1086438ecdbcefaeccd26) Importer(815301076,1909f56bfc062723c751e8b465ee728b)
Start importing Assets/Polygon-City Megapolis/Prefab/Landscape/SM_river_04.prefab using Guid(aa83d79f99c1086438ecdbcefaeccd26) Importer(815301076,1909f56bfc062723c751e8b465ee728b)  -> (artifact id: '9a7f3f48ea8a207cc442bbdfc1015953') in 0.014049 seconds 
========================================================================
Received Import Request.
  Time since last request: 0.000014 seconds.
  path: Assets/Polygon-City Megapolis/Prefab/Landscape/SM_small_tree_01.prefab
  artifactKey: Guid(86012ec779db404489369aa4819e60ba) Importer(815301076,1909f56bfc062723c751e8b465ee728b)
Start importing Assets/Polygon-City Megapolis/Prefab/Landscape/SM_small_tree_01.prefab using Guid(86012ec779db404489369aa4819e60ba) Importer(815301076,1909f56bfc062723c751e8b465ee728b)  -> (artifact id: 'b4b6a975e29a33efea163031acd7c48c') in 0.018321 seconds 
========================================================================
Received Import Request.
  Time since last request: 0.000015 seconds.
  path: Assets/Polygon-City Megapolis/Prefab/Landscape/SM_hight_tree_15.prefab
  artifactKey: Guid(88d4ad8cf2f9db846b039e53eb7902c9) Importer(815301076,1909f56bfc062723c751e8b465ee728b)
Start importing Assets/Polygon-City Megapolis/Prefab/Landscape/SM_hight_tree_15.prefab using Guid(88d4ad8cf2f9db846b039e53eb7902c9) Importer(815301076,1909f56bfc062723c751e8b465ee728b)  -> (artifact id: '2ec1a8710116ab588b0af9173b124391') in 0.012164 seconds 
========================================================================
Received Import Request.
  Time since last request: 0.000016 seconds.
  path: Assets/Polygon-City Megapolis/Prefab/Landscape/SM_high_grass_01.prefab
  artifactKey: Guid(b8c08e9315d806f46a9f92b2de567aec) Importer(815301076,1909f56bfc062723c751e8b465ee728b)
Start importing Assets/Polygon-City Megapolis/Prefab/Landscape/SM_high_grass_01.prefab using Guid(b8c08e9315d806f46a9f92b2de567aec) Importer(815301076,1909f56bfc062723c751e8b465ee728b)  -> (artifact id: 'b887934a6a8dffca9f220004665fa4bf') in 0.025410 seconds 
========================================================================
Received Import Request.
  Time since last request: 0.000015 seconds.
  path: Assets/Polygon-City Megapolis/Prefab/Landscape/SM_path_01.prefab
  artifactKey: Guid(9d57bce50d2bea14e875ede12817e701) Importer(815301076,1909f56bfc062723c751e8b465ee728b)
Start importing Assets/Polygon-City Megapolis/Prefab/Landscape/SM_path_01.prefab using Guid(9d57bce50d2bea14e875ede12817e701) Importer(815301076,1909f56bfc062723c751e8b465ee728b)  -> (artifact id: 'afa0372b9341569b58721e9a901541d0') in 0.016109 seconds 
========================================================================
Received Import Request.
  Time since last request: 0.000018 seconds.
  path: Assets/Polygon-City Megapolis/Prefab/Landscape/SM_log_01.prefab
  artifactKey: Guid(916a5d3f810482d429706bd04c327682) Importer(815301076,1909f56bfc062723c751e8b465ee728b)
Start importing Assets/Polygon-City Megapolis/Prefab/Landscape/SM_log_01.prefab using Guid(916a5d3f810482d429706bd04c327682) Importer(815301076,1909f56bfc062723c751e8b465ee728b)  -> (artifact id: '41dc84f7b5d0413e32175897949a3d37') in 0.011927 seconds 
========================================================================
Received Import Request.
  Time since last request: 0.000018 seconds.
  path: Assets/Polygon-City Megapolis/Prefab/Landscape/SM_Land_03_B.prefab
  artifactKey: Guid(e0ced500c91a3004ba2554b3379bfd7f) Importer(815301076,1909f56bfc062723c751e8b465ee728b)
Start importing Assets/Polygon-City Megapolis/Prefab/Landscape/SM_Land_03_B.prefab using Guid(e0ced500c91a3004ba2554b3379bfd7f) Importer(815301076,1909f56bfc062723c751e8b465ee728b)  -> (artifact id: '99d4639a7643045d6bd61db2a4c8a6ed') in 0.016950 seconds 
========================================================================
Received Import Request.
  Time since last request: 0.000015 seconds.
  path: Assets/Polygon-City Megapolis/Prefab/Landscape/SM_Land_01_A.prefab
  artifactKey: Guid(c9760ba66e615d742b231de746a1f1c7) Importer(815301076,1909f56bfc062723c751e8b465ee728b)
Start importing Assets/Polygon-City Megapolis/Prefab/Landscape/SM_Land_01_A.prefab using Guid(c9760ba66e615d742b231de746a1f1c7) Importer(815301076,1909f56bfc062723c751e8b465ee728b)  -> (artifact id: 'bdaebdd8bd1c83e8cbd6f808dc646681') in 0.016213 seconds 
========================================================================
Received Import Request.
  Time since last request: 0.000016 seconds.
  path: Assets/Polygon-City Megapolis/Prefab/Landscape/SM_ground_01.prefab
  artifactKey: Guid(5ad3552e8d253df4b805e547f5b64ec0) Importer(815301076,1909f56bfc062723c751e8b465ee728b)
Start importing Assets/Polygon-City Megapolis/Prefab/Landscape/SM_ground_01.prefab using Guid(5ad3552e8d253df4b805e547f5b64ec0) Importer(815301076,1909f56bfc062723c751e8b465ee728b)  -> (artifact id: '9b392ade70bd1f427520cd265498cf0b') in 0.016346 seconds 
========================================================================
Received Import Request.
  Time since last request: 0.000015 seconds.
  path: Assets/Polygon-City Megapolis/Prefab/Landscape/SM_high_grass_09.prefab
  artifactKey: Guid(add31b0da1ce9da469ce2a5dda8d50c1) Importer(815301076,1909f56bfc062723c751e8b465ee728b)
Start importing Assets/Polygon-City Megapolis/Prefab/Landscape/SM_high_grass_09.prefab using Guid(add31b0da1ce9da469ce2a5dda8d50c1) Importer(815301076,1909f56bfc062723c751e8b465ee728b)  -> (artifact id: '199637cdf6e05d8fc90b5d88d7477bc4') in 0.012843 seconds 
========================================================================
Received Import Request.
  Time since last request: 0.000017 seconds.
  path: Assets/Polygon-City Megapolis/Prefab/Landscape/SM_hight_tree_18.prefab
  artifactKey: Guid(f184427f89bf3c4479bc3dc0f7eff6d7) Importer(815301076,1909f56bfc062723c751e8b465ee728b)
Start importing Assets/Polygon-City Megapolis/Prefab/Landscape/SM_hight_tree_18.prefab using Guid(f184427f89bf3c4479bc3dc0f7eff6d7) Importer(815301076,1909f56bfc062723c751e8b465ee728b)  -> (artifact id: '08deacedd16252309c0dfaa39fa8ffc1') in 0.020350 seconds 
========================================================================
Received Import Request.
  Time since last request: 0.000035 seconds.
  path: Assets/Polygon-City Megapolis/Prefab/Landscape/SM_ground_03.prefab
  artifactKey: Guid(45657ccd4f2c1a84f99f790672e61ede) Importer(815301076,1909f56bfc062723c751e8b465ee728b)
Start importing Assets/Polygon-City Megapolis/Prefab/Landscape/SM_ground_03.prefab using Guid(45657ccd4f2c1a84f99f790672e61ede) Importer(815301076,1909f56bfc062723c751e8b465ee728b)  -> (artifact id: '3b8cc1abb67783d78f12ae7209a6fef8') in 0.015889 seconds 
========================================================================
Received Import Request.
  Time since last request: 0.000024 seconds.
  path: Assets/Polygon-City Megapolis/Prefab/Landscape/SM_hight_tree_04.prefab
  artifactKey: Guid(2403b9fd1648458468cdef29f8d52984) Importer(815301076,1909f56bfc062723c751e8b465ee728b)
Start importing Assets/Polygon-City Megapolis/Prefab/Landscape/SM_hight_tree_04.prefab using Guid(2403b9fd1648458468cdef29f8d52984) Importer(815301076,1909f56bfc062723c751e8b465ee728b)  -> (artifact id: 'ab19a8d2d1eb1e2f177dc437c6eeb8aa') in 0.014160 seconds 
========================================================================
Received Import Request.
  Time since last request: 0.000016 seconds.
  path: Assets/Polygon-City Megapolis/Prefab/Landscape/SM_ground_06.prefab
  artifactKey: Guid(564505538b67f4a4e9a559e2308ddcd3) Importer(815301076,1909f56bfc062723c751e8b465ee728b)
Start importing Assets/Polygon-City Megapolis/Prefab/Landscape/SM_ground_06.prefab using Guid(564505538b67f4a4e9a559e2308ddcd3) Importer(815301076,1909f56bfc062723c751e8b465ee728b)  -> (artifact id: '323a475a912a63807b47469f528b034b') in 0.015368 seconds 
========================================================================
Received Import Request.
  Time since last request: 0.000015 seconds.
  path: Assets/Polygon-City Megapolis/Prefab/Landscape/SM_Land_02_D.prefab
  artifactKey: Guid(e899e8f3356cadb4192fb523fed090b6) Importer(815301076,1909f56bfc062723c751e8b465ee728b)
Start importing Assets/Polygon-City Megapolis/Prefab/Landscape/SM_Land_02_D.prefab using Guid(e899e8f3356cadb4192fb523fed090b6) Importer(815301076,1909f56bfc062723c751e8b465ee728b)  -> (artifact id: 'fef2a5524bb0963eeaf1a6c2d50ac945') in 0.015729 seconds 
========================================================================
Received Import Request.
  Time since last request: 0.000021 seconds.
  path: Assets/Polygon-City Megapolis/Prefab/Landscape/SM_hight_tree_09.prefab
  artifactKey: Guid(2a5b7a0731a73d94fa8279e9948d69f3) Importer(815301076,1909f56bfc062723c751e8b465ee728b)
Start importing Assets/Polygon-City Megapolis/Prefab/Landscape/SM_hight_tree_09.prefab using Guid(2a5b7a0731a73d94fa8279e9948d69f3) Importer(815301076,1909f56bfc062723c751e8b465ee728b)  -> (artifact id: '208d6bc2e1bc07ae84d8026a867f2697') in 0.013092 seconds 
========================================================================
Received Import Request.
  Time since last request: 6.502848 seconds.
  path: Assets/Polygon-City Megapolis/Prefab/Landscape/SM_small_tree_03.prefab
  artifactKey: Guid(a5bacb7414b2dce428aa47a359aea06d) Importer(815301076,1909f56bfc062723c751e8b465ee728b)
Start importing Assets/Polygon-City Megapolis/Prefab/Landscape/SM_small_tree_03.prefab using Guid(a5bacb7414b2dce428aa47a359aea06d) Importer(815301076,1909f56bfc062723c751e8b465ee728b)  -> (artifact id: '47adbb311efceebe989ac74567c94ab0') in 0.027267 seconds 
========================================================================
Received Import Request.
  Time since last request: 0.000019 seconds.
  path: Assets/Polygon-City Megapolis/Prefab/Landscape/SM_stone_04.prefab
  artifactKey: Guid(4d9f1bd66c756bb4dae804a7ff9e8fea) Importer(815301076,1909f56bfc062723c751e8b465ee728b)
Start importing Assets/Polygon-City Megapolis/Prefab/Landscape/SM_stone_04.prefab using Guid(4d9f1bd66c756bb4dae804a7ff9e8fea) Importer(815301076,1909f56bfc062723c751e8b465ee728b)  -> (artifact id: '8af50c9aa53fdab22b865565567f89c0') in 0.012134 seconds 
========================================================================
Received Import Request.
  Time since last request: 0.000016 seconds.
  path: Assets/Polygon-City Megapolis/Prefab/Landscape/SM_stone_01.prefab
  artifactKey: Guid(eabe9ccec22cf8c4eac62a8478368f13) Importer(815301076,1909f56bfc062723c751e8b465ee728b)
Start importing Assets/Polygon-City Megapolis/Prefab/Landscape/SM_stone_01.prefab using Guid(eabe9ccec22cf8c4eac62a8478368f13) Importer(815301076,1909f56bfc062723c751e8b465ee728b)  -> (artifact id: '8b8f93f2f523e1355af68ca71d52f0a0') in 0.017221 seconds 
========================================================================
Received Import Request.
  Time since last request: 0.000018 seconds.
  path: Assets/Polygon-City Megapolis/Prefab/Landscape/SM_tall_plant_02.prefab
  artifactKey: Guid(9775ab39708c46843bb4282b5231ae25) Importer(815301076,1909f56bfc062723c751e8b465ee728b)
Start importing Assets/Polygon-City Megapolis/Prefab/Landscape/SM_tall_plant_02.prefab using Guid(9775ab39708c46843bb4282b5231ae25) Importer(815301076,1909f56bfc062723c751e8b465ee728b)  -> (artifact id: 'd43bbb15a446f7da93f616ff4105f0b7') in 0.012132 seconds 
========================================================================
Received Import Request.
  Time since last request: 0.000016 seconds.
  path: Assets/Polygon-City Megapolis/Prefab/Landscape/SM_water_lily.prefab
  artifactKey: Guid(e99967bfe898634409688522780e73f4) Importer(815301076,1909f56bfc062723c751e8b465ee728b)
Start importing Assets/Polygon-City Megapolis/Prefab/Landscape/SM_water_lily.prefab using Guid(e99967bfe898634409688522780e73f4) Importer(815301076,1909f56bfc062723c751e8b465ee728b)  -> (artifact id: 'aa6daf8c460ed0299711df89c78f5364') in 0.015273 seconds 
