Using pre-set license
Built from '2021.3/staging' branch; Version is '2021.3.18f1 (3129e69bc0c7) revision 3221990'; Using compiler version '192829333'; Build Type 'Release'
OS: 'Windows 10  (10.0.19045) 64bit Professional' Language: 'en' Physical Memory: 32689 MB
BatchMode: 1, IsHumanControllingUs: 0, StartBugReporterOnCrash: 0, Is64bit: 1, IsPro: 1

COMMAND LINE ARGUMENTS:
E:\Unity\2021.3.18f1\Editor\Unity.exe
-adb2
-batchMode
-noUpm
-name
AssetImportWorker11
-projectPath
E:/Midnight-Snack/Midnight Snack
-logFile
Logs/AssetImportWorker11.log
-srvPort
50307
Successfully changed project path to: E:/Midnight-Snack/Midnight Snack
E:/Midnight-Snack/Midnight Snack
[UnityMemory] Configuration Parameters - Can be set up in boot.config
    "memorysetup-bucket-allocator-granularity=16"
    "memorysetup-bucket-allocator-bucket-count=8"
    "memorysetup-bucket-allocator-block-size=33554432"
    "memorysetup-bucket-allocator-block-count=8"
    "memorysetup-main-allocator-block-size=16777216"
    "memorysetup-thread-allocator-block-size=16777216"
    "memorysetup-gfx-main-allocator-block-size=16777216"
    "memorysetup-gfx-thread-allocator-block-size=16777216"
    "memorysetup-cache-allocator-block-size=4194304"
    "memorysetup-typetree-allocator-block-size=2097152"
    "memorysetup-profiler-bucket-allocator-granularity=16"
    "memorysetup-profiler-bucket-allocator-bucket-count=8"
    "memorysetup-profiler-bucket-allocator-block-size=33554432"
    "memorysetup-profiler-bucket-allocator-block-count=8"
    "memorysetup-profiler-allocator-block-size=16777216"
    "memorysetup-profiler-editor-allocator-block-size=1048576"
    "memorysetup-temp-allocator-size-main=16777216"
    "memorysetup-job-temp-allocator-block-size=2097152"
    "memorysetup-job-temp-allocator-block-size-background=1048576"
    "memorysetup-job-temp-allocator-reduction-small-platforms=262144"
    "memorysetup-temp-allocator-size-background-worker=32768"
    "memorysetup-temp-allocator-size-job-worker=262144"
    "memorysetup-temp-allocator-size-preload-manager=33554432"
    "memorysetup-temp-allocator-size-nav-mesh-worker=65536"
    "memorysetup-temp-allocator-size-audio-worker=65536"
    "memorysetup-temp-allocator-size-cloud-worker=32768"
    "memorysetup-temp-allocator-size-gi-baking-worker=262144"
    "memorysetup-temp-allocator-size-gfx=262144"
Player connection [46760] Host "[IP] 192.168.86.46 [Port] 0 [Flags] 2 [Guid] 3047059807 [EditorId] 3047059807 [Version] 1048832 [Id] WindowsEditor(7,DESKTOP-A8ITLFV) [Debug] 1 [PackageName] WindowsEditor [ProjectName] Editor" joined multi-casting on [225.0.0.222:54997]...

Player connection [46760] Host "[IP] 192.168.86.46 [Port] 0 [Flags] 2 [Guid] 3047059807 [EditorId] 3047059807 [Version] 1048832 [Id] WindowsEditor(7,DESKTOP-A8ITLFV) [Debug] 1 [PackageName] WindowsEditor [ProjectName] Editor" joined alternative multi-casting on [225.0.0.222:34997]...

Refreshing native plugins compatible for Editor in 80.99 ms, found 3 plugins.
Preloading 0 native plugins for Editor in 0.00 ms.
Initialize engine version: 2021.3.18f1 (3129e69bc0c7)
[Subsystems] Discovering subsystems at path E:/Unity/2021.3.18f1/Editor/Data/Resources/UnitySubsystems
[Subsystems] Discovering subsystems at path E:/Midnight-Snack/Midnight Snack/Assets
GfxDevice: creating device client; threaded=0; jobified=0
Direct3D:
    Version:  Direct3D 11.0 [level 11.1]
    Renderer: NVIDIA GeForce RTX 3080 Ti (ID=0x2208)
    Vendor:   NVIDIA
    VRAM:     12100 MB
    Driver:   31.0.15.3179
Initialize mono
Mono path[0] = 'E:/Unity/2021.3.18f1/Editor/Data/Managed'
Mono path[1] = 'E:/Unity/2021.3.18f1/Editor/Data/MonoBleedingEdge/lib/mono/unityjit-win32'
Mono config path = 'E:/Unity/2021.3.18f1/Editor/Data/MonoBleedingEdge/etc'
Using monoOptions --debugger-agent=transport=dt_socket,embedding=1,server=y,suspend=n,address=127.0.0.1:56624
Begin MonoManager ReloadAssembly
Registering precompiled unity dll's ...
Register platform support module: E:/Unity/2021.3.18f1/Editor/Data/PlaybackEngines/WebGLSupport/UnityEditor.WebGL.Extensions.dll
Register platform support module: E:/Unity/2021.3.18f1/Editor/Data/PlaybackEngines/WindowsStandaloneSupport/UnityEditor.WindowsStandalone.Extensions.dll
Registered in 0.002030 seconds.
Native extension for WindowsStandalone target not found
Native extension for WebGL target not found
Refreshing native plugins compatible for Editor in 73.75 ms, found 3 plugins.
Preloading 0 native plugins for Editor in 0.00 ms.
Mono: successfully reloaded assembly
- Completed reload, in  0.457 seconds
Domain Reload Profiling:
	ReloadAssembly (458ms)
		BeginReloadAssembly (48ms)
			ExecutionOrderSort (0ms)
			DisableScriptedObjects (0ms)
			BackupInstance (0ms)
			ReleaseScriptingObjects (0ms)
			CreateAndSetChildDomain (1ms)
		EndReloadAssembly (339ms)
			LoadAssemblies (47ms)
			RebuildTransferFunctionScriptingTraits (0ms)
			SetupTypeCache (70ms)
			ReleaseScriptCaches (0ms)
			RebuildScriptCaches (18ms)
			SetupLoadedEditorAssemblies (217ms)
				LogAssemblyErrors (0ms)
				InitializePlatformSupportModulesInManaged (5ms)
				SetLoadedEditorAssemblies (0ms)
				RefreshPlugins (74ms)
				BeforeProcessingInitializeOnLoad (1ms)
				ProcessInitializeOnLoadAttributes (105ms)
				ProcessInitializeOnLoadMethodAttributes (32ms)
				AfterProcessingInitializeOnLoad (0ms)
				EditorAssembliesLoaded (0ms)
			ExecutionOrderSort2 (0ms)
			AwakeInstancesAfterBackupRestoration (0ms)
Platform modules already initialized, skipping
Registering precompiled user dll's ...
Registered in 0.002638 seconds.
Begin MonoManager ReloadAssembly
Symbol file LoadedFromMemory doesn't match image E:\Midnight-Snack\Midnight Snack\Library\PackageCache\com.unity.visualscripting@1.8.0\Editor\VisualScripting.Core\Dependencies\YamlDotNet\Unity.VisualScripting.YamlDotNet.dll
Symbol file LoadedFromMemory doesn't match image E:\Midnight-Snack\Midnight Snack\Library\PackageCache\com.unity.visualscripting@1.8.0\Editor\VisualScripting.Core\Dependencies\DotNetZip\Unity.VisualScripting.IonicZip.dll
Native extension for WindowsStandalone target not found
Native extension for WebGL target not found
Refreshing native plugins compatible for Editor in 0.84 ms, found 3 plugins.
Preloading 0 native plugins for Editor in 0.00 ms.
Mono: successfully reloaded assembly
- Completed reload, in  0.658 seconds
Domain Reload Profiling:
	ReloadAssembly (659ms)
		BeginReloadAssembly (76ms)
			ExecutionOrderSort (0ms)
			DisableScriptedObjects (5ms)
			BackupInstance (0ms)
			ReleaseScriptingObjects (0ms)
			CreateAndSetChildDomain (16ms)
		EndReloadAssembly (508ms)
			LoadAssemblies (50ms)
			RebuildTransferFunctionScriptingTraits (0ms)
			SetupTypeCache (168ms)
			ReleaseScriptCaches (0ms)
			RebuildScriptCaches (32ms)
			SetupLoadedEditorAssemblies (234ms)
				LogAssemblyErrors (0ms)
				InitializePlatformSupportModulesInManaged (4ms)
				SetLoadedEditorAssemblies (0ms)
				RefreshPlugins (1ms)
				BeforeProcessingInitializeOnLoad (55ms)
				ProcessInitializeOnLoadAttributes (159ms)
				ProcessInitializeOnLoadMethodAttributes (13ms)
				AfterProcessingInitializeOnLoad (2ms)
				EditorAssembliesLoaded (0ms)
			ExecutionOrderSort2 (0ms)
			AwakeInstancesAfterBackupRestoration (4ms)
Platform modules already initialized, skipping
========================================================================
Worker process is ready to serve import requests
Launched and connected shader compiler UnityShaderCompiler.exe after 0.05 seconds
Refreshing native plugins compatible for Editor in 0.83 ms, found 3 plugins.
Preloading 0 native plugins for Editor in 0.00 ms.
Unloading 3048 Unused Serialized files (Serialized files now loaded: 0)
Unloading 23 unused Assets / (87.8 KB). Loaded Objects now: 3530.
Memory consumption went from 122.7 MB to 122.6 MB.
Total: 2.353900 ms (FindLiveObjects: 0.205600 ms CreateObjectMapping: 0.107000 ms MarkObjects: 1.968200 ms  DeleteObjects: 0.072300 ms)

AssetImportParameters requested are different than current active one (requested -> active):
  custom:video-decoder-ogg-theora: a1e56fd34408186e4bbccfd4996cb3dc -> 
  custom:container-muxer-webm: aa71ff27fc2769a1b78a27578f13a17b -> 
  custom:container-demuxer-webm: 4f35f7cbe854078d1ac9338744f61a02 -> 
  custom:video-encoder-webm-vp8: eb34c28f22e8b96e1ab97ce403110664 -> 
  custom:audio-encoder-webm-vorbis: bf7c407c2cedff20999df2af8eb42d56 -> 
  custom:framework-win-MediaFoundation: 216162199b28c13a410421893ffa2e32 -> 
  custom:container-demuxer-ogg: 62fdf1f143b41e24485cea50d1cbac27 -> 
  custom:video-decoder-webm-vp8: 9c59270c3fd7afecdb556c50c9e8de78 -> 
  custom:audio-decoder-ogg-vorbis: bf7c407c2cedff20999df2af8eb42d56 -> 
========================================================================
Received Import Request.
  Time since last request: 876122.117194 seconds.
  path: Assets/Polygon-City Megapolis/Prefab/Fence
  artifactKey: Guid(e41c57e9ce34a2243a6f35e754649f6d) Importer(815301076,1909f56bfc062723c751e8b465ee728b)
Start importing Assets/Polygon-City Megapolis/Prefab/Fence using Guid(e41c57e9ce34a2243a6f35e754649f6d) Importer(815301076,1909f56bfc062723c751e8b465ee728b)  -> (artifact id: '79a6ff118de63d302999cf05aa9f6b46') in 0.014807 seconds 
========================================================================
Received Import Request.
  Time since last request: 0.095218 seconds.
  path: Assets/Polygon-City Megapolis/Prefab/Fence/SM_fence_01_A.prefab
  artifactKey: Guid(8e33b447c39dca74a86895a13c38c2bb) Importer(815301076,1909f56bfc062723c751e8b465ee728b)
Start importing Assets/Polygon-City Megapolis/Prefab/Fence/SM_fence_01_A.prefab using Guid(8e33b447c39dca74a86895a13c38c2bb) Importer(815301076,1909f56bfc062723c751e8b465ee728b)  -> (artifact id: '6a788daa00756d6f849ffa4b32ec8a94') in 0.119050 seconds 
========================================================================
Received Import Request.
  Time since last request: 0.000021 seconds.
  path: Assets/Polygon-City Megapolis/Prefab/Fence/SM_fence_010.prefab
  artifactKey: Guid(586de64cb709f954a98b349f1570d340) Importer(815301076,1909f56bfc062723c751e8b465ee728b)
Start importing Assets/Polygon-City Megapolis/Prefab/Fence/SM_fence_010.prefab using Guid(586de64cb709f954a98b349f1570d340) Importer(815301076,1909f56bfc062723c751e8b465ee728b)  -> (artifact id: 'e30601760ca5d4680c9127759694dd90') in 0.022041 seconds 
========================================================================
Received Import Request.
  Time since last request: 0.000025 seconds.
  path: Assets/Polygon-City Megapolis/Prefab/Fence/SM_fence_05_B.prefab
  artifactKey: Guid(ebd84cc53764c814ab0e8199e1dc5f36) Importer(815301076,1909f56bfc062723c751e8b465ee728b)
Start importing Assets/Polygon-City Megapolis/Prefab/Fence/SM_fence_05_B.prefab using Guid(ebd84cc53764c814ab0e8199e1dc5f36) Importer(815301076,1909f56bfc062723c751e8b465ee728b)  -> (artifact id: '13229fc81df75a60f078a8d4f70c4a05') in 0.028680 seconds 
========================================================================
Received Import Request.
  Time since last request: 0.000015 seconds.
  path: Assets/Polygon-City Megapolis/Prefab/Fence/SM_fence_04_B.prefab
  artifactKey: Guid(2bd9148cfc11c214a9029d34b6b8444c) Importer(815301076,1909f56bfc062723c751e8b465ee728b)
Start importing Assets/Polygon-City Megapolis/Prefab/Fence/SM_fence_04_B.prefab using Guid(2bd9148cfc11c214a9029d34b6b8444c) Importer(815301076,1909f56bfc062723c751e8b465ee728b)  -> (artifact id: 'b6a00492920c6b8bccb228f595fb206d') in 0.021168 seconds 
========================================================================
Received Import Request.
  Time since last request: 0.000014 seconds.
  path: Assets/Polygon-City Megapolis/Prefab/Fence/SM_fence_06_B.prefab
  artifactKey: Guid(38e8494099a0e35428da1b752d31f73a) Importer(815301076,1909f56bfc062723c751e8b465ee728b)
Start importing Assets/Polygon-City Megapolis/Prefab/Fence/SM_fence_06_B.prefab using Guid(38e8494099a0e35428da1b752d31f73a) Importer(815301076,1909f56bfc062723c751e8b465ee728b)  -> (artifact id: '04bc5578ca63f0159457a53930870ef7') in 0.014089 seconds 
========================================================================
Received Import Request.
  Time since last request: 0.000017 seconds.
  path: Assets/Polygon-City Megapolis/Prefab/Fence/SM_fence_011_A.prefab
  artifactKey: Guid(8f9f5dafb59872b418d12a20104535d8) Importer(815301076,1909f56bfc062723c751e8b465ee728b)
Start importing Assets/Polygon-City Megapolis/Prefab/Fence/SM_fence_011_A.prefab using Guid(8f9f5dafb59872b418d12a20104535d8) Importer(815301076,1909f56bfc062723c751e8b465ee728b)  -> (artifact id: '8e8d53c57e73e563ace046f9e2411de3') in 0.050408 seconds 
========================================================================
Received Import Request.
  Time since last request: 1409.028628 seconds.
  path: Assets/Polygon-City Megapolis/Prefab/Buildings
  artifactKey: Guid(06a075fdb5828fd40a8dc734b0f4eb5a) Importer(815301076,1909f56bfc062723c751e8b465ee728b)
Start importing Assets/Polygon-City Megapolis/Prefab/Buildings using Guid(06a075fdb5828fd40a8dc734b0f4eb5a) Importer(815301076,1909f56bfc062723c751e8b465ee728b)  -> (artifact id: 'fc9601941b21f6cded825893100945ac') in 0.009941 seconds 
========================================================================
Received Import Request.
  Time since last request: 0.058935 seconds.
  path: Assets/Polygon-City Megapolis/Prefab/Buildings/SM_cottage_01.prefab
  artifactKey: Guid(90b158eba693a484e8f5dd2ca8ad0984) Importer(815301076,1909f56bfc062723c751e8b465ee728b)
Start importing Assets/Polygon-City Megapolis/Prefab/Buildings/SM_cottage_01.prefab using Guid(90b158eba693a484e8f5dd2ca8ad0984) Importer(815301076,1909f56bfc062723c751e8b465ee728b)  -> (artifact id: '81f26b4781ef4c1e54578cf5e598ef8c') in 0.016500 seconds 
========================================================================
Received Import Request.
  Time since last request: 0.000023 seconds.
  path: Assets/Polygon-City Megapolis/Prefab/Buildings/SM_ordinary_houses_02.prefab
  artifactKey: Guid(8fd40e5baaa6f2d4daf2c72db86007fd) Importer(815301076,1909f56bfc062723c751e8b465ee728b)
Start importing Assets/Polygon-City Megapolis/Prefab/Buildings/SM_ordinary_houses_02.prefab using Guid(8fd40e5baaa6f2d4daf2c72db86007fd) Importer(815301076,1909f56bfc062723c751e8b465ee728b)  -> (artifact id: '8dbcf2233c5c8c3a7ba305615e4f9979') in 0.018606 seconds 
========================================================================
Received Import Request.
  Time since last request: 0.000019 seconds.
  path: Assets/Polygon-City Megapolis/Prefab/Buildings/SM_ordinary_houses_03.prefab
  artifactKey: Guid(4b5491052fb155b4abe4ed7d5315f0a1) Importer(815301076,1909f56bfc062723c751e8b465ee728b)
Start importing Assets/Polygon-City Megapolis/Prefab/Buildings/SM_ordinary_houses_03.prefab using Guid(4b5491052fb155b4abe4ed7d5315f0a1) Importer(815301076,1909f56bfc062723c751e8b465ee728b)  -> (artifact id: '992a90d6af09d21910610cd7f5d9827d') in 0.015329 seconds 
========================================================================
Received Import Request.
  Time since last request: 0.000017 seconds.
  path: Assets/Polygon-City Megapolis/Prefab/Buildings/SM_House_05.prefab
  artifactKey: Guid(c7eb5f7fd68ac3842b9669ffee4513ee) Importer(815301076,1909f56bfc062723c751e8b465ee728b)
Start importing Assets/Polygon-City Megapolis/Prefab/Buildings/SM_House_05.prefab using Guid(c7eb5f7fd68ac3842b9669ffee4513ee) Importer(815301076,1909f56bfc062723c751e8b465ee728b)  -> (artifact id: 'dcf6da8cefc7a2a3c93d5253d60ed32e') in 0.020888 seconds 
========================================================================
Received Import Request.
  Time since last request: 0.000018 seconds.
  path: Assets/Polygon-City Megapolis/Prefab/Buildings/SM_cottage_03.prefab
  artifactKey: Guid(df1b9cd7a2186f44babf26539da700ed) Importer(815301076,1909f56bfc062723c751e8b465ee728b)
Start importing Assets/Polygon-City Megapolis/Prefab/Buildings/SM_cottage_03.prefab using Guid(df1b9cd7a2186f44babf26539da700ed) Importer(815301076,1909f56bfc062723c751e8b465ee728b)  -> (artifact id: 'f6460ea3682e72f289d9e7d8059b6c3d') in 0.018519 seconds 
========================================================================
Received Import Request.
  Time since last request: 0.000022 seconds.
  path: Assets/Polygon-City Megapolis/Prefab/Buildings/SM_cottage_05.prefab
  artifactKey: Guid(115649458b6f3b146b1e60af7d870c03) Importer(815301076,1909f56bfc062723c751e8b465ee728b)
Start importing Assets/Polygon-City Megapolis/Prefab/Buildings/SM_cottage_05.prefab using Guid(115649458b6f3b146b1e60af7d870c03) Importer(815301076,1909f56bfc062723c751e8b465ee728b)  -> (artifact id: 'ad15de3c5eea2de447d6c8cdc4c9a599') in 0.020885 seconds 
========================================================================
Received Import Request.
  Time since last request: 0.000015 seconds.
  path: Assets/Polygon-City Megapolis/Prefab/Buildings/SM_House_01.prefab
  artifactKey: Guid(b2f81d16f96cb5848a3b96a53f10c1ef) Importer(815301076,1909f56bfc062723c751e8b465ee728b)
Start importing Assets/Polygon-City Megapolis/Prefab/Buildings/SM_House_01.prefab using Guid(b2f81d16f96cb5848a3b96a53f10c1ef) Importer(815301076,1909f56bfc062723c751e8b465ee728b)  -> (artifact id: 'cd5b0e1bd1ac474fcae6a6082b2f1411') in 0.016163 seconds 
========================================================================
Received Import Request.
  Time since last request: 0.000016 seconds.
  path: Assets/Polygon-City Megapolis/Prefab/Buildings/SM_infrastructure_buildings_07.prefab
  artifactKey: Guid(6c157121597dc7c49bb36ffd0479fd7b) Importer(815301076,1909f56bfc062723c751e8b465ee728b)
Start importing Assets/Polygon-City Megapolis/Prefab/Buildings/SM_infrastructure_buildings_07.prefab using Guid(6c157121597dc7c49bb36ffd0479fd7b) Importer(815301076,1909f56bfc062723c751e8b465ee728b)  -> (artifact id: 'feb860ce1148c26f553d71753579fcac') in 0.016574 seconds 
========================================================================
Received Import Request.
  Time since last request: 0.000015 seconds.
  path: Assets/Polygon-City Megapolis/Prefab/Buildings/SM_infrastructure_buildings_012.prefab
  artifactKey: Guid(d21ac077803165b46805b59ba7d3758d) Importer(815301076,1909f56bfc062723c751e8b465ee728b)
Start importing Assets/Polygon-City Megapolis/Prefab/Buildings/SM_infrastructure_buildings_012.prefab using Guid(d21ac077803165b46805b59ba7d3758d) Importer(815301076,1909f56bfc062723c751e8b465ee728b)  -> (artifact id: 'f2ae6f3f17f85189c4775f6fe7f6c53a') in 0.027060 seconds 
========================================================================
Received Import Request.
  Time since last request: 0.000018 seconds.
  path: Assets/Polygon-City Megapolis/Prefab/Buildings/SM_skyscraper_06.prefab
  artifactKey: Guid(3cbbd50e1fa321545a3b0ba22c43e2f2) Importer(815301076,1909f56bfc062723c751e8b465ee728b)
Start importing Assets/Polygon-City Megapolis/Prefab/Buildings/SM_skyscraper_06.prefab using Guid(3cbbd50e1fa321545a3b0ba22c43e2f2) Importer(815301076,1909f56bfc062723c751e8b465ee728b)  -> (artifact id: 'bf1a474bf1e4dc5c34bbded2e543d83e') in 0.026440 seconds 
========================================================================
Received Import Request.
  Time since last request: 0.000021 seconds.
  path: Assets/Polygon-City Megapolis/Prefab/Buildings/SM_House_02.prefab
  artifactKey: Guid(62ac317ae6d7b9b4e808d4143df491e2) Importer(815301076,1909f56bfc062723c751e8b465ee728b)
Start importing Assets/Polygon-City Megapolis/Prefab/Buildings/SM_House_02.prefab using Guid(62ac317ae6d7b9b4e808d4143df491e2) Importer(815301076,1909f56bfc062723c751e8b465ee728b)  -> (artifact id: '4038fb4c7c4f6d1454db1b9bd664a978') in 0.017167 seconds 
========================================================================
Received Import Request.
  Time since last request: 0.000015 seconds.
  path: Assets/Polygon-City Megapolis/Prefab/Buildings/SM_infrastructure_buildings_09.prefab
  artifactKey: Guid(4f95fc24228d7704d8084bc243b0272c) Importer(815301076,1909f56bfc062723c751e8b465ee728b)
Start importing Assets/Polygon-City Megapolis/Prefab/Buildings/SM_infrastructure_buildings_09.prefab using Guid(4f95fc24228d7704d8084bc243b0272c) Importer(815301076,1909f56bfc062723c751e8b465ee728b)  -> (artifact id: 'a1d1c29bb3bae61672ef1b4c39c17e8c') in 0.015468 seconds 
========================================================================
Received Import Request.
  Time since last request: 0.000015 seconds.
  path: Assets/Polygon-City Megapolis/Prefab/Buildings/SM_infrastructure_buildings_013.prefab
  artifactKey: Guid(0de44db2430f2d54086f1f0b3201c1c0) Importer(815301076,1909f56bfc062723c751e8b465ee728b)
Start importing Assets/Polygon-City Megapolis/Prefab/Buildings/SM_infrastructure_buildings_013.prefab using Guid(0de44db2430f2d54086f1f0b3201c1c0) Importer(815301076,1909f56bfc062723c751e8b465ee728b)  -> (artifact id: '2bdcc9751649cced12e52fd1167f1459') in 0.016418 seconds 
========================================================================
Received Import Request.
  Time since last request: 0.000022 seconds.
  path: Assets/Polygon-City Megapolis/Prefab/Buildings/SM_infrastructure_buildings_04.prefab
  artifactKey: Guid(fd30fceaed3bdd346865cddd5adfd722) Importer(815301076,1909f56bfc062723c751e8b465ee728b)
Start importing Assets/Polygon-City Megapolis/Prefab/Buildings/SM_infrastructure_buildings_04.prefab using Guid(fd30fceaed3bdd346865cddd5adfd722) Importer(815301076,1909f56bfc062723c751e8b465ee728b)  -> (artifact id: 'd50178b6eb996e178b6d8fb043c628ac') in 0.017272 seconds 
========================================================================
Received Import Request.
  Time since last request: 0.000019 seconds.
  path: Assets/Polygon-City Megapolis/Prefab/Buildings/SM_infrastructure_buildings_019.prefab
  artifactKey: Guid(79abab27ab8b6804ba82ed1d94cae96c) Importer(815301076,1909f56bfc062723c751e8b465ee728b)
Start importing Assets/Polygon-City Megapolis/Prefab/Buildings/SM_infrastructure_buildings_019.prefab using Guid(79abab27ab8b6804ba82ed1d94cae96c) Importer(815301076,1909f56bfc062723c751e8b465ee728b)  -> (artifact id: '842c659f153d223a6088655749e1d063') in 0.016642 seconds 
========================================================================
Received Import Request.
  Time since last request: 0.000029 seconds.
  path: Assets/Polygon-City Megapolis/Prefab/Buildings/SM_House_06.prefab
  artifactKey: Guid(31feebe143053db4a84b5cfa06b09700) Importer(815301076,1909f56bfc062723c751e8b465ee728b)
Start importing Assets/Polygon-City Megapolis/Prefab/Buildings/SM_House_06.prefab using Guid(31feebe143053db4a84b5cfa06b09700) Importer(815301076,1909f56bfc062723c751e8b465ee728b)  -> (artifact id: '1d740047185c284749ac4cf175451d81') in 0.018751 seconds 
========================================================================
Received Import Request.
  Time since last request: 0.000023 seconds.
  path: Assets/Polygon-City Megapolis/Prefab/Buildings/SM_House_04.prefab
  artifactKey: Guid(95c9f1d56845c0641bab1a99258d3baa) Importer(815301076,1909f56bfc062723c751e8b465ee728b)
Start importing Assets/Polygon-City Megapolis/Prefab/Buildings/SM_House_04.prefab using Guid(95c9f1d56845c0641bab1a99258d3baa) Importer(815301076,1909f56bfc062723c751e8b465ee728b)  -> (artifact id: '53678b89641e31858c1b38ed96c62e67') in 0.014097 seconds 
========================================================================
Received Import Request.
  Time since last request: 0.000016 seconds.
  path: Assets/Polygon-City Megapolis/Prefab/Buildings/SM_infrastructure_buildings_015.prefab
  artifactKey: Guid(fef0c168f9cb42c49b905260aa12bfc1) Importer(815301076,1909f56bfc062723c751e8b465ee728b)
Start importing Assets/Polygon-City Megapolis/Prefab/Buildings/SM_infrastructure_buildings_015.prefab using Guid(fef0c168f9cb42c49b905260aa12bfc1) Importer(815301076,1909f56bfc062723c751e8b465ee728b)  -> (artifact id: '0d778212c4234c2b629f2a0d9e4b2c28') in 0.012431 seconds 
========================================================================
Received Import Request.
  Time since last request: 0.000017 seconds.
  path: Assets/Polygon-City Megapolis/Prefab/Buildings/SM_skyscraper_02.prefab
  artifactKey: Guid(979a2aaebceabfb42a46f62ce1d92b1a) Importer(815301076,1909f56bfc062723c751e8b465ee728b)
Start importing Assets/Polygon-City Megapolis/Prefab/Buildings/SM_skyscraper_02.prefab using Guid(979a2aaebceabfb42a46f62ce1d92b1a) Importer(815301076,1909f56bfc062723c751e8b465ee728b)  -> (artifact id: '66ba5e47162b41a3892bcfd9fdd83af6') in 0.015652 seconds 
========================================================================
Received Import Request.
  Time since last request: 0.000021 seconds.
  path: Assets/Polygon-City Megapolis/Prefab/Buildings/SM_infrastructure_buildings_01.prefab
  artifactKey: Guid(da737bceada71e54aaa4ab335250d8a4) Importer(815301076,1909f56bfc062723c751e8b465ee728b)
Start importing Assets/Polygon-City Megapolis/Prefab/Buildings/SM_infrastructure_buildings_01.prefab using Guid(da737bceada71e54aaa4ab335250d8a4) Importer(815301076,1909f56bfc062723c751e8b465ee728b)  -> (artifact id: 'db2aa9e9b82335863f4456af4fe8f500') in 0.012505 seconds 
========================================================================
Received Import Request.
  Time since last request: 0.000017 seconds.
  path: Assets/Polygon-City Megapolis/Prefab/Buildings/SM_skyscraper_04.prefab
  artifactKey: Guid(7c9cf958b4e2033499602fed3c55de07) Importer(815301076,1909f56bfc062723c751e8b465ee728b)
Start importing Assets/Polygon-City Megapolis/Prefab/Buildings/SM_skyscraper_04.prefab using Guid(7c9cf958b4e2033499602fed3c55de07) Importer(815301076,1909f56bfc062723c751e8b465ee728b)  -> (artifact id: '95f3d213cd9713abeb063536d8074d6d') in 0.016160 seconds 
========================================================================
Received Import Request.
  Time since last request: 746.979087 seconds.
  path: Assets/Polygon-Houses/Prefabs/Vehicles/SM_car_01.prefab
  artifactKey: Guid(38e6e0f60c4debf4ab74183e2bd7619d) Importer(815301076,1909f56bfc062723c751e8b465ee728b)
Start importing Assets/Polygon-Houses/Prefabs/Vehicles/SM_car_01.prefab using Guid(38e6e0f60c4debf4ab74183e2bd7619d) Importer(815301076,1909f56bfc062723c751e8b465ee728b)  -> (artifact id: '7efe46b172f06d923dbadf659316c0f7') in 0.020492 seconds 
========================================================================
Received Import Request.
  Time since last request: 0.000020 seconds.
  path: Assets/Polygon-Houses/Prefabs/Vehicles/SM_helicopter_01.prefab
  artifactKey: Guid(972e319e71e3af54c9e6bc4b1ee785be) Importer(815301076,1909f56bfc062723c751e8b465ee728b)
Start importing Assets/Polygon-Houses/Prefabs/Vehicles/SM_helicopter_01.prefab using Guid(972e319e71e3af54c9e6bc4b1ee785be) Importer(815301076,1909f56bfc062723c751e8b465ee728b)  -> (artifact id: 'b9102209ec8021e8eae18163dc199769') in 0.026465 seconds 
========================================================================
Received Import Request.
  Time since last request: 0.000018 seconds.
  path: Assets/Polygon-Houses/Prefabs/Vehicles/SM_car_05.prefab
  artifactKey: Guid(c4023f394eba5eb49bf5fca7757ba97c) Importer(815301076,1909f56bfc062723c751e8b465ee728b)
Start importing Assets/Polygon-Houses/Prefabs/Vehicles/SM_car_05.prefab using Guid(c4023f394eba5eb49bf5fca7757ba97c) Importer(815301076,1909f56bfc062723c751e8b465ee728b)  -> (artifact id: '689dc3fe99a677bfabb21060c4a8d64f') in 0.018732 seconds 
========================================================================
Received Import Request.
  Time since last request: 0.000019 seconds.
  path: Assets/Polygon-Houses/Prefabs/Vehicles/SM_car_03.prefab
  artifactKey: Guid(7e2375f479e61a840a2ad18d2f9d479f) Importer(815301076,1909f56bfc062723c751e8b465ee728b)
Start importing Assets/Polygon-Houses/Prefabs/Vehicles/SM_car_03.prefab using Guid(7e2375f479e61a840a2ad18d2f9d479f) Importer(815301076,1909f56bfc062723c751e8b465ee728b)  -> (artifact id: '9c4bde75f74222932be24db81d2b9888') in 0.018581 seconds 
========================================================================
Received Import Request.
  Time since last request: 0.000017 seconds.
  path: Assets/Polygon-Houses/Prefabs/Vehicles/SM_car_04.prefab
  artifactKey: Guid(2a614430b4887984c850f5ba4d06625e) Importer(815301076,1909f56bfc062723c751e8b465ee728b)
Start importing Assets/Polygon-Houses/Prefabs/Vehicles/SM_car_04.prefab using Guid(2a614430b4887984c850f5ba4d06625e) Importer(815301076,1909f56bfc062723c751e8b465ee728b)  -> (artifact id: '54b60924fe9f39cd53d62d6b064411b8') in 0.014209 seconds 
Editor requested this worker to shutdown with reason: Scaling down because of idle timeout
AssetImportWorker is now disconnected from the server
Process exiting
Exiting without the bug reporter. Application will terminate with return code 0