Using pre-set license
Built from '2021.3/staging' branch; Version is '2021.3.18f1 (3129e69bc0c7) revision 3221990'; Using compiler version '192829333'; Build Type 'Release'
OS: 'Windows 10  (10.0.19045) 64bit Professional' Language: 'en' Physical Memory: 32689 MB
BatchMode: 1, IsHumanControllingUs: 0, StartBugReporterOnCrash: 0, Is64bit: 1, IsPro: 1

COMMAND LINE ARGUMENTS:
E:\Unity\2021.3.18f1\Editor\Unity.exe
-adb2
-batchMode
-noUpm
-name
AssetImportWorker10
-projectPath
E:/Midnight-Snack/Midnight Snack
-logFile
Logs/AssetImportWorker10.log
-srvPort
50307
Successfully changed project path to: E:/Midnight-Snack/Midnight Snack
E:/Midnight-Snack/Midnight Snack
[UnityMemory] Configuration Parameters - Can be set up in boot.config
    "memorysetup-bucket-allocator-granularity=16"
    "memorysetup-bucket-allocator-bucket-count=8"
    "memorysetup-bucket-allocator-block-size=33554432"
    "memorysetup-bucket-allocator-block-count=8"
    "memorysetup-main-allocator-block-size=16777216"
    "memorysetup-thread-allocator-block-size=16777216"
    "memorysetup-gfx-main-allocator-block-size=16777216"
    "memorysetup-gfx-thread-allocator-block-size=16777216"
    "memorysetup-cache-allocator-block-size=4194304"
    "memorysetup-typetree-allocator-block-size=2097152"
    "memorysetup-profiler-bucket-allocator-granularity=16"
    "memorysetup-profiler-bucket-allocator-bucket-count=8"
    "memorysetup-profiler-bucket-allocator-block-size=33554432"
    "memorysetup-profiler-bucket-allocator-block-count=8"
    "memorysetup-profiler-allocator-block-size=16777216"
    "memorysetup-profiler-editor-allocator-block-size=1048576"
    "memorysetup-temp-allocator-size-main=16777216"
    "memorysetup-job-temp-allocator-block-size=2097152"
    "memorysetup-job-temp-allocator-block-size-background=1048576"
    "memorysetup-job-temp-allocator-reduction-small-platforms=262144"
    "memorysetup-temp-allocator-size-background-worker=32768"
    "memorysetup-temp-allocator-size-job-worker=262144"
    "memorysetup-temp-allocator-size-preload-manager=33554432"
    "memorysetup-temp-allocator-size-nav-mesh-worker=65536"
    "memorysetup-temp-allocator-size-audio-worker=65536"
    "memorysetup-temp-allocator-size-cloud-worker=32768"
    "memorysetup-temp-allocator-size-gi-baking-worker=262144"
    "memorysetup-temp-allocator-size-gfx=262144"
Player connection [21848] Host "[IP] 192.168.86.46 [Port] 0 [Flags] 2 [Guid] 764112068 [EditorId] 764112068 [Version] 1048832 [Id] WindowsEditor(7,DESKTOP-A8ITLFV) [Debug] 1 [PackageName] WindowsEditor [ProjectName] Editor" joined multi-casting on [225.0.0.222:54997]...

Player connection [21848] Host "[IP] 192.168.86.46 [Port] 0 [Flags] 2 [Guid] 764112068 [EditorId] 764112068 [Version] 1048832 [Id] WindowsEditor(7,DESKTOP-A8ITLFV) [Debug] 1 [PackageName] WindowsEditor [ProjectName] Editor" joined alternative multi-casting on [225.0.0.222:34997]...

Refreshing native plugins compatible for Editor in 83.89 ms, found 3 plugins.
Preloading 0 native plugins for Editor in 0.00 ms.
Initialize engine version: 2021.3.18f1 (3129e69bc0c7)
[Subsystems] Discovering subsystems at path E:/Unity/2021.3.18f1/Editor/Data/Resources/UnitySubsystems
[Subsystems] Discovering subsystems at path E:/Midnight-Snack/Midnight Snack/Assets
GfxDevice: creating device client; threaded=0; jobified=0
Direct3D:
    Version:  Direct3D 11.0 [level 11.1]
    Renderer: NVIDIA GeForce RTX 3080 Ti (ID=0x2208)
    Vendor:   NVIDIA
    VRAM:     12100 MB
    Driver:   31.0.15.3179
Initialize mono
Mono path[0] = 'E:/Unity/2021.3.18f1/Editor/Data/Managed'
Mono path[1] = 'E:/Unity/2021.3.18f1/Editor/Data/MonoBleedingEdge/lib/mono/unityjit-win32'
Mono config path = 'E:/Unity/2021.3.18f1/Editor/Data/MonoBleedingEdge/etc'
Using monoOptions --debugger-agent=transport=dt_socket,embedding=1,server=y,suspend=n,address=127.0.0.1:56868
Begin MonoManager ReloadAssembly
Registering precompiled unity dll's ...
Register platform support module: E:/Unity/2021.3.18f1/Editor/Data/PlaybackEngines/WebGLSupport/UnityEditor.WebGL.Extensions.dll
Register platform support module: E:/Unity/2021.3.18f1/Editor/Data/PlaybackEngines/WindowsStandaloneSupport/UnityEditor.WindowsStandalone.Extensions.dll
Registered in 0.002317 seconds.
Native extension for WindowsStandalone target not found
Native extension for WebGL target not found
Refreshing native plugins compatible for Editor in 72.82 ms, found 3 plugins.
Preloading 0 native plugins for Editor in 0.00 ms.
Mono: successfully reloaded assembly
- Completed reload, in  0.500 seconds
Domain Reload Profiling:
	ReloadAssembly (501ms)
		BeginReloadAssembly (59ms)
			ExecutionOrderSort (0ms)
			DisableScriptedObjects (0ms)
			BackupInstance (0ms)
			ReleaseScriptingObjects (0ms)
			CreateAndSetChildDomain (1ms)
		EndReloadAssembly (352ms)
			LoadAssemblies (58ms)
			RebuildTransferFunctionScriptingTraits (0ms)
			SetupTypeCache (88ms)
			ReleaseScriptCaches (0ms)
			RebuildScriptCaches (18ms)
			SetupLoadedEditorAssemblies (210ms)
				LogAssemblyErrors (0ms)
				InitializePlatformSupportModulesInManaged (5ms)
				SetLoadedEditorAssemblies (0ms)
				RefreshPlugins (73ms)
				BeforeProcessingInitializeOnLoad (1ms)
				ProcessInitializeOnLoadAttributes (100ms)
				ProcessInitializeOnLoadMethodAttributes (31ms)
				AfterProcessingInitializeOnLoad (0ms)
				EditorAssembliesLoaded (0ms)
			ExecutionOrderSort2 (0ms)
			AwakeInstancesAfterBackupRestoration (0ms)
Platform modules already initialized, skipping
Registering precompiled user dll's ...
Registered in 0.002679 seconds.
Begin MonoManager ReloadAssembly
Symbol file LoadedFromMemory doesn't match image E:\Midnight-Snack\Midnight Snack\Library\PackageCache\com.unity.visualscripting@1.8.0\Editor\VisualScripting.Core\Dependencies\YamlDotNet\Unity.VisualScripting.YamlDotNet.dll
Symbol file LoadedFromMemory doesn't match image E:\Midnight-Snack\Midnight Snack\Library\PackageCache\com.unity.visualscripting@1.8.0\Editor\VisualScripting.Core\Dependencies\DotNetZip\Unity.VisualScripting.IonicZip.dll
Native extension for WindowsStandalone target not found
Native extension for WebGL target not found
Refreshing native plugins compatible for Editor in 0.86 ms, found 3 plugins.
Preloading 0 native plugins for Editor in 0.00 ms.
Mono: successfully reloaded assembly
- Completed reload, in  0.686 seconds
Domain Reload Profiling:
	ReloadAssembly (687ms)
		BeginReloadAssembly (81ms)
			ExecutionOrderSort (0ms)
			DisableScriptedObjects (5ms)
			BackupInstance (0ms)
			ReleaseScriptingObjects (0ms)
			CreateAndSetChildDomain (17ms)
		EndReloadAssembly (515ms)
			LoadAssemblies (53ms)
			RebuildTransferFunctionScriptingTraits (0ms)
			SetupTypeCache (172ms)
			ReleaseScriptCaches (0ms)
			RebuildScriptCaches (32ms)
			SetupLoadedEditorAssemblies (236ms)
				LogAssemblyErrors (0ms)
				InitializePlatformSupportModulesInManaged (4ms)
				SetLoadedEditorAssemblies (0ms)
				RefreshPlugins (1ms)
				BeforeProcessingInitializeOnLoad (57ms)
				ProcessInitializeOnLoadAttributes (159ms)
				ProcessInitializeOnLoadMethodAttributes (14ms)
				AfterProcessingInitializeOnLoad (2ms)
				EditorAssembliesLoaded (0ms)
			ExecutionOrderSort2 (0ms)
			AwakeInstancesAfterBackupRestoration (4ms)
Platform modules already initialized, skipping
========================================================================
Worker process is ready to serve import requests
Launched and connected shader compiler UnityShaderCompiler.exe after 0.05 seconds
Refreshing native plugins compatible for Editor in 1.57 ms, found 3 plugins.
Preloading 0 native plugins for Editor in 0.00 ms.
Unloading 3048 Unused Serialized files (Serialized files now loaded: 0)
Unloading 23 unused Assets / (87.8 KB). Loaded Objects now: 3530.
Memory consumption went from 122.7 MB to 122.6 MB.
Total: 2.639400 ms (FindLiveObjects: 0.233900 ms CreateObjectMapping: 0.111000 ms MarkObjects: 2.203500 ms  DeleteObjects: 0.090200 ms)

AssetImportParameters requested are different than current active one (requested -> active):
  custom:video-decoder-ogg-theora: a1e56fd34408186e4bbccfd4996cb3dc -> 
  custom:container-muxer-webm: aa71ff27fc2769a1b78a27578f13a17b -> 
  custom:container-demuxer-webm: 4f35f7cbe854078d1ac9338744f61a02 -> 
  custom:video-encoder-webm-vp8: eb34c28f22e8b96e1ab97ce403110664 -> 
  custom:audio-encoder-webm-vorbis: bf7c407c2cedff20999df2af8eb42d56 -> 
  custom:framework-win-MediaFoundation: 216162199b28c13a410421893ffa2e32 -> 
  custom:container-demuxer-ogg: 62fdf1f143b41e24485cea50d1cbac27 -> 
  custom:video-decoder-webm-vp8: 9c59270c3fd7afecdb556c50c9e8de78 -> 
  custom:audio-decoder-ogg-vorbis: bf7c407c2cedff20999df2af8eb42d56 -> 
========================================================================
Received Import Request.
  Time since last request: 875825.272119 seconds.
  path: Assets/Polygon-City Megapolis/Prefab/Roads
  artifactKey: Guid(15b22a1a2e87fda489a9d923b62c5d76) Importer(815301076,1909f56bfc062723c751e8b465ee728b)
Start importing Assets/Polygon-City Megapolis/Prefab/Roads using Guid(15b22a1a2e87fda489a9d923b62c5d76) Importer(815301076,1909f56bfc062723c751e8b465ee728b)  -> (artifact id: '88c44b1377265159d9029f14ad8bcc14') in 0.014757 seconds 
========================================================================
Received Import Request.
  Time since last request: 0.031283 seconds.
  path: Assets/Polygon-City Megapolis/Prefab/Roads/SM_Bridge.prefab
  artifactKey: Guid(3f955c224de34bb4088ff332154772b5) Importer(815301076,1909f56bfc062723c751e8b465ee728b)
Start importing Assets/Polygon-City Megapolis/Prefab/Roads/SM_Bridge.prefab using Guid(3f955c224de34bb4088ff332154772b5) Importer(815301076,1909f56bfc062723c751e8b465ee728b)  -> (artifact id: 'fe39c0d0ea2e1b5ec634ca9960b7790d') in 0.103781 seconds 
========================================================================
Received Import Request.
  Time since last request: 0.000025 seconds.
  path: Assets/Polygon-City Megapolis/Prefab/Roads/SM_road_044.prefab
  artifactKey: Guid(f52ec5d1e9a056c4cb166cfad794eff3) Importer(815301076,1909f56bfc062723c751e8b465ee728b)
Start importing Assets/Polygon-City Megapolis/Prefab/Roads/SM_road_044.prefab using Guid(f52ec5d1e9a056c4cb166cfad794eff3) Importer(815301076,1909f56bfc062723c751e8b465ee728b)  -> (artifact id: '1d05cc571140547905cd633d5757f035') in 0.015825 seconds 
========================================================================
Received Import Request.
  Time since last request: 0.000026 seconds.
  path: Assets/Polygon-City Megapolis/Prefab/Roads/SM_road_017.prefab
  artifactKey: Guid(19d54b59a47be164790b2199a9fa4120) Importer(815301076,1909f56bfc062723c751e8b465ee728b)
Start importing Assets/Polygon-City Megapolis/Prefab/Roads/SM_road_017.prefab using Guid(19d54b59a47be164790b2199a9fa4120) Importer(815301076,1909f56bfc062723c751e8b465ee728b)  -> (artifact id: '52f1a9dfee334764910cd200b090c6d6') in 0.013334 seconds 
========================================================================
Received Import Request.
  Time since last request: 0.000018 seconds.
  path: Assets/Polygon-City Megapolis/Prefab/Roads/SM_road_020.prefab
  artifactKey: Guid(a533e3af8c431564790018da1a995811) Importer(815301076,1909f56bfc062723c751e8b465ee728b)
Start importing Assets/Polygon-City Megapolis/Prefab/Roads/SM_road_020.prefab using Guid(a533e3af8c431564790018da1a995811) Importer(815301076,1909f56bfc062723c751e8b465ee728b)  -> (artifact id: '4938efb041bf1005910aa952d4a4366c') in 0.016877 seconds 
========================================================================
Received Import Request.
  Time since last request: 0.000020 seconds.
  path: Assets/Polygon-City Megapolis/Prefab/Roads/SM_brige_04.prefab
  artifactKey: Guid(97097808616a15d40aacfa34eb128001) Importer(815301076,1909f56bfc062723c751e8b465ee728b)
Start importing Assets/Polygon-City Megapolis/Prefab/Roads/SM_brige_04.prefab using Guid(97097808616a15d40aacfa34eb128001) Importer(815301076,1909f56bfc062723c751e8b465ee728b)  -> (artifact id: 'c4a4f0c7c127c07cafe81f782cde6589') in 0.015849 seconds 
========================================================================
Received Import Request.
  Time since last request: 0.000016 seconds.
  path: Assets/Polygon-City Megapolis/Prefab/Roads/SM_road_046.prefab
  artifactKey: Guid(3821e5cf9ed4bc44fba5700582472892) Importer(815301076,1909f56bfc062723c751e8b465ee728b)
Start importing Assets/Polygon-City Megapolis/Prefab/Roads/SM_road_046.prefab using Guid(3821e5cf9ed4bc44fba5700582472892) Importer(815301076,1909f56bfc062723c751e8b465ee728b)  -> (artifact id: '37a486721f7b441c2b401cc645af88f8') in 0.021754 seconds 
========================================================================
Received Import Request.
  Time since last request: 0.000020 seconds.
  path: Assets/Polygon-City Megapolis/Prefab/Roads/SM_road_040.prefab
  artifactKey: Guid(c65037af2f071eb47b6826ab2e8c8d58) Importer(815301076,1909f56bfc062723c751e8b465ee728b)
Start importing Assets/Polygon-City Megapolis/Prefab/Roads/SM_road_040.prefab using Guid(c65037af2f071eb47b6826ab2e8c8d58) Importer(815301076,1909f56bfc062723c751e8b465ee728b)  -> (artifact id: '707c6023aabb1074de3b2f4b77e41623') in 0.015470 seconds 
========================================================================
Received Import Request.
  Time since last request: 0.000021 seconds.
  path: Assets/Polygon-City Megapolis/Prefab/Roads/SM_road_029.prefab
  artifactKey: Guid(ca1320bba1013a5428b6a12331c36e56) Importer(815301076,1909f56bfc062723c751e8b465ee728b)
Start importing Assets/Polygon-City Megapolis/Prefab/Roads/SM_road_029.prefab using Guid(ca1320bba1013a5428b6a12331c36e56) Importer(815301076,1909f56bfc062723c751e8b465ee728b)  -> (artifact id: '762065fb37e24805e5992207ddb715ef') in 0.017857 seconds 
========================================================================
Received Import Request.
  Time since last request: 0.000017 seconds.
  path: Assets/Polygon-City Megapolis/Prefab/Roads/SM_road_011.prefab
  artifactKey: Guid(ac27f9eafece2254c8de859508f118ba) Importer(815301076,1909f56bfc062723c751e8b465ee728b)
Start importing Assets/Polygon-City Megapolis/Prefab/Roads/SM_road_011.prefab using Guid(ac27f9eafece2254c8de859508f118ba) Importer(815301076,1909f56bfc062723c751e8b465ee728b)  -> (artifact id: 'a29eddc264a1b448ccf639eb83809036') in 0.017939 seconds 
========================================================================
Received Import Request.
  Time since last request: 0.000015 seconds.
  path: Assets/Polygon-City Megapolis/Prefab/Roads/SM_brige_015.prefab
  artifactKey: Guid(9eb5250aa1819aa49aa714899f916012) Importer(815301076,1909f56bfc062723c751e8b465ee728b)
Start importing Assets/Polygon-City Megapolis/Prefab/Roads/SM_brige_015.prefab using Guid(9eb5250aa1819aa49aa714899f916012) Importer(815301076,1909f56bfc062723c751e8b465ee728b)  -> (artifact id: '433544909457b85a4d81b54ec941989f') in 0.015144 seconds 
========================================================================
Received Import Request.
  Time since last request: 0.000018 seconds.
  path: Assets/Polygon-City Megapolis/Prefab/Roads/SM_road_021.prefab
  artifactKey: Guid(4fb0f46e0b4d35d4c9a20a4dbba54f9e) Importer(815301076,1909f56bfc062723c751e8b465ee728b)
Start importing Assets/Polygon-City Megapolis/Prefab/Roads/SM_road_021.prefab using Guid(4fb0f46e0b4d35d4c9a20a4dbba54f9e) Importer(815301076,1909f56bfc062723c751e8b465ee728b)  -> (artifact id: '77eaeeac82c5adfbda078395e3abc22e') in 0.016206 seconds 
========================================================================
Received Import Request.
  Time since last request: 0.000018 seconds.
  path: Assets/Polygon-City Megapolis/Prefab/Roads/SM_road_04.prefab
  artifactKey: Guid(37298a82326eac342a00b7877462a275) Importer(815301076,1909f56bfc062723c751e8b465ee728b)
Start importing Assets/Polygon-City Megapolis/Prefab/Roads/SM_road_04.prefab using Guid(37298a82326eac342a00b7877462a275) Importer(815301076,1909f56bfc062723c751e8b465ee728b)  -> (artifact id: 'b7b911d47c60868903272f0843fa3f76') in 0.012471 seconds 
========================================================================
Received Import Request.
  Time since last request: 0.000018 seconds.
  path: Assets/Polygon-City Megapolis/Prefab/Roads/SM_road_06.prefab
  artifactKey: Guid(ba0c7ccdd3dafcd48b778adefd2c9f7d) Importer(815301076,1909f56bfc062723c751e8b465ee728b)
Start importing Assets/Polygon-City Megapolis/Prefab/Roads/SM_road_06.prefab using Guid(ba0c7ccdd3dafcd48b778adefd2c9f7d) Importer(815301076,1909f56bfc062723c751e8b465ee728b)  -> (artifact id: 'c492f424fb88ce22702ccd887ddb6a68') in 0.012188 seconds 
========================================================================
Received Import Request.
  Time since last request: 0.000020 seconds.
  path: Assets/Polygon-City Megapolis/Prefab/Roads/SM_road_024.prefab
  artifactKey: Guid(1c74a63336da1d64ba1251c6e5c1b526) Importer(815301076,1909f56bfc062723c751e8b465ee728b)
Start importing Assets/Polygon-City Megapolis/Prefab/Roads/SM_road_024.prefab using Guid(1c74a63336da1d64ba1251c6e5c1b526) Importer(815301076,1909f56bfc062723c751e8b465ee728b)  -> (artifact id: '70421506bb3db9aa921fc7279f599218') in 0.013051 seconds 
========================================================================
Received Import Request.
  Time since last request: 0.000027 seconds.
  path: Assets/Polygon-City Megapolis/Prefab/Roads/SM_road_010.prefab
  artifactKey: Guid(043535962ad94f7479b45f16effa0fd8) Importer(815301076,1909f56bfc062723c751e8b465ee728b)
Start importing Assets/Polygon-City Megapolis/Prefab/Roads/SM_road_010.prefab using Guid(043535962ad94f7479b45f16effa0fd8) Importer(815301076,1909f56bfc062723c751e8b465ee728b)  -> (artifact id: '669c53d9ef5234462bac83927ee04b03') in 0.012167 seconds 
========================================================================
Received Import Request.
  Time since last request: 0.000022 seconds.
  path: Assets/Polygon-City Megapolis/Prefab/Roads/SM_road_048.prefab
  artifactKey: Guid(2a006b8dc05ea3346a1b9499c7f986ac) Importer(815301076,1909f56bfc062723c751e8b465ee728b)
Start importing Assets/Polygon-City Megapolis/Prefab/Roads/SM_road_048.prefab using Guid(2a006b8dc05ea3346a1b9499c7f986ac) Importer(815301076,1909f56bfc062723c751e8b465ee728b)  -> (artifact id: '30c6878a5abecdafe1ffb341e5eca560') in 0.013844 seconds 
========================================================================
Received Import Request.
  Time since last request: 0.000018 seconds.
  path: Assets/Polygon-City Megapolis/Prefab/Roads/SM_road_035.prefab
  artifactKey: Guid(fc8aa25e2ad749d4fba45d603233c16a) Importer(815301076,1909f56bfc062723c751e8b465ee728b)
Start importing Assets/Polygon-City Megapolis/Prefab/Roads/SM_road_035.prefab using Guid(fc8aa25e2ad749d4fba45d603233c16a) Importer(815301076,1909f56bfc062723c751e8b465ee728b)  -> (artifact id: '79dc7daf40fefd51d9e81b56c4d8a024') in 0.014122 seconds 
========================================================================
Received Import Request.
  Time since last request: 0.000016 seconds.
  path: Assets/Polygon-City Megapolis/Prefab/Roads/SM_road_033.prefab
  artifactKey: Guid(e49c25b5c5b21f34e83120fd5e3e0684) Importer(815301076,1909f56bfc062723c751e8b465ee728b)
Start importing Assets/Polygon-City Megapolis/Prefab/Roads/SM_road_033.prefab using Guid(e49c25b5c5b21f34e83120fd5e3e0684) Importer(815301076,1909f56bfc062723c751e8b465ee728b)  -> (artifact id: '827d208e7aeb231c73015051d250654d') in 0.013125 seconds 
========================================================================
Received Import Request.
  Time since last request: 0.000018 seconds.
  path: Assets/Polygon-City Megapolis/Prefab/Roads/SM_road_08.prefab
  artifactKey: Guid(410372109dfb1464ca7e390a6d586aa9) Importer(815301076,1909f56bfc062723c751e8b465ee728b)
Start importing Assets/Polygon-City Megapolis/Prefab/Roads/SM_road_08.prefab using Guid(410372109dfb1464ca7e390a6d586aa9) Importer(815301076,1909f56bfc062723c751e8b465ee728b)  -> (artifact id: '9cabad17affdccc5be97147bcfd6d1a4') in 0.013657 seconds 
========================================================================
Received Import Request.
  Time since last request: 0.000020 seconds.
  path: Assets/Polygon-City Megapolis/Prefab/Roads/SM_road_047.prefab
  artifactKey: Guid(699a48ab0137e6049953e0f277a33596) Importer(815301076,1909f56bfc062723c751e8b465ee728b)
Start importing Assets/Polygon-City Megapolis/Prefab/Roads/SM_road_047.prefab using Guid(699a48ab0137e6049953e0f277a33596) Importer(815301076,1909f56bfc062723c751e8b465ee728b)  -> (artifact id: '6d42f83496e27a0acdf5bc1a79b0d0dc') in 0.014502 seconds 
========================================================================
Received Import Request.
  Time since last request: 0.000017 seconds.
  path: Assets/Polygon-City Megapolis/Prefab/Roads/SM_brige_012.prefab
  artifactKey: Guid(9c062158b3a94834fbff4417e9559dc5) Importer(815301076,1909f56bfc062723c751e8b465ee728b)
Start importing Assets/Polygon-City Megapolis/Prefab/Roads/SM_brige_012.prefab using Guid(9c062158b3a94834fbff4417e9559dc5) Importer(815301076,1909f56bfc062723c751e8b465ee728b)  -> (artifact id: '7268b07903b8954d05eb147a1de17826') in 0.015115 seconds 
========================================================================
Received Import Request.
  Time since last request: 0.000015 seconds.
  path: Assets/Polygon-City Megapolis/Prefab/Roads/SM_road_042.prefab
  artifactKey: Guid(25dc3b0d55bff5846a6a7da516271cc4) Importer(815301076,1909f56bfc062723c751e8b465ee728b)
Start importing Assets/Polygon-City Megapolis/Prefab/Roads/SM_road_042.prefab using Guid(25dc3b0d55bff5846a6a7da516271cc4) Importer(815301076,1909f56bfc062723c751e8b465ee728b)  -> (artifact id: 'bf4f6d2ba3067b1cf0f80256f6fe432e') in 0.012961 seconds 
========================================================================
Received Import Request.
  Time since last request: 0.457020 seconds.
  path: Assets/Polygon-City Megapolis/Prefab/Roads/SM_road_052.prefab
  artifactKey: Guid(eee57a3a4c423fa45b22d14e9f51d83e) Importer(815301076,1909f56bfc062723c751e8b465ee728b)
Start importing Assets/Polygon-City Megapolis/Prefab/Roads/SM_road_052.prefab using Guid(eee57a3a4c423fa45b22d14e9f51d83e) Importer(815301076,1909f56bfc062723c751e8b465ee728b)  -> (artifact id: 'f6fd6b5e8273b96d3b0f0ddac42d3be1') in 0.012464 seconds 
========================================================================
Received Import Request.
  Time since last request: 0.000015 seconds.
  path: Assets/Polygon-City Megapolis/Prefab/Roads/SM_road_056.prefab
  artifactKey: Guid(067cdb138f43a6d4487174a61f3ea127) Importer(815301076,1909f56bfc062723c751e8b465ee728b)
Start importing Assets/Polygon-City Megapolis/Prefab/Roads/SM_road_056.prefab using Guid(067cdb138f43a6d4487174a61f3ea127) Importer(815301076,1909f56bfc062723c751e8b465ee728b)  -> (artifact id: 'eb5f71da65eeac86bdf5b7cfaf31af66') in 0.014170 seconds 
========================================================================
Received Import Request.
  Time since last request: 3.423285 seconds.
  path: Assets/Polygon-City Megapolis/Prefab/Tech
  artifactKey: Guid(f97c44256d6c05842a4f04e2327a3d10) Importer(815301076,1909f56bfc062723c751e8b465ee728b)
Start importing Assets/Polygon-City Megapolis/Prefab/Tech using Guid(f97c44256d6c05842a4f04e2327a3d10) Importer(815301076,1909f56bfc062723c751e8b465ee728b)  -> (artifact id: '451d97dc213e626629a69ba6b1c338e4') in 0.009108 seconds 
========================================================================
Received Import Request.
  Time since last request: 0.083833 seconds.
  path: Assets/Polygon-City Megapolis/Prefab/Tech/SM_basin_01.prefab
  artifactKey: Guid(7463fbd023de29a40b0d678c5168830e) Importer(815301076,1909f56bfc062723c751e8b465ee728b)
Start importing Assets/Polygon-City Megapolis/Prefab/Tech/SM_basin_01.prefab using Guid(7463fbd023de29a40b0d678c5168830e) Importer(815301076,1909f56bfc062723c751e8b465ee728b)  -> (artifact id: '31f3b03a141406f9d50cf36c938f0423') in 0.015230 seconds 
========================================================================
Received Import Request.
  Time since last request: 0.000015 seconds.
  path: Assets/Polygon-City Megapolis/Prefab/Tech/SM_electric_wind_turbine_01.prefab
  artifactKey: Guid(0e583c14d909d3340a6844096a01027a) Importer(815301076,1909f56bfc062723c751e8b465ee728b)
Start importing Assets/Polygon-City Megapolis/Prefab/Tech/SM_electric_wind_turbine_01.prefab using Guid(0e583c14d909d3340a6844096a01027a) Importer(815301076,1909f56bfc062723c751e8b465ee728b)  -> (artifact id: '3f68c5e49f5826914ce31a42d71618e3') in 0.022655 seconds 
========================================================================
Received Import Request.
  Time since last request: 0.000017 seconds.
  path: Assets/Polygon-City Megapolis/Prefab/Tech/SM_electric_coil_02.prefab
  artifactKey: Guid(ab7b584a9c5f6f44fa74da54cff1c465) Importer(815301076,1909f56bfc062723c751e8b465ee728b)
Start importing Assets/Polygon-City Megapolis/Prefab/Tech/SM_electric_coil_02.prefab using Guid(ab7b584a9c5f6f44fa74da54cff1c465) Importer(815301076,1909f56bfc062723c751e8b465ee728b)  -> (artifact id: '3ec3344e872cb56c7c709f61daf1dc23') in 0.022329 seconds 
========================================================================
Received Import Request.
  Time since last request: 0.000016 seconds.
  path: Assets/Polygon-City Megapolis/Prefab/Tech/SM_gas_pipeline_01.prefab
  artifactKey: Guid(2eb647e89c97cbd40ad35e2bf641af9d) Importer(815301076,1909f56bfc062723c751e8b465ee728b)
Start importing Assets/Polygon-City Megapolis/Prefab/Tech/SM_gas_pipeline_01.prefab using Guid(2eb647e89c97cbd40ad35e2bf641af9d) Importer(815301076,1909f56bfc062723c751e8b465ee728b)  -> (artifact id: '05a6d66255c747c125ab534b17e9e675') in 0.011163 seconds 
========================================================================
Received Import Request.
  Time since last request: 0.000017 seconds.
  path: Assets/Polygon-City Megapolis/Prefab/Tech/SM_solar_panel_02.prefab
  artifactKey: Guid(6c2b274db4fe27948b335fc4d86ba83f) Importer(815301076,1909f56bfc062723c751e8b465ee728b)
Start importing Assets/Polygon-City Megapolis/Prefab/Tech/SM_solar_panel_02.prefab using Guid(6c2b274db4fe27948b335fc4d86ba83f) Importer(815301076,1909f56bfc062723c751e8b465ee728b)  -> (artifact id: '6479a3b58182c34b19d89a073c1684c3') in 0.016181 seconds 
========================================================================
Received Import Request.
  Time since last request: 0.000016 seconds.
  path: Assets/Polygon-City Megapolis/Prefab/Tech/SM_distribution_point_01.prefab
  artifactKey: Guid(a918ce43cb5ee7c4691358ee7e915dba) Importer(815301076,1909f56bfc062723c751e8b465ee728b)
Start importing Assets/Polygon-City Megapolis/Prefab/Tech/SM_distribution_point_01.prefab using Guid(a918ce43cb5ee7c4691358ee7e915dba) Importer(815301076,1909f56bfc062723c751e8b465ee728b)  -> (artifact id: 'e7a9a1c92070cca217d507403b2baec3') in 0.021571 seconds 
========================================================================
Received Import Request.
  Time since last request: 0.000017 seconds.
  path: Assets/Polygon-City Megapolis/Prefab/Tech/SM_CHIMNEY_01.prefab
  artifactKey: Guid(e2e103e64d043764087c51c40a699c41) Importer(815301076,1909f56bfc062723c751e8b465ee728b)
Start importing Assets/Polygon-City Megapolis/Prefab/Tech/SM_CHIMNEY_01.prefab using Guid(e2e103e64d043764087c51c40a699c41) Importer(815301076,1909f56bfc062723c751e8b465ee728b)  -> (artifact id: 'b1fbc2233396c7a5b460c592376bc509') in 0.012771 seconds 
========================================================================
Received Import Request.
  Time since last request: 0.000016 seconds.
  path: Assets/Polygon-City Megapolis/Prefab/Tech/SM_switchboard_01.prefab
  artifactKey: Guid(c7f5426ef5117d54aab87367abd7f000) Importer(815301076,1909f56bfc062723c751e8b465ee728b)
Start importing Assets/Polygon-City Megapolis/Prefab/Tech/SM_switchboard_01.prefab using Guid(c7f5426ef5117d54aab87367abd7f000) Importer(815301076,1909f56bfc062723c751e8b465ee728b)  -> (artifact id: '2a186b05e8d04d83e19646a5571ea121') in 0.015068 seconds 
========================================================================
Received Import Request.
  Time since last request: 0.000017 seconds.
  path: Assets/Polygon-City Megapolis/Prefab/Tech/SM_storage_tank_02.prefab
  artifactKey: Guid(0c65dc0c036a0f14d9b023c1043b997d) Importer(815301076,1909f56bfc062723c751e8b465ee728b)
Start importing Assets/Polygon-City Megapolis/Prefab/Tech/SM_storage_tank_02.prefab using Guid(0c65dc0c036a0f14d9b023c1043b997d) Importer(815301076,1909f56bfc062723c751e8b465ee728b)  -> (artifact id: '9c9ca5e8700298b9b04235544e4c7f2d') in 0.019019 seconds 
========================================================================
Received Import Request.
  Time since last request: 0.000032 seconds.
  path: Assets/Polygon-City Megapolis/Prefab/Tech/SM_piping_04.prefab
  artifactKey: Guid(62cea957061ed724ea2adfd2389d1ba2) Importer(815301076,1909f56bfc062723c751e8b465ee728b)
Start importing Assets/Polygon-City Megapolis/Prefab/Tech/SM_piping_04.prefab using Guid(62cea957061ed724ea2adfd2389d1ba2) Importer(815301076,1909f56bfc062723c751e8b465ee728b)  -> (artifact id: '951cc55f83991f615084518451e42a93') in 0.015936 seconds 
========================================================================
Received Import Request.
  Time since last request: 0.000018 seconds.
  path: Assets/Polygon-City Megapolis/Prefab/Tech/SM_storage_tank_01.prefab
  artifactKey: Guid(e6f13cb2d53bd8f48a9b1520ba4273e6) Importer(815301076,1909f56bfc062723c751e8b465ee728b)
Start importing Assets/Polygon-City Megapolis/Prefab/Tech/SM_storage_tank_01.prefab using Guid(e6f13cb2d53bd8f48a9b1520ba4273e6) Importer(815301076,1909f56bfc062723c751e8b465ee728b)  -> (artifact id: '0044b50785c217daf1f20155a3c63300') in 0.012043 seconds 
========================================================================
Received Import Request.
  Time since last request: 4.625122 seconds.
  path: Assets/Polygon-City Megapolis/Prefab/Text
  artifactKey: Guid(1ae20de271d4e374399a2e2b75e94d2e) Importer(815301076,1909f56bfc062723c751e8b465ee728b)
Start importing Assets/Polygon-City Megapolis/Prefab/Text using Guid(1ae20de271d4e374399a2e2b75e94d2e) Importer(815301076,1909f56bfc062723c751e8b465ee728b)  -> (artifact id: 'b98eddd97e0c14568993bfd0d00095f8') in 0.009633 seconds 
========================================================================
Received Import Request.
  Time since last request: 0.080802 seconds.
  path: Assets/Polygon-City Megapolis/Prefab/Text/SM_Large_A.prefab
  artifactKey: Guid(072282ea03b4920429eaccb18b660565) Importer(815301076,1909f56bfc062723c751e8b465ee728b)
Start importing Assets/Polygon-City Megapolis/Prefab/Text/SM_Large_A.prefab using Guid(072282ea03b4920429eaccb18b660565) Importer(815301076,1909f56bfc062723c751e8b465ee728b)  -> (artifact id: '3b80d8da93483edad66511df1c7888ef') in 0.012963 seconds 
========================================================================
Received Import Request.
  Time since last request: 0.000022 seconds.
  path: Assets/Polygon-City Megapolis/Prefab/Text/SM_Large_I.prefab
  artifactKey: Guid(bc09c067e12455a4dbb07cf2a80fea5a) Importer(815301076,1909f56bfc062723c751e8b465ee728b)
Start importing Assets/Polygon-City Megapolis/Prefab/Text/SM_Large_I.prefab using Guid(bc09c067e12455a4dbb07cf2a80fea5a) Importer(815301076,1909f56bfc062723c751e8b465ee728b)  -> (artifact id: 'faa4a1d28c4eb286d08ee18c79c782fe') in 0.014047 seconds 
========================================================================
Received Import Request.
  Time since last request: 0.000017 seconds.
  path: Assets/Polygon-City Megapolis/Prefab/Text/SM_Small_m.prefab
  artifactKey: Guid(de55acee092550c4e802c7226e227048) Importer(815301076,1909f56bfc062723c751e8b465ee728b)
Start importing Assets/Polygon-City Megapolis/Prefab/Text/SM_Small_m.prefab using Guid(de55acee092550c4e802c7226e227048) Importer(815301076,1909f56bfc062723c751e8b465ee728b)  -> (artifact id: '679dfa1b4cd213a2f5e5156ba0cc3b75') in 0.014066 seconds 
========================================================================
Received Import Request.
  Time since last request: 0.000015 seconds.
  path: Assets/Polygon-City Megapolis/Prefab/Text/SM_Num_7.prefab
  artifactKey: Guid(55766456741d2434598ae211365636da) Importer(815301076,1909f56bfc062723c751e8b465ee728b)
Start importing Assets/Polygon-City Megapolis/Prefab/Text/SM_Num_7.prefab using Guid(55766456741d2434598ae211365636da) Importer(815301076,1909f56bfc062723c751e8b465ee728b)  -> (artifact id: '55a2f52d2e78bb262bd4bfbb6428376d') in 0.013724 seconds 
========================================================================
Received Import Request.
  Time since last request: 0.000015 seconds.
  path: Assets/Polygon-City Megapolis/Prefab/Text/SM_Large_H.prefab
  artifactKey: Guid(a84918f75a478144ab983b49974523a1) Importer(815301076,1909f56bfc062723c751e8b465ee728b)
Start importing Assets/Polygon-City Megapolis/Prefab/Text/SM_Large_H.prefab using Guid(a84918f75a478144ab983b49974523a1) Importer(815301076,1909f56bfc062723c751e8b465ee728b)  -> (artifact id: 'c90dedd0cd760c8f1cb66056f1fe3ae3') in 0.013499 seconds 
========================================================================
Received Import Request.
  Time since last request: 0.000016 seconds.
  path: Assets/Polygon-City Megapolis/Prefab/Text/SM_Small_v.prefab
  artifactKey: Guid(1153d1208f1be304f8d257b9353ec606) Importer(815301076,1909f56bfc062723c751e8b465ee728b)
Start importing Assets/Polygon-City Megapolis/Prefab/Text/SM_Small_v.prefab using Guid(1153d1208f1be304f8d257b9353ec606) Importer(815301076,1909f56bfc062723c751e8b465ee728b)  -> (artifact id: '1aec8928623dfa9d4fe51a9cb3a4c74d') in 0.014275 seconds 
========================================================================
Received Import Request.
  Time since last request: 0.000015 seconds.
  path: Assets/Polygon-City Megapolis/Prefab/Text/SM_Large_Q.prefab
  artifactKey: Guid(e0b8c42e7ba65724a9bb650c2138da2a) Importer(815301076,1909f56bfc062723c751e8b465ee728b)
Start importing Assets/Polygon-City Megapolis/Prefab/Text/SM_Large_Q.prefab using Guid(e0b8c42e7ba65724a9bb650c2138da2a) Importer(815301076,1909f56bfc062723c751e8b465ee728b)  -> (artifact id: '2c59440d1c65ae59637c7b46184792fb') in 0.013291 seconds 
========================================================================
Received Import Request.
  Time since last request: 0.000017 seconds.
  path: Assets/Polygon-City Megapolis/Prefab/Text/SM_Small_k.prefab
  artifactKey: Guid(8bb0af686a1e23644927630455f1d6e2) Importer(815301076,1909f56bfc062723c751e8b465ee728b)
Start importing Assets/Polygon-City Megapolis/Prefab/Text/SM_Small_k.prefab using Guid(8bb0af686a1e23644927630455f1d6e2) Importer(815301076,1909f56bfc062723c751e8b465ee728b)  -> (artifact id: '23d9252ce36d4fbc34a441b9b6a68e19') in 0.014180 seconds 
========================================================================
Received Import Request.
  Time since last request: 0.000018 seconds.
  path: Assets/Polygon-City Megapolis/Prefab/Text/SM_Num_3.prefab
  artifactKey: Guid(6f758b8826a0c154b9896e570d40d9a4) Importer(815301076,1909f56bfc062723c751e8b465ee728b)
Start importing Assets/Polygon-City Megapolis/Prefab/Text/SM_Num_3.prefab using Guid(6f758b8826a0c154b9896e570d40d9a4) Importer(815301076,1909f56bfc062723c751e8b465ee728b)  -> (artifact id: 'dfaf95f5a340c357847acf00e5a60fb3') in 0.013824 seconds 
========================================================================
Received Import Request.
  Time since last request: 0.000022 seconds.
  path: Assets/Polygon-City Megapolis/Prefab/Text/SM_Large_K.prefab
  artifactKey: Guid(735a4d3d53efd3742a06e9352ccc0326) Importer(815301076,1909f56bfc062723c751e8b465ee728b)
Start importing Assets/Polygon-City Megapolis/Prefab/Text/SM_Large_K.prefab using Guid(735a4d3d53efd3742a06e9352ccc0326) Importer(815301076,1909f56bfc062723c751e8b465ee728b)  -> (artifact id: '1eb6b48352cc9f61df40beb403bcf709') in 0.013607 seconds 
========================================================================
Received Import Request.
  Time since last request: 0.000024 seconds.
  path: Assets/Polygon-City Megapolis/Prefab/Text/SM_Small_l.prefab
  artifactKey: Guid(8f43577418b05e647a69d2941dfc15bf) Importer(815301076,1909f56bfc062723c751e8b465ee728b)
Start importing Assets/Polygon-City Megapolis/Prefab/Text/SM_Small_l.prefab using Guid(8f43577418b05e647a69d2941dfc15bf) Importer(815301076,1909f56bfc062723c751e8b465ee728b)  -> (artifact id: '25a0e50940b7e2f48c20f8d5b0abecfa') in 0.013809 seconds 
========================================================================
Received Import Request.
  Time since last request: 0.000016 seconds.
  path: Assets/Polygon-City Megapolis/Prefab/Text/SM_Large_L.prefab
  artifactKey: Guid(bb56c1cbb9fb2f8478916eb467f21419) Importer(815301076,1909f56bfc062723c751e8b465ee728b)
Start importing Assets/Polygon-City Megapolis/Prefab/Text/SM_Large_L.prefab using Guid(bb56c1cbb9fb2f8478916eb467f21419) Importer(815301076,1909f56bfc062723c751e8b465ee728b)  -> (artifact id: 'c14df412877f7d856d2dab8f66fd0e5a') in 0.013619 seconds 
========================================================================
Received Import Request.
  Time since last request: 0.000016 seconds.
  path: Assets/Polygon-City Megapolis/Prefab/Text/SM_Small_g.prefab
  artifactKey: Guid(6f36c0aa88020a04cb3952e7c69dcfa2) Importer(815301076,1909f56bfc062723c751e8b465ee728b)
Start importing Assets/Polygon-City Megapolis/Prefab/Text/SM_Small_g.prefab using Guid(6f36c0aa88020a04cb3952e7c69dcfa2) Importer(815301076,1909f56bfc062723c751e8b465ee728b)  -> (artifact id: '175e624ddf12c79916e50f8a8716e905') in 0.013927 seconds 
========================================================================
Received Import Request.
  Time since last request: 0.000015 seconds.
  path: Assets/Polygon-City Megapolis/Prefab/Text/SM_Num_6.prefab
  artifactKey: Guid(3bfb0adf36c634948b7dcde1d47da2e4) Importer(815301076,1909f56bfc062723c751e8b465ee728b)
Start importing Assets/Polygon-City Megapolis/Prefab/Text/SM_Num_6.prefab using Guid(3bfb0adf36c634948b7dcde1d47da2e4) Importer(815301076,1909f56bfc062723c751e8b465ee728b)  -> (artifact id: 'de96849a79268ecaa281ae63b12c6178') in 0.013990 seconds 
========================================================================
Received Import Request.
  Time since last request: 0.000017 seconds.
  path: Assets/Polygon-City Megapolis/Prefab/Text/SM_Large_Z.prefab
  artifactKey: Guid(1585485ffbb53e942b7e8bfd49d4bb1e) Importer(815301076,1909f56bfc062723c751e8b465ee728b)
Start importing Assets/Polygon-City Megapolis/Prefab/Text/SM_Large_Z.prefab using Guid(1585485ffbb53e942b7e8bfd49d4bb1e) Importer(815301076,1909f56bfc062723c751e8b465ee728b)  -> (artifact id: '2f7bc61c9ea148f071ce17e204932254') in 0.013787 seconds 
========================================================================
Received Import Request.
  Time since last request: 0.000014 seconds.
  path: Assets/Polygon-City Megapolis/Prefab/Text/SM_Small_z.prefab
  artifactKey: Guid(c3884b2a9166f7a4f8d666dfa6e661c0) Importer(815301076,1909f56bfc062723c751e8b465ee728b)
Start importing Assets/Polygon-City Megapolis/Prefab/Text/SM_Small_z.prefab using Guid(c3884b2a9166f7a4f8d666dfa6e661c0) Importer(815301076,1909f56bfc062723c751e8b465ee728b)  -> (artifact id: 'd2710fb3f5ee525327b8ac2a916d8d42') in 0.013501 seconds 
========================================================================
Received Import Request.
  Time since last request: 0.000017 seconds.
  path: Assets/Polygon-City Megapolis/Prefab/Text/SM_Small_y.prefab
  artifactKey: Guid(aafb8cca6d16f7f45a41deb58e774b11) Importer(815301076,1909f56bfc062723c751e8b465ee728b)
Start importing Assets/Polygon-City Megapolis/Prefab/Text/SM_Small_y.prefab using Guid(aafb8cca6d16f7f45a41deb58e774b11) Importer(815301076,1909f56bfc062723c751e8b465ee728b)  -> (artifact id: 'c4dd8c62ce37f61f4ac3bb449685d349') in 0.014396 seconds 
========================================================================
Received Import Request.
  Time since last request: 0.000015 seconds.
  path: Assets/Polygon-City Megapolis/Prefab/Text/SM_Large_O.prefab
  artifactKey: Guid(be31ebf2f3f14304695eb65d06353a54) Importer(815301076,1909f56bfc062723c751e8b465ee728b)
Start importing Assets/Polygon-City Megapolis/Prefab/Text/SM_Large_O.prefab using Guid(be31ebf2f3f14304695eb65d06353a54) Importer(815301076,1909f56bfc062723c751e8b465ee728b)  -> (artifact id: 'b506b39deab9b07fa25fa8311930e3f1') in 0.014762 seconds 
========================================================================
Received Import Request.
  Time since last request: 0.000015 seconds.
  path: Assets/Polygon-City Megapolis/Prefab/Text/SM_Small_r.prefab
  artifactKey: Guid(71acf9a771e0d2041bc20af40d814430) Importer(815301076,1909f56bfc062723c751e8b465ee728b)
Start importing Assets/Polygon-City Megapolis/Prefab/Text/SM_Small_r.prefab using Guid(71acf9a771e0d2041bc20af40d814430) Importer(815301076,1909f56bfc062723c751e8b465ee728b)  -> (artifact id: 'b4d9b8e8bb2593fb5f64f465508e855c') in 0.013521 seconds 
========================================================================
Received Import Request.
  Time since last request: 0.000016 seconds.
  path: Assets/Polygon-City Megapolis/Prefab/Text/SM_Small_n.prefab
  artifactKey: Guid(86ac4d1b086625c4599a88c9a38c9ea8) Importer(815301076,1909f56bfc062723c751e8b465ee728b)
Start importing Assets/Polygon-City Megapolis/Prefab/Text/SM_Small_n.prefab using Guid(86ac4d1b086625c4599a88c9a38c9ea8) Importer(815301076,1909f56bfc062723c751e8b465ee728b)  -> (artifact id: '45e839507f7fcabc7f1b848ab20834a8') in 0.013753 seconds 
========================================================================
Received Import Request.
  Time since last request: 2.355918 seconds.
  path: Assets/Polygon-City Megapolis/Prefab/Vehicles
  artifactKey: Guid(6467f67fd54aab14dbf363eb3f1ec5cd) Importer(815301076,1909f56bfc062723c751e8b465ee728b)
Start importing Assets/Polygon-City Megapolis/Prefab/Vehicles using Guid(6467f67fd54aab14dbf363eb3f1ec5cd) Importer(815301076,1909f56bfc062723c751e8b465ee728b)  -> (artifact id: '19e6e620e33a0a03bcfb4ca0de084ebf') in 0.009498 seconds 
========================================================================
Received Import Request.
  Time since last request: 0.091144 seconds.
  path: Assets/Polygon-City Megapolis/Prefab/Vehicles/SM_Ambulance.prefab
  artifactKey: Guid(02e9d7fd7cb32234ea539465112c6d5d) Importer(815301076,1909f56bfc062723c751e8b465ee728b)
Start importing Assets/Polygon-City Megapolis/Prefab/Vehicles/SM_Ambulance.prefab using Guid(02e9d7fd7cb32234ea539465112c6d5d) Importer(815301076,1909f56bfc062723c751e8b465ee728b)  -> (artifact id: 'ec2b2acf0d298e152766b06892aa4611') in 0.014684 seconds 
========================================================================
Received Import Request.
  Time since last request: 0.000018 seconds.
  path: Assets/Polygon-City Megapolis/Prefab/Vehicles/SM_Premium_Car_02.prefab
  artifactKey: Guid(abec963e837824c48b851af2b6d4629b) Importer(815301076,1909f56bfc062723c751e8b465ee728b)
Start importing Assets/Polygon-City Megapolis/Prefab/Vehicles/SM_Premium_Car_02.prefab using Guid(abec963e837824c48b851af2b6d4629b) Importer(815301076,1909f56bfc062723c751e8b465ee728b)  -> (artifact id: '4e3a8b0400049f0aab0164fedf10660f') in 0.016583 seconds 
========================================================================
Received Import Request.
  Time since last request: 0.000018 seconds.
  path: Assets/Polygon-City Megapolis/Prefab/Vehicles/SM_Midl_Car_01.prefab
  artifactKey: Guid(c63b62d9f49a74e4aac660f1dd20c70a) Importer(815301076,1909f56bfc062723c751e8b465ee728b)
Start importing Assets/Polygon-City Megapolis/Prefab/Vehicles/SM_Midl_Car_01.prefab using Guid(c63b62d9f49a74e4aac660f1dd20c70a) Importer(815301076,1909f56bfc062723c751e8b465ee728b)  -> (artifact id: '40753baf9817deab53b5579c251248a6') in 0.016691 seconds 
Editor requested this worker to shutdown with reason: Scaling down because of idle timeout
AssetImportWorker is now disconnected from the server
Process exiting
Exiting without the bug reporter. Application will terminate with return code 0