Using pre-set license
Built from '2021.3/staging' branch; Version is '2021.3.18f1 (3129e69bc0c7) revision 3221990'; Using compiler version '192829333'; Build Type 'Release'
OS: 'Windows 10  (10.0.19045) 64bit Professional' Language: 'en' Physical Memory: 32689 MB
BatchMode: 1, IsHumanControllingUs: 0, StartBugReporterOnCrash: 0, Is64bit: 1, IsPro: 1

COMMAND LINE ARGUMENTS:
E:\Unity\2021.3.18f1\Editor\Unity.exe
-adb2
-batchMode
-noUpm
-name
AssetImportWorker5
-projectPath
E:/Midnight-Snack/Midnight Snack
-logFile
Logs/AssetImportWorker5.log
-srvPort
50307
Successfully changed project path to: E:/Midnight-Snack/Midnight Snack
E:/Midnight-Snack/Midnight Snack
[UnityMemory] Configuration Parameters - Can be set up in boot.config
    "memorysetup-bucket-allocator-granularity=16"
    "memorysetup-bucket-allocator-bucket-count=8"
    "memorysetup-bucket-allocator-block-size=33554432"
    "memorysetup-bucket-allocator-block-count=8"
    "memorysetup-main-allocator-block-size=16777216"
    "memorysetup-thread-allocator-block-size=16777216"
    "memorysetup-gfx-main-allocator-block-size=16777216"
    "memorysetup-gfx-thread-allocator-block-size=16777216"
    "memorysetup-cache-allocator-block-size=4194304"
    "memorysetup-typetree-allocator-block-size=2097152"
    "memorysetup-profiler-bucket-allocator-granularity=16"
    "memorysetup-profiler-bucket-allocator-bucket-count=8"
    "memorysetup-profiler-bucket-allocator-block-size=33554432"
    "memorysetup-profiler-bucket-allocator-block-count=8"
    "memorysetup-profiler-allocator-block-size=16777216"
    "memorysetup-profiler-editor-allocator-block-size=1048576"
    "memorysetup-temp-allocator-size-main=16777216"
    "memorysetup-job-temp-allocator-block-size=2097152"
    "memorysetup-job-temp-allocator-block-size-background=1048576"
    "memorysetup-job-temp-allocator-reduction-small-platforms=262144"
    "memorysetup-temp-allocator-size-background-worker=32768"
    "memorysetup-temp-allocator-size-job-worker=262144"
    "memorysetup-temp-allocator-size-preload-manager=33554432"
    "memorysetup-temp-allocator-size-nav-mesh-worker=65536"
    "memorysetup-temp-allocator-size-audio-worker=65536"
    "memorysetup-temp-allocator-size-cloud-worker=32768"
    "memorysetup-temp-allocator-size-gi-baking-worker=262144"
    "memorysetup-temp-allocator-size-gfx=262144"
Player connection [25992] Host "[IP] 192.168.86.46 [Port] 0 [Flags] 2 [Guid] 4204057090 [EditorId] 4204057090 [Version] 1048832 [Id] WindowsEditor(7,DESKTOP-A8ITLFV) [Debug] 1 [PackageName] WindowsEditor [ProjectName] Editor" joined multi-casting on [225.0.0.222:54997]...

Player connection [25992] Host "[IP] 192.168.86.46 [Port] 0 [Flags] 2 [Guid] 4204057090 [EditorId] 4204057090 [Version] 1048832 [Id] WindowsEditor(7,DESKTOP-A8ITLFV) [Debug] 1 [PackageName] WindowsEditor [ProjectName] Editor" joined alternative multi-casting on [225.0.0.222:34997]...

Refreshing native plugins compatible for Editor in 97.48 ms, found 3 plugins.
Preloading 0 native plugins for Editor in 0.00 ms.
Initialize engine version: 2021.3.18f1 (3129e69bc0c7)
[Subsystems] Discovering subsystems at path E:/Unity/2021.3.18f1/Editor/Data/Resources/UnitySubsystems
[Subsystems] Discovering subsystems at path E:/Midnight-Snack/Midnight Snack/Assets
GfxDevice: creating device client; threaded=0; jobified=0
Direct3D:
    Version:  Direct3D 11.0 [level 11.1]
    Renderer: NVIDIA GeForce RTX 3080 Ti (ID=0x2208)
    Vendor:   NVIDIA
    VRAM:     12100 MB
    Driver:   31.0.15.3179
Initialize mono
Mono path[0] = 'E:/Unity/2021.3.18f1/Editor/Data/Managed'
Mono path[1] = 'E:/Unity/2021.3.18f1/Editor/Data/MonoBleedingEdge/lib/mono/unityjit-win32'
Mono config path = 'E:/Unity/2021.3.18f1/Editor/Data/MonoBleedingEdge/etc'
Using monoOptions --debugger-agent=transport=dt_socket,embedding=1,server=y,suspend=n,address=127.0.0.1:56256
Begin MonoManager ReloadAssembly
Registering precompiled unity dll's ...
Register platform support module: E:/Unity/2021.3.18f1/Editor/Data/PlaybackEngines/WebGLSupport/UnityEditor.WebGL.Extensions.dll
Register platform support module: E:/Unity/2021.3.18f1/Editor/Data/PlaybackEngines/WindowsStandaloneSupport/UnityEditor.WindowsStandalone.Extensions.dll
Registered in 0.002503 seconds.
Native extension for WindowsStandalone target not found
Native extension for WebGL target not found
Refreshing native plugins compatible for Editor in 75.13 ms, found 3 plugins.
Preloading 0 native plugins for Editor in 0.00 ms.
Mono: successfully reloaded assembly
- Completed reload, in  0.489 seconds
Domain Reload Profiling:
	ReloadAssembly (490ms)
		BeginReloadAssembly (55ms)
			ExecutionOrderSort (0ms)
			DisableScriptedObjects (0ms)
			BackupInstance (0ms)
			ReleaseScriptingObjects (0ms)
			CreateAndSetChildDomain (1ms)
		EndReloadAssembly (351ms)
			LoadAssemblies (54ms)
			RebuildTransferFunctionScriptingTraits (0ms)
			SetupTypeCache (86ms)
			ReleaseScriptCaches (0ms)
			RebuildScriptCaches (18ms)
			SetupLoadedEditorAssemblies (212ms)
				LogAssemblyErrors (0ms)
				InitializePlatformSupportModulesInManaged (6ms)
				SetLoadedEditorAssemblies (0ms)
				RefreshPlugins (75ms)
				BeforeProcessingInitializeOnLoad (1ms)
				ProcessInitializeOnLoadAttributes (99ms)
				ProcessInitializeOnLoadMethodAttributes (31ms)
				AfterProcessingInitializeOnLoad (0ms)
				EditorAssembliesLoaded (0ms)
			ExecutionOrderSort2 (0ms)
			AwakeInstancesAfterBackupRestoration (0ms)
Platform modules already initialized, skipping
Registering precompiled user dll's ...
Registered in 0.002778 seconds.
Begin MonoManager ReloadAssembly
Symbol file LoadedFromMemory doesn't match image E:\Midnight-Snack\Midnight Snack\Library\PackageCache\com.unity.visualscripting@1.8.0\Editor\VisualScripting.Core\Dependencies\YamlDotNet\Unity.VisualScripting.YamlDotNet.dll
Symbol file LoadedFromMemory doesn't match image E:\Midnight-Snack\Midnight Snack\Library\PackageCache\com.unity.visualscripting@1.8.0\Editor\VisualScripting.Core\Dependencies\DotNetZip\Unity.VisualScripting.IonicZip.dll
Native extension for WindowsStandalone target not found
Native extension for WebGL target not found
Refreshing native plugins compatible for Editor in 0.84 ms, found 3 plugins.
Preloading 0 native plugins for Editor in 0.00 ms.
Mono: successfully reloaded assembly
- Completed reload, in  0.703 seconds
Domain Reload Profiling:
	ReloadAssembly (703ms)
		BeginReloadAssembly (89ms)
			ExecutionOrderSort (0ms)
			DisableScriptedObjects (5ms)
			BackupInstance (0ms)
			ReleaseScriptingObjects (0ms)
			CreateAndSetChildDomain (20ms)
		EndReloadAssembly (538ms)
			LoadAssemblies (56ms)
			RebuildTransferFunctionScriptingTraits (0ms)
			SetupTypeCache (184ms)
			ReleaseScriptCaches (1ms)
			RebuildScriptCaches (42ms)
			SetupLoadedEditorAssemblies (233ms)
				LogAssemblyErrors (0ms)
				InitializePlatformSupportModulesInManaged (4ms)
				SetLoadedEditorAssemblies (0ms)
				RefreshPlugins (1ms)
				BeforeProcessingInitializeOnLoad (55ms)
				ProcessInitializeOnLoadAttributes (159ms)
				ProcessInitializeOnLoadMethodAttributes (13ms)
				AfterProcessingInitializeOnLoad (2ms)
				EditorAssembliesLoaded (0ms)
			ExecutionOrderSort2 (0ms)
			AwakeInstancesAfterBackupRestoration (4ms)
Platform modules already initialized, skipping
========================================================================
Worker process is ready to serve import requests
Launched and connected shader compiler UnityShaderCompiler.exe after 0.05 seconds
Refreshing native plugins compatible for Editor in 1.52 ms, found 3 plugins.
Preloading 0 native plugins for Editor in 0.00 ms.
Unloading 3048 Unused Serialized files (Serialized files now loaded: 0)
Unloading 24 unused Assets / (113.5 KB). Loaded Objects now: 3524.
Memory consumption went from 122.3 MB to 122.2 MB.
Total: 3.271200 ms (FindLiveObjects: 0.224400 ms CreateObjectMapping: 0.107300 ms MarkObjects: 2.812800 ms  DeleteObjects: 0.125900 ms)

AssetImportParameters requested are different than current active one (requested -> active):
  custom:video-decoder-ogg-theora: a1e56fd34408186e4bbccfd4996cb3dc -> 
  custom:container-muxer-webm: aa71ff27fc2769a1b78a27578f13a17b -> 
  custom:container-demuxer-webm: 4f35f7cbe854078d1ac9338744f61a02 -> 
  custom:video-encoder-webm-vp8: eb34c28f22e8b96e1ab97ce403110664 -> 
  custom:audio-encoder-webm-vorbis: bf7c407c2cedff20999df2af8eb42d56 -> 
  custom:framework-win-MediaFoundation: 216162199b28c13a410421893ffa2e32 -> 
  custom:container-demuxer-ogg: 62fdf1f143b41e24485cea50d1cbac27 -> 
  custom:video-decoder-webm-vp8: 9c59270c3fd7afecdb556c50c9e8de78 -> 
  custom:audio-decoder-ogg-vorbis: bf7c407c2cedff20999df2af8eb42d56 -> 
========================================================================
Received Import Request.
  Time since last request: 873411.398821 seconds.
  path: Assets/Polygon-NewYork/Prefabs/Street_Decoration_05.prefab
  artifactKey: Guid(db78823ecfc5335499b79337ad2684f1) Importer(815301076,1909f56bfc062723c751e8b465ee728b)
Start importing Assets/Polygon-NewYork/Prefabs/Street_Decoration_05.prefab using Guid(db78823ecfc5335499b79337ad2684f1) Importer(815301076,1909f56bfc062723c751e8b465ee728b)  -> (artifact id: '11ac7e1aa9ef2e8625944b5fdab852e4') in 0.110528 seconds 
========================================================================
Received Import Request.
  Time since last request: 0.000022 seconds.
  path: Assets/Polygon-NewYork/Prefabs/Street_Decoration_09.prefab
  artifactKey: Guid(6b6e8ce6b00980347810b912030461bd) Importer(815301076,1909f56bfc062723c751e8b465ee728b)
Start importing Assets/Polygon-NewYork/Prefabs/Street_Decoration_09.prefab using Guid(6b6e8ce6b00980347810b912030461bd) Importer(815301076,1909f56bfc062723c751e8b465ee728b)  -> (artifact id: '17658aa19680f6a9ebf01fb61dcc34d0') in 0.014861 seconds 
========================================================================
Received Import Request.
  Time since last request: 0.383227 seconds.
  path: Assets/Polygon-NewYork/Prefabs/Street_Decoration_021.prefab
  artifactKey: Guid(a1948776349815548ae8ae8353d7c9ab) Importer(815301076,1909f56bfc062723c751e8b465ee728b)
Start importing Assets/Polygon-NewYork/Prefabs/Street_Decoration_021.prefab using Guid(a1948776349815548ae8ae8353d7c9ab) Importer(815301076,1909f56bfc062723c751e8b465ee728b)  -> (artifact id: '1a4921091967713a334ed901a8c26e03') in 0.012441 seconds 
========================================================================
Received Import Request.
  Time since last request: 0.000022 seconds.
  path: Assets/Polygon-NewYork/Prefabs/Window_decoration_07_A.prefab
  artifactKey: Guid(f40e01507bbb44f49b709f6454314767) Importer(815301076,1909f56bfc062723c751e8b465ee728b)
Start importing Assets/Polygon-NewYork/Prefabs/Window_decoration_07_A.prefab using Guid(f40e01507bbb44f49b709f6454314767) Importer(815301076,1909f56bfc062723c751e8b465ee728b)  -> (artifact id: 'a01b9478e1991aa12db3d724d3b69e2f') in 0.013265 seconds 
========================================================================
Received Import Request.
  Time since last request: 0.000021 seconds.
  path: Assets/Polygon-NewYork/Prefabs/Street_Light_01.prefab
  artifactKey: Guid(8b7b3b35c17c2424a962d1d492bce6b8) Importer(815301076,1909f56bfc062723c751e8b465ee728b)
Start importing Assets/Polygon-NewYork/Prefabs/Street_Light_01.prefab using Guid(8b7b3b35c17c2424a962d1d492bce6b8) Importer(815301076,1909f56bfc062723c751e8b465ee728b)  -> (artifact id: '99d8ba3d412cb54457c66050150f47dc') in 0.013636 seconds 
========================================================================
Received Import Request.
  Time since last request: 0.000026 seconds.
  path: Assets/Polygon-NewYork/Prefabs/Window_decoration_08_A.prefab
  artifactKey: Guid(5f7a8e44f784c5240ac06b8872e5775c) Importer(815301076,1909f56bfc062723c751e8b465ee728b)
Start importing Assets/Polygon-NewYork/Prefabs/Window_decoration_08_A.prefab using Guid(5f7a8e44f784c5240ac06b8872e5775c) Importer(815301076,1909f56bfc062723c751e8b465ee728b)  -> (artifact id: '61887bfa8f3652674e3d2ddeac575aca') in 0.013864 seconds 
========================================================================
Received Import Request.
  Time since last request: 0.000015 seconds.
  path: Assets/Polygon-NewYork/Prefabs/Window_decoration_010.prefab
  artifactKey: Guid(fe0817d59487e524ea1421759c35fad5) Importer(815301076,1909f56bfc062723c751e8b465ee728b)
Start importing Assets/Polygon-NewYork/Prefabs/Window_decoration_010.prefab using Guid(fe0817d59487e524ea1421759c35fad5) Importer(815301076,1909f56bfc062723c751e8b465ee728b)  -> (artifact id: '0db857326e5eafb5b091739eefb37fc1') in 0.013473 seconds 
========================================================================
Received Import Request.
  Time since last request: 0.627407 seconds.
  path: Assets/Polygon-NewYork/Prefabs/Window_decoration_015.prefab
  artifactKey: Guid(f407cb87ca5f2ff438bb146e85ca1187) Importer(815301076,1909f56bfc062723c751e8b465ee728b)
Start importing Assets/Polygon-NewYork/Prefabs/Window_decoration_015.prefab using Guid(f407cb87ca5f2ff438bb146e85ca1187) Importer(815301076,1909f56bfc062723c751e8b465ee728b)  -> (artifact id: 'b3df171f48f574cfacab29032f4e872a') in 0.012456 seconds 
========================================================================
Received Import Request.
  Time since last request: 0.000018 seconds.
  path: Assets/Polygon-NewYork/Prefabs/Window_decoration_016.prefab
  artifactKey: Guid(65428624574c0de47be9e6e1e19c8078) Importer(815301076,1909f56bfc062723c751e8b465ee728b)
Start importing Assets/Polygon-NewYork/Prefabs/Window_decoration_016.prefab using Guid(65428624574c0de47be9e6e1e19c8078) Importer(815301076,1909f56bfc062723c751e8b465ee728b)  -> (artifact id: '9282c5654a0ef69c280cf0d28b56f99d') in 0.013779 seconds 
========================================================================
Received Import Request.
  Time since last request: 0.000021 seconds.
  path: Assets/Polygon-NewYork/Prefabs/Window_Frame_05_03.prefab
  artifactKey: Guid(51c7a839d92872740b717312b81690f3) Importer(815301076,1909f56bfc062723c751e8b465ee728b)
Start importing Assets/Polygon-NewYork/Prefabs/Window_Frame_05_03.prefab using Guid(51c7a839d92872740b717312b81690f3) Importer(815301076,1909f56bfc062723c751e8b465ee728b)  -> (artifact id: '3e86c44a30e5ce9072f4d05b4ebcb332') in 0.015900 seconds 
========================================================================
Received Import Request.
  Time since last request: 0.000028 seconds.
  path: Assets/Polygon-NewYork/Prefabs/Window_Frame_03_03.prefab
  artifactKey: Guid(3dd5531868c5c41419b81c5e7b0a8a26) Importer(815301076,1909f56bfc062723c751e8b465ee728b)
Start importing Assets/Polygon-NewYork/Prefabs/Window_Frame_03_03.prefab using Guid(3dd5531868c5c41419b81c5e7b0a8a26) Importer(815301076,1909f56bfc062723c751e8b465ee728b)  -> (artifact id: '5b9ff0829cde42e8f89f08b5615f719f') in 0.013885 seconds 
========================================================================
Received Import Request.
  Time since last request: 0.000018 seconds.
  path: Assets/Polygon-NewYork/Prefabs/Window_Frame_01_03.prefab
  artifactKey: Guid(0d87c33942c1cf14992c7fcaebaa8c65) Importer(815301076,1909f56bfc062723c751e8b465ee728b)
Start importing Assets/Polygon-NewYork/Prefabs/Window_Frame_01_03.prefab using Guid(0d87c33942c1cf14992c7fcaebaa8c65) Importer(815301076,1909f56bfc062723c751e8b465ee728b)  -> (artifact id: '5abee3c0fff125db01071db6a79bdf2c') in 0.014474 seconds 
========================================================================
Received Import Request.
  Time since last request: 5.726260 seconds.
  path: Assets/Polygon-NewYork/Prefabs/Walls/Door_03_01.prefab
  artifactKey: Guid(ad2aef3f27e815642a3f319dd2b5bfdc) Importer(815301076,1909f56bfc062723c751e8b465ee728b)
Start importing Assets/Polygon-NewYork/Prefabs/Walls/Door_03_01.prefab using Guid(ad2aef3f27e815642a3f319dd2b5bfdc) Importer(815301076,1909f56bfc062723c751e8b465ee728b)  -> (artifact id: 'bb9717ba6e9cf16635f8290a0cfafd0a') in 0.013687 seconds 
========================================================================
Received Import Request.
  Time since last request: 0.000018 seconds.
  path: Assets/Polygon-NewYork/Prefabs/Walls/Walls_01_(2х3)_E_Decor_B_01.prefab
  artifactKey: Guid(13f3526fd22da704aaabbc7330f65654) Importer(815301076,1909f56bfc062723c751e8b465ee728b)
Start importing Assets/Polygon-NewYork/Prefabs/Walls/Walls_01_(2х3)_E_Decor_B_01.prefab using Guid(13f3526fd22da704aaabbc7330f65654) Importer(815301076,1909f56bfc062723c751e8b465ee728b)  -> (artifact id: 'e9f31c14fe75a5fe34290c88b15b56cf') in 0.013992 seconds 
========================================================================
Received Import Request.
  Time since last request: 0.000020 seconds.
  path: Assets/Polygon-NewYork/Prefabs/Walls/Foundation_03_(2x2)_Angle_01.prefab
  artifactKey: Guid(0083d95df781f3a409e6a26e327d9250) Importer(815301076,1909f56bfc062723c751e8b465ee728b)
Start importing Assets/Polygon-NewYork/Prefabs/Walls/Foundation_03_(2x2)_Angle_01.prefab using Guid(0083d95df781f3a409e6a26e327d9250) Importer(815301076,1909f56bfc062723c751e8b465ee728b)  -> (artifact id: '805b8ec791b0488b5e8b19f4076c3e16') in 0.015679 seconds 
========================================================================
Received Import Request.
  Time since last request: 0.000019 seconds.
  path: Assets/Polygon-NewYork/Prefabs/Walls/Foundation_03_(2x3)_Angle_01.prefab
  artifactKey: Guid(d4c160a5c52ccf443a194343b97056e4) Importer(815301076,1909f56bfc062723c751e8b465ee728b)
Start importing Assets/Polygon-NewYork/Prefabs/Walls/Foundation_03_(2x3)_Angle_01.prefab using Guid(d4c160a5c52ccf443a194343b97056e4) Importer(815301076,1909f56bfc062723c751e8b465ee728b)  -> (artifact id: '50ec3d2fc9a8d4bbf5337e94f85c33f5') in 0.012572 seconds 
========================================================================
Received Import Request.
  Time since last request: 0.000017 seconds.
  path: Assets/Polygon-NewYork/Prefabs/Walls/Walls_01_(2х3)_F_Decor_A_01.prefab
  artifactKey: Guid(0b4a34b8398e53c43b6e665f6433638e) Importer(815301076,1909f56bfc062723c751e8b465ee728b)
Start importing Assets/Polygon-NewYork/Prefabs/Walls/Walls_01_(2х3)_F_Decor_A_01.prefab using Guid(0b4a34b8398e53c43b6e665f6433638e) Importer(815301076,1909f56bfc062723c751e8b465ee728b)  -> (artifact id: 'd4030c3b9b04f5db848803f63e9ac2c6') in 0.012777 seconds 
========================================================================
Received Import Request.
  Time since last request: 0.000021 seconds.
  path: Assets/Polygon-NewYork/Prefabs/Walls/Walls_01_(2х3)_Arch_B_Angle_01_01.prefab
  artifactKey: Guid(cd7c194ece984dd4c89c6c4dd68eaa2d) Importer(815301076,1909f56bfc062723c751e8b465ee728b)
Start importing Assets/Polygon-NewYork/Prefabs/Walls/Walls_01_(2х3)_Arch_B_Angle_01_01.prefab using Guid(cd7c194ece984dd4c89c6c4dd68eaa2d) Importer(815301076,1909f56bfc062723c751e8b465ee728b)  -> (artifact id: '80245e80702996902cd37fc89c152b17') in 0.011981 seconds 
========================================================================
Received Import Request.
  Time since last request: 0.000033 seconds.
  path: Assets/Polygon-NewYork/Prefabs/Walls/Foundation_05_(2x3)_Angle_01.prefab
  artifactKey: Guid(1629e13e14e596c4f8ad07e215f379d9) Importer(815301076,1909f56bfc062723c751e8b465ee728b)
Start importing Assets/Polygon-NewYork/Prefabs/Walls/Foundation_05_(2x3)_Angle_01.prefab using Guid(1629e13e14e596c4f8ad07e215f379d9) Importer(815301076,1909f56bfc062723c751e8b465ee728b)  -> (artifact id: 'e94ca5020335c66179825f4bf7ed1d35') in 0.011632 seconds 
========================================================================
Received Import Request.
  Time since last request: 0.000021 seconds.
  path: Assets/Polygon-NewYork/Prefabs/Walls/Roof_Decoration_03_01.prefab
  artifactKey: Guid(1680a716d4cc0114aa41c7917c330356) Importer(815301076,1909f56bfc062723c751e8b465ee728b)
Start importing Assets/Polygon-NewYork/Prefabs/Walls/Roof_Decoration_03_01.prefab using Guid(1680a716d4cc0114aa41c7917c330356) Importer(815301076,1909f56bfc062723c751e8b465ee728b)  -> (artifact id: '962493211915a85698d4ec58790bc8ce') in 0.014292 seconds 
========================================================================
Received Import Request.
  Time since last request: 0.000019 seconds.
  path: Assets/Polygon-NewYork/Prefabs/Walls/Walls_01_(2х3)_Arch_C_Angle_01_01.prefab
  artifactKey: Guid(35f57cad6cfca514a81e4a2a20baac6d) Importer(815301076,1909f56bfc062723c751e8b465ee728b)
Start importing Assets/Polygon-NewYork/Prefabs/Walls/Walls_01_(2х3)_Arch_C_Angle_01_01.prefab using Guid(35f57cad6cfca514a81e4a2a20baac6d) Importer(815301076,1909f56bfc062723c751e8b465ee728b)  -> (artifact id: 'f01ce4a801c7ce1eaa37b479aba02c52') in 0.010879 seconds 
========================================================================
Received Import Request.
  Time since last request: 0.000021 seconds.
  path: Assets/Polygon-NewYork/Prefabs/Walls/Walls_01_(2х3)_Arch_F_Angle_01_01.prefab
  artifactKey: Guid(28046325ae0b1c445b136147b0f4dba5) Importer(815301076,1909f56bfc062723c751e8b465ee728b)
Start importing Assets/Polygon-NewYork/Prefabs/Walls/Walls_01_(2х3)_Arch_F_Angle_01_01.prefab using Guid(28046325ae0b1c445b136147b0f4dba5) Importer(815301076,1909f56bfc062723c751e8b465ee728b)  -> (artifact id: '1d4dfe36bd18d68756ad61151f3b73c9') in 0.011904 seconds 
========================================================================
Received Import Request.
  Time since last request: 0.000018 seconds.
  path: Assets/Polygon-NewYork/Prefabs/Walls/Walls_01_(2х3)_Arch_E_Angle_02_01.prefab
  artifactKey: Guid(b8993c9b5df84fe488b7c8e739158f56) Importer(815301076,1909f56bfc062723c751e8b465ee728b)
Start importing Assets/Polygon-NewYork/Prefabs/Walls/Walls_01_(2х3)_Arch_E_Angle_02_01.prefab using Guid(b8993c9b5df84fe488b7c8e739158f56) Importer(815301076,1909f56bfc062723c751e8b465ee728b)  -> (artifact id: '9c85381c8e57e69b93274016186ed477') in 0.013690 seconds 
========================================================================
Received Import Request.
  Time since last request: 0.000019 seconds.
  path: Assets/Polygon-NewYork/Prefabs/Walls/Walls_01_(2х3)_G_Decor_A_01.prefab
  artifactKey: Guid(e528bba56b92e234b84f0ad58672b2c4) Importer(815301076,1909f56bfc062723c751e8b465ee728b)
Start importing Assets/Polygon-NewYork/Prefabs/Walls/Walls_01_(2х3)_G_Decor_A_01.prefab using Guid(e528bba56b92e234b84f0ad58672b2c4) Importer(815301076,1909f56bfc062723c751e8b465ee728b)  -> (artifact id: 'a1229a167146a88cc47fc79bb03c74ac') in 0.012616 seconds 
========================================================================
Received Import Request.
  Time since last request: 0.000020 seconds.
  path: Assets/Polygon-NewYork/Prefabs/Walls/Foundation_01_(2x2)_01.prefab
  artifactKey: Guid(8af94062cb3be1d45961db9bf07b038d) Importer(815301076,1909f56bfc062723c751e8b465ee728b)
Start importing Assets/Polygon-NewYork/Prefabs/Walls/Foundation_01_(2x2)_01.prefab using Guid(8af94062cb3be1d45961db9bf07b038d) Importer(815301076,1909f56bfc062723c751e8b465ee728b)  -> (artifact id: '0c5e292768e873a26885ac7493e02da1') in 0.013424 seconds 
========================================================================
Received Import Request.
  Time since last request: 0.000022 seconds.
  path: Assets/Polygon-NewYork/Prefabs/Walls/Walls_01_(2х3)_A_Angle_C_01.prefab
  artifactKey: Guid(65e265863b5812f43923ddc48ee80061) Importer(815301076,1909f56bfc062723c751e8b465ee728b)
Start importing Assets/Polygon-NewYork/Prefabs/Walls/Walls_01_(2х3)_A_Angle_C_01.prefab using Guid(65e265863b5812f43923ddc48ee80061) Importer(815301076,1909f56bfc062723c751e8b465ee728b)  -> (artifact id: '522c69ac65e27f3ccced06477155122e') in 0.013826 seconds 
========================================================================
Received Import Request.
  Time since last request: 0.000020 seconds.
  path: Assets/Polygon-NewYork/Prefabs/Walls/Walls_01_(4х3)_A_(Rounded_Corner)_01.prefab
  artifactKey: Guid(801692528fe119b44a17227e88a4489f) Importer(815301076,1909f56bfc062723c751e8b465ee728b)
Start importing Assets/Polygon-NewYork/Prefabs/Walls/Walls_01_(4х3)_A_(Rounded_Corner)_01.prefab using Guid(801692528fe119b44a17227e88a4489f) Importer(815301076,1909f56bfc062723c751e8b465ee728b)  -> (artifact id: 'a48ab50e4f9cc46563d6bebb620bad42') in 0.013683 seconds 
========================================================================
Received Import Request.
  Time since last request: 0.000017 seconds.
  path: Assets/Polygon-NewYork/Prefabs/Walls/Walls_01_(4х3)_A_(30_Angle)_01.prefab
  artifactKey: Guid(939860c2d55c2ab48ba0bad6e5bff78d) Importer(815301076,1909f56bfc062723c751e8b465ee728b)
Start importing Assets/Polygon-NewYork/Prefabs/Walls/Walls_01_(4х3)_A_(30_Angle)_01.prefab using Guid(939860c2d55c2ab48ba0bad6e5bff78d) Importer(815301076,1909f56bfc062723c751e8b465ee728b)  -> (artifact id: '5b17adb99232a827176a305f6890f244') in 0.013746 seconds 
========================================================================
Received Import Request.
  Time since last request: 0.000019 seconds.
  path: Assets/Polygon-NewYork/Prefabs/Walls/Walls_01_(2х3)_Arch_D_Angle_02_01.prefab
  artifactKey: Guid(7546f6446dcf9bc4ca088c3649035f16) Importer(815301076,1909f56bfc062723c751e8b465ee728b)
Start importing Assets/Polygon-NewYork/Prefabs/Walls/Walls_01_(2х3)_Arch_D_Angle_02_01.prefab using Guid(7546f6446dcf9bc4ca088c3649035f16) Importer(815301076,1909f56bfc062723c751e8b465ee728b)  -> (artifact id: '921b9d416214828b819c9df7daa37658') in 0.012888 seconds 
========================================================================
Received Import Request.
  Time since last request: 0.000016 seconds.
  path: Assets/Polygon-NewYork/Prefabs/Walls/Walls_01_(2х3)_Arch_G_02_01.prefab
  artifactKey: Guid(8d770594cfd870f4bb39092c2620fd48) Importer(815301076,1909f56bfc062723c751e8b465ee728b)
Start importing Assets/Polygon-NewYork/Prefabs/Walls/Walls_01_(2х3)_Arch_G_02_01.prefab using Guid(8d770594cfd870f4bb39092c2620fd48) Importer(815301076,1909f56bfc062723c751e8b465ee728b)  -> (artifact id: '41d06ef81eeac31ded9ff14c2017169d') in 0.013874 seconds 
========================================================================
Received Import Request.
  Time since last request: 0.000016 seconds.
  path: Assets/Polygon-NewYork/Prefabs/Walls/Walls_01_(2х3)_Arch_A_02_01_01.prefab
  artifactKey: Guid(9d17e58465259c246a5bc5ecc44688e2) Importer(815301076,1909f56bfc062723c751e8b465ee728b)
Start importing Assets/Polygon-NewYork/Prefabs/Walls/Walls_01_(2х3)_Arch_A_02_01_01.prefab using Guid(9d17e58465259c246a5bc5ecc44688e2) Importer(815301076,1909f56bfc062723c751e8b465ee728b)  -> (artifact id: '6597cb1ba65a577a6d388315081f2183') in 0.013829 seconds 
========================================================================
Received Import Request.
  Time since last request: 0.000025 seconds.
  path: Assets/Polygon-NewYork/Prefabs/Walls/Walls_01_(2х3)_Arch_D_01_01.prefab
  artifactKey: Guid(ca0babb625f492e48a82097173125f2b) Importer(815301076,1909f56bfc062723c751e8b465ee728b)
Start importing Assets/Polygon-NewYork/Prefabs/Walls/Walls_01_(2х3)_Arch_D_01_01.prefab using Guid(ca0babb625f492e48a82097173125f2b) Importer(815301076,1909f56bfc062723c751e8b465ee728b)  -> (artifact id: '489339d8674a22d6ea146127b4062b2b') in 0.013848 seconds 
========================================================================
Received Import Request.
  Time since last request: 0.000025 seconds.
  path: Assets/Polygon-NewYork/Prefabs/Walls/Walls_01_(2х3)_Arch_D_Angle_01_01.prefab
  artifactKey: Guid(c49babfbb000e0a43a81f49d7e34766c) Importer(815301076,1909f56bfc062723c751e8b465ee728b)
Start importing Assets/Polygon-NewYork/Prefabs/Walls/Walls_01_(2х3)_Arch_D_Angle_01_01.prefab using Guid(c49babfbb000e0a43a81f49d7e34766c) Importer(815301076,1909f56bfc062723c751e8b465ee728b)  -> (artifact id: '885025542cd84b71cfe4341066f988d0') in 0.013596 seconds 
========================================================================
Received Import Request.
  Time since last request: 0.000019 seconds.
  path: Assets/Polygon-NewYork/Prefabs/Walls/Foundation_02_(2x2)_Angle_01.prefab
  artifactKey: Guid(4fee8e71684de684ea4d87bb5fb772d1) Importer(815301076,1909f56bfc062723c751e8b465ee728b)
Start importing Assets/Polygon-NewYork/Prefabs/Walls/Foundation_02_(2x2)_Angle_01.prefab using Guid(4fee8e71684de684ea4d87bb5fb772d1) Importer(815301076,1909f56bfc062723c751e8b465ee728b)  -> (artifact id: 'efe4db3e3fc08b6394f9bc603c9168bd') in 0.013251 seconds 
========================================================================
Received Import Request.
  Time since last request: 0.000017 seconds.
  path: Assets/Polygon-NewYork/Prefabs/Walls/Walls_01_(2х3)_B_01.prefab
  artifactKey: Guid(b2a6f9b48f392f3489a8167836bfdf95) Importer(815301076,1909f56bfc062723c751e8b465ee728b)
Start importing Assets/Polygon-NewYork/Prefabs/Walls/Walls_01_(2х3)_B_01.prefab using Guid(b2a6f9b48f392f3489a8167836bfdf95) Importer(815301076,1909f56bfc062723c751e8b465ee728b)  -> (artifact id: '05280022f29570505947d69861d1bd0f') in 0.014495 seconds 
========================================================================
Received Import Request.
  Time since last request: 0.000019 seconds.
  path: Assets/Polygon-NewYork/Prefabs/Walls/Door_04_01 (3).prefab
  artifactKey: Guid(53d06f92325101f438a4b5f5221e3891) Importer(815301076,1909f56bfc062723c751e8b465ee728b)
Start importing Assets/Polygon-NewYork/Prefabs/Walls/Door_04_01 (3).prefab using Guid(53d06f92325101f438a4b5f5221e3891) Importer(815301076,1909f56bfc062723c751e8b465ee728b)  -> (artifact id: 'c3bac7fda6a10c572124308f2f86f469') in 0.013546 seconds 
========================================================================
Received Import Request.
  Time since last request: 0.000019 seconds.
  path: Assets/Polygon-NewYork/Prefabs/Walls/Walls_01_(2х3)_A_01.prefab
  artifactKey: Guid(ce0fa6bee1e5f6344ae3cb167734d2ad) Importer(815301076,1909f56bfc062723c751e8b465ee728b)
Start importing Assets/Polygon-NewYork/Prefabs/Walls/Walls_01_(2х3)_A_01.prefab using Guid(ce0fa6bee1e5f6344ae3cb167734d2ad) Importer(815301076,1909f56bfc062723c751e8b465ee728b)  -> (artifact id: 'ac7cd17e9d987ebc0497b3a28f92a6e2') in 0.013285 seconds 
========================================================================
Received Import Request.
  Time since last request: 0.000018 seconds.
  path: Assets/Polygon-NewYork/Prefabs/Walls/Walls_01_(2х3)_Arch_D_02_01.prefab
  artifactKey: Guid(d24d5fcefa063274691f37e952123650) Importer(815301076,1909f56bfc062723c751e8b465ee728b)
Start importing Assets/Polygon-NewYork/Prefabs/Walls/Walls_01_(2х3)_Arch_D_02_01.prefab using Guid(d24d5fcefa063274691f37e952123650) Importer(815301076,1909f56bfc062723c751e8b465ee728b)  -> (artifact id: '77be4349b1bbd7b2cedbbb3803248e92') in 0.013332 seconds 
========================================================================
Received Import Request.
  Time since last request: 8.131660 seconds.
  path: Assets/Polygon-Houses/Prefabs/Street/SM_floor_03.prefab
  artifactKey: Guid(f058f0055ead26f4fb84e3520e0d7361) Importer(815301076,1909f56bfc062723c751e8b465ee728b)
Start importing Assets/Polygon-Houses/Prefabs/Street/SM_floor_03.prefab using Guid(f058f0055ead26f4fb84e3520e0d7361) Importer(815301076,1909f56bfc062723c751e8b465ee728b)  -> (artifact id: '1908c3e6722908d6c32fab2df035d6b4') in 0.012367 seconds 
========================================================================
Received Import Request.
  Time since last request: 0.000016 seconds.
  path: Assets/Polygon-Houses/Prefabs/Street/SM_Tree_01_B.prefab
  artifactKey: Guid(4fb8cc19276aa4d49b85306e0b43d405) Importer(815301076,1909f56bfc062723c751e8b465ee728b)
Start importing Assets/Polygon-Houses/Prefabs/Street/SM_Tree_01_B.prefab using Guid(4fb8cc19276aa4d49b85306e0b43d405) Importer(815301076,1909f56bfc062723c751e8b465ee728b)  -> (artifact id: '7b7342234b7470185e92f394f8caf8a5') in 0.013329 seconds 
========================================================================
Received Import Request.
  Time since last request: 0.000016 seconds.
  path: Assets/Polygon-Houses/Prefabs/Street/SM_flower_bed.prefab
  artifactKey: Guid(80a5f54fe4b87de4d85e45a1dbe16465) Importer(815301076,1909f56bfc062723c751e8b465ee728b)
Start importing Assets/Polygon-Houses/Prefabs/Street/SM_flower_bed.prefab using Guid(80a5f54fe4b87de4d85e45a1dbe16465) Importer(815301076,1909f56bfc062723c751e8b465ee728b)  -> (artifact id: '2de784b8aee539724377892182d6276c') in 0.013713 seconds 
========================================================================
Received Import Request.
  Time since last request: 0.000016 seconds.
  path: Assets/Polygon-Houses/Prefabs/Street/SM_road_05.prefab
  artifactKey: Guid(21be9638ddbeb1f4fbab3a2010bde50d) Importer(815301076,1909f56bfc062723c751e8b465ee728b)
Start importing Assets/Polygon-Houses/Prefabs/Street/SM_road_05.prefab using Guid(21be9638ddbeb1f4fbab3a2010bde50d) Importer(815301076,1909f56bfc062723c751e8b465ee728b)  -> (artifact id: 'd6c3b9c2946862be4cc977a2acee2e3c') in 0.013992 seconds 
========================================================================
Received Import Request.
  Time since last request: 0.000015 seconds.
  path: Assets/Polygon-Houses/Prefabs/Street/SM_floor_04.prefab
  artifactKey: Guid(4240fc4c91acabf488f8b01dadf3509b) Importer(815301076,1909f56bfc062723c751e8b465ee728b)
Start importing Assets/Polygon-Houses/Prefabs/Street/SM_floor_04.prefab using Guid(4240fc4c91acabf488f8b01dadf3509b) Importer(815301076,1909f56bfc062723c751e8b465ee728b)  -> (artifact id: '607f2c6fd6d73ec2f9da44b07f6e37e8') in 0.016478 seconds 
========================================================================
Received Import Request.
  Time since last request: 0.000018 seconds.
  path: Assets/Polygon-Houses/Prefabs/Street/SM_Tree_01_A.prefab
  artifactKey: Guid(a0e4db33d9e43c544bf042e4d0fac7c9) Importer(815301076,1909f56bfc062723c751e8b465ee728b)
Start importing Assets/Polygon-Houses/Prefabs/Street/SM_Tree_01_A.prefab using Guid(a0e4db33d9e43c544bf042e4d0fac7c9) Importer(815301076,1909f56bfc062723c751e8b465ee728b)  -> (artifact id: 'b8eaca2e2e371a8e9d90ab8e8ac8276a') in 0.012856 seconds 
Editor requested this worker to shutdown with reason: Scaling down because of idle timeout
AssetImportWorker is now disconnected from the server
Process exiting
Exiting without the bug reporter. Application will terminate with return code 0