Using pre-set license
Built from '2021.3/staging' branch; Version is '2021.3.18f1 (3129e69bc0c7) revision 3221990'; Using compiler version '192829333'; Build Type 'Release'
OS: 'Windows 10  (10.0.19045) 64bit Professional' Language: 'en' Physical Memory: 32689 MB
BatchMode: 1, IsHumanControllingUs: 0, StartBugReporterOnCrash: 0, Is64bit: 1, IsPro: 1

COMMAND LINE ARGUMENTS:
E:\Unity\2021.3.18f1\Editor\Unity.exe
-adb2
-batchMode
-noUpm
-name
AssetImportWorker1
-projectPath
E:/Midnight-Snack/Midnight Snack
-logFile
Logs/AssetImportWorker1.log
-srvPort
52301
Successfully changed project path to: E:/Midnight-Snack/Midnight Snack
E:/Midnight-Snack/Midnight Snack
[UnityMemory] Configuration Parameters - Can be set up in boot.config
    "memorysetup-bucket-allocator-granularity=16"
    "memorysetup-bucket-allocator-bucket-count=8"
    "memorysetup-bucket-allocator-block-size=33554432"
    "memorysetup-bucket-allocator-block-count=8"
    "memorysetup-main-allocator-block-size=16777216"
    "memorysetup-thread-allocator-block-size=16777216"
    "memorysetup-gfx-main-allocator-block-size=16777216"
    "memorysetup-gfx-thread-allocator-block-size=16777216"
    "memorysetup-cache-allocator-block-size=4194304"
    "memorysetup-typetree-allocator-block-size=2097152"
    "memorysetup-profiler-bucket-allocator-granularity=16"
    "memorysetup-profiler-bucket-allocator-bucket-count=8"
    "memorysetup-profiler-bucket-allocator-block-size=33554432"
    "memorysetup-profiler-bucket-allocator-block-count=8"
    "memorysetup-profiler-allocator-block-size=16777216"
    "memorysetup-profiler-editor-allocator-block-size=1048576"
    "memorysetup-temp-allocator-size-main=16777216"
    "memorysetup-job-temp-allocator-block-size=2097152"
    "memorysetup-job-temp-allocator-block-size-background=1048576"
    "memorysetup-job-temp-allocator-reduction-small-platforms=262144"
    "memorysetup-temp-allocator-size-background-worker=32768"
    "memorysetup-temp-allocator-size-job-worker=262144"
    "memorysetup-temp-allocator-size-preload-manager=33554432"
    "memorysetup-temp-allocator-size-nav-mesh-worker=65536"
    "memorysetup-temp-allocator-size-audio-worker=65536"
    "memorysetup-temp-allocator-size-cloud-worker=32768"
    "memorysetup-temp-allocator-size-gi-baking-worker=262144"
    "memorysetup-temp-allocator-size-gfx=262144"
Player connection [45220] Host "[IP] 192.168.86.46 [Port] 0 [Flags] 2 [Guid] 1056117517 [EditorId] 1056117517 [Version] 1048832 [Id] WindowsEditor(7,DESKTOP-A8ITLFV) [Debug] 1 [PackageName] WindowsEditor [ProjectName] Editor" joined multi-casting on [225.0.0.222:54997]...

Player connection [45220] Host "[IP] 192.168.86.46 [Port] 0 [Flags] 2 [Guid] 1056117517 [EditorId] 1056117517 [Version] 1048832 [Id] WindowsEditor(7,DESKTOP-A8ITLFV) [Debug] 1 [PackageName] WindowsEditor [ProjectName] Editor" joined alternative multi-casting on [225.0.0.222:34997]...

Refreshing native plugins compatible for Editor in 80.06 ms, found 3 plugins.
Preloading 0 native plugins for Editor in 0.00 ms.
Initialize engine version: 2021.3.18f1 (3129e69bc0c7)
[Subsystems] Discovering subsystems at path E:/Unity/2021.3.18f1/Editor/Data/Resources/UnitySubsystems
[Subsystems] Discovering subsystems at path E:/Midnight-Snack/Midnight Snack/Assets
GfxDevice: creating device client; threaded=0; jobified=0
Direct3D:
    Version:  Direct3D 11.0 [level 11.1]
    Renderer: NVIDIA GeForce RTX 3080 Ti (ID=0x2208)
    Vendor:   NVIDIA
    VRAM:     12100 MB
    Driver:   31.0.15.3179
Initialize mono
Mono path[0] = 'E:/Unity/2021.3.18f1/Editor/Data/Managed'
Mono path[1] = 'E:/Unity/2021.3.18f1/Editor/Data/MonoBleedingEdge/lib/mono/unityjit-win32'
Mono config path = 'E:/Unity/2021.3.18f1/Editor/Data/MonoBleedingEdge/etc'
Using monoOptions --debugger-agent=transport=dt_socket,embedding=1,server=y,suspend=n,address=127.0.0.1:56484
Begin MonoManager ReloadAssembly
Registering precompiled unity dll's ...
Register platform support module: E:/Unity/2021.3.18f1/Editor/Data/PlaybackEngines/WebGLSupport/UnityEditor.WebGL.Extensions.dll
Register platform support module: E:/Unity/2021.3.18f1/Editor/Data/PlaybackEngines/WindowsStandaloneSupport/UnityEditor.WindowsStandalone.Extensions.dll
Registered in 0.002024 seconds.
Native extension for WindowsStandalone target not found
Native extension for WebGL target not found
Refreshing native plugins compatible for Editor in 93.82 ms, found 3 plugins.
Preloading 0 native plugins for Editor in 0.00 ms.
Mono: successfully reloaded assembly
- Completed reload, in  0.502 seconds
Domain Reload Profiling:
	ReloadAssembly (502ms)
		BeginReloadAssembly (50ms)
			ExecutionOrderSort (0ms)
			DisableScriptedObjects (0ms)
			BackupInstance (0ms)
			ReleaseScriptingObjects (0ms)
			CreateAndSetChildDomain (0ms)
		EndReloadAssembly (383ms)
			LoadAssemblies (49ms)
			RebuildTransferFunctionScriptingTraits (0ms)
			SetupTypeCache (72ms)
			ReleaseScriptCaches (0ms)
			RebuildScriptCaches (20ms)
			SetupLoadedEditorAssemblies (255ms)
				LogAssemblyErrors (0ms)
				InitializePlatformSupportModulesInManaged (6ms)
				SetLoadedEditorAssemblies (0ms)
				RefreshPlugins (94ms)
				BeforeProcessingInitializeOnLoad (1ms)
				ProcessInitializeOnLoadAttributes (118ms)
				ProcessInitializeOnLoadMethodAttributes (35ms)
				AfterProcessingInitializeOnLoad (0ms)
				EditorAssembliesLoaded (0ms)
			ExecutionOrderSort2 (0ms)
			AwakeInstancesAfterBackupRestoration (0ms)
Platform modules already initialized, skipping
Registering precompiled user dll's ...
Registered in 0.003079 seconds.
Begin MonoManager ReloadAssembly
Symbol file LoadedFromMemory doesn't match image E:\Midnight-Snack\Midnight Snack\Library\PackageCache\com.unity.visualscripting@1.8.0\Editor\VisualScripting.Core\Dependencies\YamlDotNet\Unity.VisualScripting.YamlDotNet.dll
Symbol file LoadedFromMemory doesn't match image E:\Midnight-Snack\Midnight Snack\Library\PackageCache\com.unity.visualscripting@1.8.0\Editor\VisualScripting.Core\Dependencies\DotNetZip\Unity.VisualScripting.IonicZip.dll
Native extension for WindowsStandalone target not found
Native extension for WebGL target not found
Refreshing native plugins compatible for Editor in 1.04 ms, found 3 plugins.
Preloading 0 native plugins for Editor in 0.00 ms.
Mono: successfully reloaded assembly
- Completed reload, in  0.734 seconds
Domain Reload Profiling:
	ReloadAssembly (735ms)
		BeginReloadAssembly (80ms)
			ExecutionOrderSort (0ms)
			DisableScriptedObjects (5ms)
			BackupInstance (0ms)
			ReleaseScriptingObjects (0ms)
			CreateAndSetChildDomain (18ms)
		EndReloadAssembly (576ms)
			LoadAssemblies (53ms)
			RebuildTransferFunctionScriptingTraits (0ms)
			SetupTypeCache (186ms)
			ReleaseScriptCaches (1ms)
			RebuildScriptCaches (47ms)
			SetupLoadedEditorAssemblies (253ms)
				LogAssemblyErrors (0ms)
				InitializePlatformSupportModulesInManaged (5ms)
				SetLoadedEditorAssemblies (0ms)
				RefreshPlugins (1ms)
				BeforeProcessingInitializeOnLoad (61ms)
				ProcessInitializeOnLoadAttributes (170ms)
				ProcessInitializeOnLoadMethodAttributes (13ms)
				AfterProcessingInitializeOnLoad (3ms)
				EditorAssembliesLoaded (0ms)
			ExecutionOrderSort2 (0ms)
			AwakeInstancesAfterBackupRestoration (4ms)
Platform modules already initialized, skipping
========================================================================
Worker process is ready to serve import requests
Launched and connected shader compiler UnityShaderCompiler.exe after 0.07 seconds
Refreshing native plugins compatible for Editor in 1.06 ms, found 3 plugins.
Preloading 0 native plugins for Editor in 0.00 ms.
Unloading 3204 Unused Serialized files (Serialized files now loaded: 0)
Unloading 37 unused Assets / (1.7 MB). Loaded Objects now: 3679.
Memory consumption went from 148.9 MB to 147.2 MB.
Total: 3.072300 ms (FindLiveObjects: 0.249900 ms CreateObjectMapping: 0.151800 ms MarkObjects: 2.205600 ms  DeleteObjects: 0.464500 ms)

AssetImportParameters requested are different than current active one (requested -> active):
  custom:video-decoder-ogg-theora: a1e56fd34408186e4bbccfd4996cb3dc -> 
  custom:container-muxer-webm: aa71ff27fc2769a1b78a27578f13a17b -> 
  custom:container-demuxer-webm: 4f35f7cbe854078d1ac9338744f61a02 -> 
  custom:video-encoder-webm-vp8: eb34c28f22e8b96e1ab97ce403110664 -> 
  custom:audio-encoder-webm-vorbis: bf7c407c2cedff20999df2af8eb42d56 -> 
  custom:framework-win-MediaFoundation: 216162199b28c13a410421893ffa2e32 -> 
  custom:container-demuxer-ogg: 62fdf1f143b41e24485cea50d1cbac27 -> 
  custom:video-decoder-webm-vp8: 9c59270c3fd7afecdb556c50c9e8de78 -> 
  custom:audio-decoder-ogg-vorbis: bf7c407c2cedff20999df2af8eb42d56 -> 
========================================================================
Received Import Request.
  Time since last request: 1740173.445264 seconds.
  path: Assets/stylezed low poly props/Prefabs/Wall.prefab
  artifactKey: Guid(2859e6fb01d75244db04d8058ddbf59e) Importer(815301076,1909f56bfc062723c751e8b465ee728b)
Start importing Assets/stylezed low poly props/Prefabs/Wall.prefab using Guid(2859e6fb01d75244db04d8058ddbf59e) Importer(815301076,1909f56bfc062723c751e8b465ee728b)  -> (artifact id: '4e52dbe46fb6dbd25720681995fc0d9c') in 0.335890 seconds 
========================================================================
Received Import Request.
  Time since last request: 0.000020 seconds.
  path: Assets/stylezed low poly props/Prefabs/Tree3.prefab
  artifactKey: Guid(412e772dd9b5e4a4bb4689c2cc36fd5e) Importer(815301076,1909f56bfc062723c751e8b465ee728b)
Start importing Assets/stylezed low poly props/Prefabs/Tree3.prefab using Guid(412e772dd9b5e4a4bb4689c2cc36fd5e) Importer(815301076,1909f56bfc062723c751e8b465ee728b)  -> (artifact id: 'bab1f900a55e83413de938a77e3fd668') in 0.013630 seconds 
========================================================================
Received Import Request.
  Time since last request: 0.000022 seconds.
  path: Assets/stylezed low poly props/Prefabs/krest.prefab
  artifactKey: Guid(65bb21345d4f9ee4fb2933e981fdbdc1) Importer(815301076,1909f56bfc062723c751e8b465ee728b)
Start importing Assets/stylezed low poly props/Prefabs/krest.prefab using Guid(65bb21345d4f9ee4fb2933e981fdbdc1) Importer(815301076,1909f56bfc062723c751e8b465ee728b)  -> (artifact id: 'afebf8d91a5d57ae092f8db7a08bb6c1') in 0.012728 seconds 
========================================================================
Received Import Request.
  Time since last request: 0.000015 seconds.
  path: Assets/stylezed low poly props/Prefabs/Ograda iz prutev.prefab
  artifactKey: Guid(6e0c284cd4efece4abd0b2e38ef32e3b) Importer(815301076,1909f56bfc062723c751e8b465ee728b)
Start importing Assets/stylezed low poly props/Prefabs/Ograda iz prutev.prefab using Guid(6e0c284cd4efece4abd0b2e38ef32e3b) Importer(815301076,1909f56bfc062723c751e8b465ee728b)  -> (artifact id: 'dad7f3c5b06e8db5126ed8533066ac65') in 0.013238 seconds 
========================================================================
Received Import Request.
  Time since last request: 0.000014 seconds.
  path: Assets/stylezed low poly props/Prefabs/ammo.prefab
  artifactKey: Guid(bc1108456adaa7846b5715febf55fcb8) Importer(815301076,1909f56bfc062723c751e8b465ee728b)
Start importing Assets/stylezed low poly props/Prefabs/ammo.prefab using Guid(bc1108456adaa7846b5715febf55fcb8) Importer(815301076,1909f56bfc062723c751e8b465ee728b)  -> (artifact id: 'f5dee9e086f44d105af8bd6fab4395b8') in 0.012494 seconds 
========================================================================
Received Import Request.
  Time since last request: 0.000015 seconds.
  path: Assets/stylezed low poly props/Prefabs/DirtWithLopata.prefab
  artifactKey: Guid(c2548e4f66ffd9a449e132c559ea96ca) Importer(815301076,1909f56bfc062723c751e8b465ee728b)
Start importing Assets/stylezed low poly props/Prefabs/DirtWithLopata.prefab using Guid(c2548e4f66ffd9a449e132c559ea96ca) Importer(815301076,1909f56bfc062723c751e8b465ee728b)  -> (artifact id: 'd5b9329e3b7e7702164ade6be910a5e6') in 0.012422 seconds 
========================================================================
Received Import Request.
  Time since last request: 0.000018 seconds.
  path: Assets/stylezed low poly props/Prefabs/rocket.prefab
  artifactKey: Guid(b9dea21dd498b894ea837d3b28ad3380) Importer(815301076,1909f56bfc062723c751e8b465ee728b)
Start importing Assets/stylezed low poly props/Prefabs/rocket.prefab using Guid(b9dea21dd498b894ea837d3b28ad3380) Importer(815301076,1909f56bfc062723c751e8b465ee728b)  -> (artifact id: 'ecd6f500c757a7b0d829cff04d3780b5') in 0.014946 seconds 
========================================================================
Received Import Request.
  Time since last request: 0.000019 seconds.
  path: Assets/stylezed low poly props/Prefabs/ladder.prefab
  artifactKey: Guid(99207b5994ce1764cbc8b0520e15382f) Importer(815301076,1909f56bfc062723c751e8b465ee728b)
Start importing Assets/stylezed low poly props/Prefabs/ladder.prefab using Guid(99207b5994ce1764cbc8b0520e15382f) Importer(815301076,1909f56bfc062723c751e8b465ee728b)  -> (artifact id: '264ea45990955190e23f54303c8cbb12') in 0.015572 seconds 
========================================================================
Received Import Request.
  Time since last request: 0.000022 seconds.
  path: Assets/stylezed low poly props/Prefabs/floor.prefab
  artifactKey: Guid(2def44bd99960ac48b0fdb350ef265a3) Importer(815301076,1909f56bfc062723c751e8b465ee728b)
Start importing Assets/stylezed low poly props/Prefabs/floor.prefab using Guid(2def44bd99960ac48b0fdb350ef265a3) Importer(815301076,1909f56bfc062723c751e8b465ee728b)  -> (artifact id: '53eea81c29d5418d23532516c0ad9dcb') in 0.016068 seconds 
========================================================================
Received Import Request.
  Time since last request: 0.000018 seconds.
  path: Assets/stylezed low poly props
  artifactKey: Guid(18a02b1c05e9d2f45a20870346470c36) Importer(815301076,1909f56bfc062723c751e8b465ee728b)
Start importing Assets/stylezed low poly props using Guid(18a02b1c05e9d2f45a20870346470c36) Importer(815301076,1909f56bfc062723c751e8b465ee728b)  -> (artifact id: '6a485520f3141432a135ff88a74dd650') in 0.009675 seconds 
========================================================================
Received Import Request.
  Time since last request: 0.000025 seconds.
  path: Assets/stylezed low poly props/Prefabs/box.prefab
  artifactKey: Guid(0d76463840a57ec4899b2e19ff99c6bb) Importer(815301076,1909f56bfc062723c751e8b465ee728b)
Start importing Assets/stylezed low poly props/Prefabs/box.prefab using Guid(0d76463840a57ec4899b2e19ff99c6bb) Importer(815301076,1909f56bfc062723c751e8b465ee728b)  -> (artifact id: 'a8011e0806132abe43c65d58d703116b') in 0.015286 seconds 
========================================================================
Received Import Request.
  Time since last request: 0.000021 seconds.
  path: Assets/stylezed low poly props/Prefabs/Ograda.prefab
  artifactKey: Guid(3a7a3c905ca8d3c44b97e49c221d2211) Importer(815301076,1909f56bfc062723c751e8b465ee728b)
Start importing Assets/stylezed low poly props/Prefabs/Ograda.prefab using Guid(3a7a3c905ca8d3c44b97e49c221d2211) Importer(815301076,1909f56bfc062723c751e8b465ee728b)  -> (artifact id: 'a05e0bc703068d4d15cf393a60295b0e') in 0.014269 seconds 
========================================================================
Received Import Request.
  Time since last request: 0.000020 seconds.
  path: Assets/stylezed low poly props/Prefabs/NadGrobie.prefab
  artifactKey: Guid(01504ea0633bca549bd9568ab5f5c7a9) Importer(815301076,1909f56bfc062723c751e8b465ee728b)
Start importing Assets/stylezed low poly props/Prefabs/NadGrobie.prefab using Guid(01504ea0633bca549bd9568ab5f5c7a9) Importer(815301076,1909f56bfc062723c751e8b465ee728b)  -> (artifact id: 'e0b886bcf9ecf84f94ef65bafd5bedf0') in 0.015411 seconds 
Editor requested this worker to shutdown with reason: Scaling down because of idle timeout
AssetImportWorker is now disconnected from the server
Process exiting
Exiting without the bug reporter. Application will terminate with return code 0