Using pre-set license
Built from '2021.3/staging' branch; Version is '2021.3.18f1 (3129e69bc0c7) revision 3221990'; Using compiler version '192829333'; Build Type 'Release'
OS: 'Windows 10  (10.0.19045) 64bit Professional' Language: 'en' Physical Memory: 32689 MB
BatchMode: 1, IsHumanControllingUs: 0, StartBugReporterOnCrash: 0, Is64bit: 1, IsPro: 1

COMMAND LINE ARGUMENTS:
E:\Unity\2021.3.18f1\Editor\Unity.exe
-adb2
-batchMode
-noUpm
-name
AssetImportWorker8
-projectPath
E:/Midnight-Snack/Midnight Snack
-logFile
Logs/AssetImportWorker8.log
-srvPort
50307
Successfully changed project path to: E:/Midnight-Snack/Midnight Snack
E:/Midnight-Snack/Midnight Snack
[UnityMemory] Configuration Parameters - Can be set up in boot.config
    "memorysetup-bucket-allocator-granularity=16"
    "memorysetup-bucket-allocator-bucket-count=8"
    "memorysetup-bucket-allocator-block-size=33554432"
    "memorysetup-bucket-allocator-block-count=8"
    "memorysetup-main-allocator-block-size=16777216"
    "memorysetup-thread-allocator-block-size=16777216"
    "memorysetup-gfx-main-allocator-block-size=16777216"
    "memorysetup-gfx-thread-allocator-block-size=16777216"
    "memorysetup-cache-allocator-block-size=4194304"
    "memorysetup-typetree-allocator-block-size=2097152"
    "memorysetup-profiler-bucket-allocator-granularity=16"
    "memorysetup-profiler-bucket-allocator-bucket-count=8"
    "memorysetup-profiler-bucket-allocator-block-size=33554432"
    "memorysetup-profiler-bucket-allocator-block-count=8"
    "memorysetup-profiler-allocator-block-size=16777216"
    "memorysetup-profiler-editor-allocator-block-size=1048576"
    "memorysetup-temp-allocator-size-main=16777216"
    "memorysetup-job-temp-allocator-block-size=2097152"
    "memorysetup-job-temp-allocator-block-size-background=1048576"
    "memorysetup-job-temp-allocator-reduction-small-platforms=262144"
    "memorysetup-temp-allocator-size-background-worker=32768"
    "memorysetup-temp-allocator-size-job-worker=262144"
    "memorysetup-temp-allocator-size-preload-manager=33554432"
    "memorysetup-temp-allocator-size-nav-mesh-worker=65536"
    "memorysetup-temp-allocator-size-audio-worker=65536"
    "memorysetup-temp-allocator-size-cloud-worker=32768"
    "memorysetup-temp-allocator-size-gi-baking-worker=262144"
    "memorysetup-temp-allocator-size-gfx=262144"
Player connection [48116] Host "[IP] 192.168.86.46 [Port] 0 [Flags] 2 [Guid] 638431919 [EditorId] 638431919 [Version] 1048832 [Id] WindowsEditor(7,DESKTOP-A8ITLFV) [Debug] 1 [PackageName] WindowsEditor [ProjectName] Editor" joined multi-casting on [225.0.0.222:54997]...

Player connection [48116] Host "[IP] 192.168.86.46 [Port] 0 [Flags] 2 [Guid] 638431919 [EditorId] 638431919 [Version] 1048832 [Id] WindowsEditor(7,DESKTOP-A8ITLFV) [Debug] 1 [PackageName] WindowsEditor [ProjectName] Editor" joined alternative multi-casting on [225.0.0.222:34997]...

Refreshing native plugins compatible for Editor in 82.61 ms, found 3 plugins.
Preloading 0 native plugins for Editor in 0.00 ms.
Initialize engine version: 2021.3.18f1 (3129e69bc0c7)
[Subsystems] Discovering subsystems at path E:/Unity/2021.3.18f1/Editor/Data/Resources/UnitySubsystems
[Subsystems] Discovering subsystems at path E:/Midnight-Snack/Midnight Snack/Assets
GfxDevice: creating device client; threaded=0; jobified=0
Direct3D:
    Version:  Direct3D 11.0 [level 11.1]
    Renderer: NVIDIA GeForce RTX 3080 Ti (ID=0x2208)
    Vendor:   NVIDIA
    VRAM:     12100 MB
    Driver:   31.0.15.3179
Initialize mono
Mono path[0] = 'E:/Unity/2021.3.18f1/Editor/Data/Managed'
Mono path[1] = 'E:/Unity/2021.3.18f1/Editor/Data/MonoBleedingEdge/lib/mono/unityjit-win32'
Mono config path = 'E:/Unity/2021.3.18f1/Editor/Data/MonoBleedingEdge/etc'
Using monoOptions --debugger-agent=transport=dt_socket,embedding=1,server=y,suspend=n,address=127.0.0.1:56112
Begin MonoManager ReloadAssembly
Registering precompiled unity dll's ...
Register platform support module: E:/Unity/2021.3.18f1/Editor/Data/PlaybackEngines/WebGLSupport/UnityEditor.WebGL.Extensions.dll
Register platform support module: E:/Unity/2021.3.18f1/Editor/Data/PlaybackEngines/WindowsStandaloneSupport/UnityEditor.WindowsStandalone.Extensions.dll
Registered in 0.002602 seconds.
Native extension for WindowsStandalone target not found
Native extension for WebGL target not found
Refreshing native plugins compatible for Editor in 72.11 ms, found 3 plugins.
Preloading 0 native plugins for Editor in 0.00 ms.
Mono: successfully reloaded assembly
- Completed reload, in  0.485 seconds
Domain Reload Profiling:
	ReloadAssembly (486ms)
		BeginReloadAssembly (58ms)
			ExecutionOrderSort (0ms)
			DisableScriptedObjects (0ms)
			BackupInstance (0ms)
			ReleaseScriptingObjects (0ms)
			CreateAndSetChildDomain (1ms)
		EndReloadAssembly (339ms)
			LoadAssemblies (57ms)
			RebuildTransferFunctionScriptingTraits (0ms)
			SetupTypeCache (70ms)
			ReleaseScriptCaches (0ms)
			RebuildScriptCaches (19ms)
			SetupLoadedEditorAssemblies (215ms)
				LogAssemblyErrors (0ms)
				InitializePlatformSupportModulesInManaged (6ms)
				SetLoadedEditorAssemblies (0ms)
				RefreshPlugins (72ms)
				BeforeProcessingInitializeOnLoad (1ms)
				ProcessInitializeOnLoadAttributes (100ms)
				ProcessInitializeOnLoadMethodAttributes (35ms)
				AfterProcessingInitializeOnLoad (0ms)
				EditorAssembliesLoaded (0ms)
			ExecutionOrderSort2 (0ms)
			AwakeInstancesAfterBackupRestoration (0ms)
Platform modules already initialized, skipping
Registering precompiled user dll's ...
Registered in 0.002946 seconds.
Begin MonoManager ReloadAssembly
Symbol file LoadedFromMemory doesn't match image E:\Midnight-Snack\Midnight Snack\Library\PackageCache\com.unity.visualscripting@1.8.0\Editor\VisualScripting.Core\Dependencies\YamlDotNet\Unity.VisualScripting.YamlDotNet.dll
Symbol file LoadedFromMemory doesn't match image E:\Midnight-Snack\Midnight Snack\Library\PackageCache\com.unity.visualscripting@1.8.0\Editor\VisualScripting.Core\Dependencies\DotNetZip\Unity.VisualScripting.IonicZip.dll
Native extension for WindowsStandalone target not found
Native extension for WebGL target not found
Refreshing native plugins compatible for Editor in 0.85 ms, found 3 plugins.
Preloading 0 native plugins for Editor in 0.00 ms.
Mono: successfully reloaded assembly
- Completed reload, in  0.650 seconds
Domain Reload Profiling:
	ReloadAssembly (650ms)
		BeginReloadAssembly (74ms)
			ExecutionOrderSort (0ms)
			DisableScriptedObjects (5ms)
			BackupInstance (0ms)
			ReleaseScriptingObjects (0ms)
			CreateAndSetChildDomain (16ms)
		EndReloadAssembly (502ms)
			LoadAssemblies (49ms)
			RebuildTransferFunctionScriptingTraits (0ms)
			SetupTypeCache (163ms)
			ReleaseScriptCaches (0ms)
			RebuildScriptCaches (32ms)
			SetupLoadedEditorAssemblies (232ms)
				LogAssemblyErrors (0ms)
				InitializePlatformSupportModulesInManaged (4ms)
				SetLoadedEditorAssemblies (0ms)
				RefreshPlugins (1ms)
				BeforeProcessingInitializeOnLoad (55ms)
				ProcessInitializeOnLoadAttributes (158ms)
				ProcessInitializeOnLoadMethodAttributes (13ms)
				AfterProcessingInitializeOnLoad (2ms)
				EditorAssembliesLoaded (0ms)
			ExecutionOrderSort2 (0ms)
			AwakeInstancesAfterBackupRestoration (4ms)
Platform modules already initialized, skipping
========================================================================
Worker process is ready to serve import requests
Launched and connected shader compiler UnityShaderCompiler.exe after 0.05 seconds
Refreshing native plugins compatible for Editor in 0.83 ms, found 3 plugins.
Preloading 0 native plugins for Editor in 0.00 ms.
Unloading 3048 Unused Serialized files (Serialized files now loaded: 0)
Unloading 24 unused Assets / (113.5 KB). Loaded Objects now: 3524.
Memory consumption went from 122.3 MB to 122.2 MB.
Total: 2.522900 ms (FindLiveObjects: 0.203800 ms CreateObjectMapping: 0.087000 ms MarkObjects: 2.150600 ms  DeleteObjects: 0.080800 ms)

AssetImportParameters requested are different than current active one (requested -> active):
  custom:video-decoder-ogg-theora: a1e56fd34408186e4bbccfd4996cb3dc -> 
  custom:container-muxer-webm: aa71ff27fc2769a1b78a27578f13a17b -> 
  custom:container-demuxer-webm: 4f35f7cbe854078d1ac9338744f61a02 -> 
  custom:video-encoder-webm-vp8: eb34c28f22e8b96e1ab97ce403110664 -> 
  custom:audio-encoder-webm-vorbis: bf7c407c2cedff20999df2af8eb42d56 -> 
  custom:framework-win-MediaFoundation: 216162199b28c13a410421893ffa2e32 -> 
  custom:container-demuxer-ogg: 62fdf1f143b41e24485cea50d1cbac27 -> 
  custom:video-decoder-webm-vp8: 9c59270c3fd7afecdb556c50c9e8de78 -> 
  custom:audio-decoder-ogg-vorbis: bf7c407c2cedff20999df2af8eb42d56 -> 
========================================================================
Received Import Request.
  Time since last request: 874829.658411 seconds.
  path: Assets/Polygon-NewYork/Demo_Evening_Profiles
  artifactKey: Guid(dc5c4b771d7589d4fa4af3c0d8f9feb6) Importer(815301076,1909f56bfc062723c751e8b465ee728b)
Start importing Assets/Polygon-NewYork/Demo_Evening_Profiles using Guid(dc5c4b771d7589d4fa4af3c0d8f9feb6) Importer(815301076,1909f56bfc062723c751e8b465ee728b)  -> (artifact id: '8cc9aff00c7384dae32388a9c7f8e7ee') in 0.013591 seconds 
========================================================================
Received Import Request.
  Time since last request: 1.251202 seconds.
  path: Assets/Polygon-NewYork/Demo_Night_Profiles
  artifactKey: Guid(e6cd63d2a2d478f4db7d4cc2db84892e) Importer(815301076,1909f56bfc062723c751e8b465ee728b)
Start importing Assets/Polygon-NewYork/Demo_Night_Profiles using Guid(e6cd63d2a2d478f4db7d4cc2db84892e) Importer(815301076,1909f56bfc062723c751e8b465ee728b)  -> (artifact id: '46f3125952c434a49e00be66e9ac3227') in 0.008802 seconds 
========================================================================
Received Import Request.
  Time since last request: 0.049546 seconds.
  path: Assets/Polygon-NewYork/Demo_Night_Profiles/Night.asset
  artifactKey: Guid(0cd03e3f6a6a2364cba1bcb56d3c220e) Importer(815301076,1909f56bfc062723c751e8b465ee728b)
Start importing Assets/Polygon-NewYork/Demo_Night_Profiles/Night.asset using Guid(0cd03e3f6a6a2364cba1bcb56d3c220e) Importer(815301076,1909f56bfc062723c751e8b465ee728b)  -> (artifact id: '65d8a2a2c4940ded5fed652af5ffe215') in 0.024618 seconds 
========================================================================
Received Import Request.
  Time since last request: 24.077441 seconds.
  path: Assets/Polygon-City Megapolis/Materials/Bg.mat
  artifactKey: Guid(7da21836f2d98274cb83cb51b60ded1e) Importer(815301076,1909f56bfc062723c751e8b465ee728b)
Start importing Assets/Polygon-City Megapolis/Materials/Bg.mat using Guid(7da21836f2d98274cb83cb51b60ded1e) Importer(815301076,1909f56bfc062723c751e8b465ee728b)  -> (artifact id: '518efae29effb5519cc7485117a507d5') in 0.098686 seconds 
========================================================================
Received Import Request.
  Time since last request: 2.289640 seconds.
  path: Assets/Polygon-City Megapolis/Materials/GroundSmooth.mat
  artifactKey: Guid(7a190a17b91d4ea4a83f725a79bc71e7) Importer(815301076,1909f56bfc062723c751e8b465ee728b)
Start importing Assets/Polygon-City Megapolis/Materials/GroundSmooth.mat using Guid(7a190a17b91d4ea4a83f725a79bc71e7) Importer(815301076,1909f56bfc062723c751e8b465ee728b)  -> (artifact id: 'a6a3f56cab0a66837e9bfeb73e661b3d') in 0.013479 seconds 
========================================================================
Received Import Request.
  Time since last request: 0.140888 seconds.
  path: Assets/Polygon-Houses/Models/Street/SM_Tree_01_C.fbx
  artifactKey: Guid(79f818b33dc6676408500c25dcf8e35c) Importer(815301076,1909f56bfc062723c751e8b465ee728b)
Start importing Assets/Polygon-Houses/Models/Street/SM_Tree_01_C.fbx using Guid(79f818b33dc6676408500c25dcf8e35c) Importer(815301076,1909f56bfc062723c751e8b465ee728b)  -> (artifact id: 'b6bd852e6ecf6ef217b70d96dc2f0af7') in 0.078951 seconds 
========================================================================
Received Import Request.
  Time since last request: 0.000019 seconds.
  path: Assets/Polygon-Houses/Models/Street/SM_road_02.fbx
  artifactKey: Guid(bc0ce42f8d8117e4fb82a88839ae8fde) Importer(815301076,1909f56bfc062723c751e8b465ee728b)
Start importing Assets/Polygon-Houses/Models/Street/SM_road_02.fbx using Guid(bc0ce42f8d8117e4fb82a88839ae8fde) Importer(815301076,1909f56bfc062723c751e8b465ee728b)  -> (artifact id: 'd3084a42e643c3b1f9603373e62ba2d9') in 0.017598 seconds 
========================================================================
Received Import Request.
  Time since last request: 0.000028 seconds.
  path: Assets/Polygon-Houses/Models/Street/SM_sidewalk_02.fbx
  artifactKey: Guid(0def01b57e3e2d34abce7591e4dded77) Importer(815301076,1909f56bfc062723c751e8b465ee728b)
Start importing Assets/Polygon-Houses/Models/Street/SM_sidewalk_02.fbx using Guid(0def01b57e3e2d34abce7591e4dded77) Importer(815301076,1909f56bfc062723c751e8b465ee728b)  -> (artifact id: '5510a750a9249bc45503fd4012077a25') in 0.016031 seconds 
========================================================================
Received Import Request.
  Time since last request: 0.221559 seconds.
  path: Assets/Polygon-Houses/Models/Street/SM_floor_01.fbx
  artifactKey: Guid(2f5912bd1c0f4a64bbd39f989baee621) Importer(815301076,1909f56bfc062723c751e8b465ee728b)
Start importing Assets/Polygon-Houses/Models/Street/SM_floor_01.fbx using Guid(2f5912bd1c0f4a64bbd39f989baee621) Importer(815301076,1909f56bfc062723c751e8b465ee728b)  -> (artifact id: 'df6455382649e24f0843140f57bae83c') in 0.017918 seconds 
========================================================================
Received Import Request.
  Time since last request: 0.000019 seconds.
  path: Assets/Polygon-Houses/Models/Street/SM_floor_04.fbx
  artifactKey: Guid(5998afb4e82e1ce4581cfdb516c7820f) Importer(815301076,1909f56bfc062723c751e8b465ee728b)
Start importing Assets/Polygon-Houses/Models/Street/SM_floor_04.fbx using Guid(5998afb4e82e1ce4581cfdb516c7820f) Importer(815301076,1909f56bfc062723c751e8b465ee728b)  -> (artifact id: 'c3ac334eb4e7075319e79987550c7596') in 0.018910 seconds 
========================================================================
Received Import Request.
  Time since last request: 0.000017 seconds.
  path: Assets/Polygon-Houses/Models/Street/SM_road_01.fbx
  artifactKey: Guid(e62fbf3bccfb7c744b5e987a1d0181a5) Importer(815301076,1909f56bfc062723c751e8b465ee728b)
Start importing Assets/Polygon-Houses/Models/Street/SM_road_01.fbx using Guid(e62fbf3bccfb7c744b5e987a1d0181a5) Importer(815301076,1909f56bfc062723c751e8b465ee728b)  -> (artifact id: 'b7132b0ab04a685da89f1862253557cd') in 0.016668 seconds 
========================================================================
Received Import Request.
  Time since last request: 0.076899 seconds.
  path: Assets/Polygon-City Megapolis/Models/CityProps/SM_Railway_tracks_03.fbx
  artifactKey: Guid(816be6ba60c99f840aa9fda309bfac5a) Importer(815301076,1909f56bfc062723c751e8b465ee728b)
Start importing Assets/Polygon-City Megapolis/Models/CityProps/SM_Railway_tracks_03.fbx using Guid(816be6ba60c99f840aa9fda309bfac5a) Importer(815301076,1909f56bfc062723c751e8b465ee728b)  -> (artifact id: '02cca2bda407fa327bce7b131092dbc6') in 0.017781 seconds 
========================================================================
Received Import Request.
  Time since last request: 0.000016 seconds.
  path: Assets/Polygon-City Megapolis/Models/CityProps/SM_monorail_03.fbx
  artifactKey: Guid(06e3748d6d3bbe645bebbcff855b7bb6) Importer(815301076,1909f56bfc062723c751e8b465ee728b)
Start importing Assets/Polygon-City Megapolis/Models/CityProps/SM_monorail_03.fbx using Guid(06e3748d6d3bbe645bebbcff855b7bb6) Importer(815301076,1909f56bfc062723c751e8b465ee728b)  -> (artifact id: '8c317d14559d7d59b0d86393c1461ff1') in 0.019502 seconds 
========================================================================
Received Import Request.
  Time since last request: 0.000020 seconds.
  path: Assets/Polygon-City Megapolis/Models/CityProps/SM_Railway_tracks_04.fbx
  artifactKey: Guid(1ea5cda74764be04fbde1dd2bfb3ade3) Importer(815301076,1909f56bfc062723c751e8b465ee728b)
Start importing Assets/Polygon-City Megapolis/Models/CityProps/SM_Railway_tracks_04.fbx using Guid(1ea5cda74764be04fbde1dd2bfb3ade3) Importer(815301076,1909f56bfc062723c751e8b465ee728b)  -> (artifact id: 'a5bb42ee1146da98942dfba211beeddb') in 0.018049 seconds 
========================================================================
Received Import Request.
  Time since last request: 0.000028 seconds.
  path: Assets/Polygon-City Megapolis/Models/CityProps/SM_monorail_06.fbx
  artifactKey: Guid(3ca07e1f98985e9488a2b29ed348cd74) Importer(815301076,1909f56bfc062723c751e8b465ee728b)
Start importing Assets/Polygon-City Megapolis/Models/CityProps/SM_monorail_06.fbx using Guid(3ca07e1f98985e9488a2b29ed348cd74) Importer(815301076,1909f56bfc062723c751e8b465ee728b)  -> (artifact id: '75569c3d6f47f1ba5ed533c3ab6ac7c4') in 0.018254 seconds 
========================================================================
Received Import Request.
  Time since last request: 0.000017 seconds.
  path: Assets/Polygon-NewYork/Demo_Evening_Profiles/Sky_HDR.mat
  artifactKey: Guid(cc24fbb601cf41540bb58b88f338549e) Importer(815301076,1909f56bfc062723c751e8b465ee728b)
Start importing Assets/Polygon-NewYork/Demo_Evening_Profiles/Sky_HDR.mat using Guid(cc24fbb601cf41540bb58b88f338549e) Importer(815301076,1909f56bfc062723c751e8b465ee728b)  -> (artifact id: '503439d483848705ec55140ee3566255') in 0.013711 seconds 
========================================================================
Received Import Request.
  Time since last request: 0.000018 seconds.
  path: Assets/Polygon-City Megapolis/Materials/YellowSmooth.mat
  artifactKey: Guid(6e1d36c4bbd37d54f9ea183e4f5fd656) Importer(815301076,1909f56bfc062723c751e8b465ee728b)
Start importing Assets/Polygon-City Megapolis/Materials/YellowSmooth.mat using Guid(6e1d36c4bbd37d54f9ea183e4f5fd656) Importer(815301076,1909f56bfc062723c751e8b465ee728b)  -> (artifact id: '9c4dd1c02a405bee57b1223585f00376') in 0.013746 seconds 
========================================================================
Received Import Request.
  Time since last request: 0.000016 seconds.
  path: Assets/Polygon-Houses/Demo_Day_Profiles/Sky.mat
  artifactKey: Guid(a51ab1dcf7e918d428736220a6eebaf2) Importer(815301076,1909f56bfc062723c751e8b465ee728b)
Start importing Assets/Polygon-Houses/Demo_Day_Profiles/Sky.mat using Guid(a51ab1dcf7e918d428736220a6eebaf2) Importer(815301076,1909f56bfc062723c751e8b465ee728b)  -> (artifact id: '059f2f7b77717532094e2b1c24ba5522') in 0.012692 seconds 
========================================================================
Received Import Request.
  Time since last request: 0.000023 seconds.
  path: Assets/Polygon-City Megapolis/Models/CityProps/SM_Railway_tracks_01.fbx
  artifactKey: Guid(3f562aa0a4f702e42b4fa3fcb987c4b6) Importer(815301076,1909f56bfc062723c751e8b465ee728b)
Start importing Assets/Polygon-City Megapolis/Models/CityProps/SM_Railway_tracks_01.fbx using Guid(3f562aa0a4f702e42b4fa3fcb987c4b6) Importer(815301076,1909f56bfc062723c751e8b465ee728b)  -> (artifact id: '4c8cead7600125895cfc49811373077c') in 0.017149 seconds 
========================================================================
Received Import Request.
  Time since last request: 0.000017 seconds.
  path: Assets/Polygon-City Megapolis/Materials/WhiteCarLight.mat
  artifactKey: Guid(f4ec2a75d29189849922dac715ea9e1b) Importer(815301076,1909f56bfc062723c751e8b465ee728b)
Start importing Assets/Polygon-City Megapolis/Materials/WhiteCarLight.mat using Guid(f4ec2a75d29189849922dac715ea9e1b) Importer(815301076,1909f56bfc062723c751e8b465ee728b)  -> (artifact id: 'fd0e21cb6ff2bc67369df525711317d1') in 0.011608 seconds 
========================================================================
Received Import Request.
  Time since last request: 0.000015 seconds.
  path: Assets/Polygon-City Megapolis/Models/CityProps/SM_Railway_tracks_05.fbx
  artifactKey: Guid(c8cc2485b33d29946a3f1cd5de631fe3) Importer(815301076,1909f56bfc062723c751e8b465ee728b)
Start importing Assets/Polygon-City Megapolis/Models/CityProps/SM_Railway_tracks_05.fbx using Guid(c8cc2485b33d29946a3f1cd5de631fe3) Importer(815301076,1909f56bfc062723c751e8b465ee728b)  -> (artifact id: '5ef3ff9bd5e6b8e90307707408910699') in 0.017084 seconds 
========================================================================
Received Import Request.
  Time since last request: 0.000018 seconds.
  path: Assets/Polygon-City Megapolis/Materials/Mirror.mat
  artifactKey: Guid(00ed8d017346773499dada5912c495c8) Importer(815301076,1909f56bfc062723c751e8b465ee728b)
Start importing Assets/Polygon-City Megapolis/Materials/Mirror.mat using Guid(00ed8d017346773499dada5912c495c8) Importer(815301076,1909f56bfc062723c751e8b465ee728b)  -> (artifact id: 'a35d388241b809b9770c124c69185178') in 0.013192 seconds 
========================================================================
Received Import Request.
  Time since last request: 0.000020 seconds.
  path: Assets/Polygon-City Megapolis/Materials/Water.mat
  artifactKey: Guid(f914dc4eb4b7aff41ba72cedd34e1819) Importer(815301076,1909f56bfc062723c751e8b465ee728b)
Start importing Assets/Polygon-City Megapolis/Materials/Water.mat using Guid(f914dc4eb4b7aff41ba72cedd34e1819) Importer(815301076,1909f56bfc062723c751e8b465ee728b)  -> (artifact id: '94ea9405a2663e8a8c00c80d6a036446') in 0.011558 seconds 
========================================================================
Received Import Request.
  Time since last request: 0.000016 seconds.
  path: Assets/Polygon-City Megapolis/Models/CityProps/SM_brige_04.fbx
  artifactKey: Guid(6816d09e0f1390f41af33c00e636ac08) Importer(815301076,1909f56bfc062723c751e8b465ee728b)
Start importing Assets/Polygon-City Megapolis/Models/CityProps/SM_brige_04.fbx using Guid(6816d09e0f1390f41af33c00e636ac08) Importer(815301076,1909f56bfc062723c751e8b465ee728b)  -> (artifact id: '225c75f9b6eb6570b257f176c9647923') in 0.014523 seconds 
========================================================================
Received Import Request.
  Time since last request: 0.000015 seconds.
  path: Assets/Polygon-City Megapolis/Models/CityProps/SM_brige_06.fbx
  artifactKey: Guid(1d750a4ebda842543ba05c25cdf382fc) Importer(815301076,1909f56bfc062723c751e8b465ee728b)
Start importing Assets/Polygon-City Megapolis/Models/CityProps/SM_brige_06.fbx using Guid(1d750a4ebda842543ba05c25cdf382fc) Importer(815301076,1909f56bfc062723c751e8b465ee728b)  -> (artifact id: 'e64530355cf69baaeff39aaf5a9add0d') in 0.017454 seconds 
========================================================================
Received Import Request.
  Time since last request: 0.000018 seconds.
  path: Assets/Polygon-City Megapolis/Models/CityProps/SM_ladder_06.fbx
  artifactKey: Guid(b47c043fc7550444daf2a7ed35f41312) Importer(815301076,1909f56bfc062723c751e8b465ee728b)
Start importing Assets/Polygon-City Megapolis/Models/CityProps/SM_ladder_06.fbx using Guid(b47c043fc7550444daf2a7ed35f41312) Importer(815301076,1909f56bfc062723c751e8b465ee728b)  -> (artifact id: '67113670f9f6197e0e076f4962ec1895') in 0.016599 seconds 
========================================================================
Received Import Request.
  Time since last request: 26.017970 seconds.
  path: Assets/Polygon-City Megapolis/Materials/MainMaterial.mat
  artifactKey: Guid(a7e7e45efba66a546a27014f9d383832) Importer(815301076,1909f56bfc062723c751e8b465ee728b)
Start importing Assets/Polygon-City Megapolis/Materials/MainMaterial.mat using Guid(a7e7e45efba66a546a27014f9d383832) Importer(815301076,1909f56bfc062723c751e8b465ee728b)  -> (artifact id: '9a8c28df6b9d24a8be30d68af6d5dd33') in 0.119635 seconds 
========================================================================
Received Import Request.
  Time since last request: 121.619012 seconds.
  path: Assets/Polygon-NewYork/Demo_Evening_Profiles/Evening.asset
  artifactKey: Guid(88b302cadea3c2c4793077133811cb88) Importer(815301076,1909f56bfc062723c751e8b465ee728b)
Start importing Assets/Polygon-NewYork/Demo_Evening_Profiles/Evening.asset using Guid(88b302cadea3c2c4793077133811cb88) Importer(815301076,1909f56bfc062723c751e8b465ee728b)  -> (artifact id: '62421d737ba6c30c3020cd7e554fec2a') in 0.011173 seconds 
========================================================================
Received Import Request.
  Time since last request: 172.252575 seconds.
  path: Assets/Polygon-City Megapolis/Demo_Night_Profiles/Night.asset
  artifactKey: Guid(789fd1b470f6aa74d8787f74a5f2e8ea) Importer(815301076,1909f56bfc062723c751e8b465ee728b)
Start importing Assets/Polygon-City Megapolis/Demo_Night_Profiles/Night.asset using Guid(789fd1b470f6aa74d8787f74a5f2e8ea) Importer(815301076,1909f56bfc062723c751e8b465ee728b)  -> (artifact id: '30c39d555c0ffc91d0c7ddc53ee64fc2') in 0.002392 seconds 
========================================================================
Received Import Request.
  Time since last request: 181.876530 seconds.
  path: Assets/Polygon-City Megapolis/Prefab
  artifactKey: Guid(e8a4552c32d8aba4abb47d8682385ca9) Importer(815301076,1909f56bfc062723c751e8b465ee728b)
Start importing Assets/Polygon-City Megapolis/Prefab using Guid(e8a4552c32d8aba4abb47d8682385ca9) Importer(815301076,1909f56bfc062723c751e8b465ee728b)  -> (artifact id: '2fb0d4b4ae73918c4ae0a2b98fb17ede') in 0.009184 seconds 
========================================================================
Received Import Request.
  Time since last request: 5.135938 seconds.
  path: Assets/Polygon-City Megapolis/Prefab/CityProps
  artifactKey: Guid(0630572dcf792cc4fb7d29d5857a5795) Importer(815301076,1909f56bfc062723c751e8b465ee728b)
Start importing Assets/Polygon-City Megapolis/Prefab/CityProps using Guid(0630572dcf792cc4fb7d29d5857a5795) Importer(815301076,1909f56bfc062723c751e8b465ee728b)  -> (artifact id: 'e165097de1160169f31a3122ac9b276e') in 0.009320 seconds 
========================================================================
Received Import Request.
  Time since last request: 0.053791 seconds.
  path: Assets/Polygon-City Megapolis/Prefab/CityProps/SM_Artificial_unevenness_01.prefab
  artifactKey: Guid(864c6d1ae0d13104e8651724042f5945) Importer(815301076,1909f56bfc062723c751e8b465ee728b)
Start importing Assets/Polygon-City Megapolis/Prefab/CityProps/SM_Artificial_unevenness_01.prefab using Guid(864c6d1ae0d13104e8651724042f5945) Importer(815301076,1909f56bfc062723c751e8b465ee728b)  -> (artifact id: '980e0bc3541433eb7e37eabdd07f9707') in 0.018108 seconds 
========================================================================
Received Import Request.
  Time since last request: 0.000016 seconds.
  path: Assets/Polygon-City Megapolis/Prefab/CityProps/SM_hiking_trail_09.prefab
  artifactKey: Guid(6553b3a9a9117074dbca746941dc0272) Importer(815301076,1909f56bfc062723c751e8b465ee728b)
Start importing Assets/Polygon-City Megapolis/Prefab/CityProps/SM_hiking_trail_09.prefab using Guid(6553b3a9a9117074dbca746941dc0272) Importer(815301076,1909f56bfc062723c751e8b465ee728b)  -> (artifact id: '85561a21cf548fbadc4ae315c7411aaf') in 0.014823 seconds 
========================================================================
Received Import Request.
  Time since last request: 0.000018 seconds.
  path: Assets/Polygon-City Megapolis/Prefab/CityProps/SM_concrete_pipe_02.prefab
  artifactKey: Guid(04de9d199f85908459e6b570f053e9f5) Importer(815301076,1909f56bfc062723c751e8b465ee728b)
Start importing Assets/Polygon-City Megapolis/Prefab/CityProps/SM_concrete_pipe_02.prefab using Guid(04de9d199f85908459e6b570f053e9f5) Importer(815301076,1909f56bfc062723c751e8b465ee728b)  -> (artifact id: 'addcb5610132c0e3f1fee6e00b022853') in 0.025512 seconds 
========================================================================
Received Import Request.
  Time since last request: 0.000017 seconds.
  path: Assets/Polygon-City Megapolis/Prefab/CityProps/SM_ditch_04.prefab
  artifactKey: Guid(9a0f178e7d92d704da121a6259ecffa6) Importer(815301076,1909f56bfc062723c751e8b465ee728b)
Start importing Assets/Polygon-City Megapolis/Prefab/CityProps/SM_ditch_04.prefab using Guid(9a0f178e7d92d704da121a6259ecffa6) Importer(815301076,1909f56bfc062723c751e8b465ee728b)  -> (artifact id: 'a520b4c7b372fc3779dc34e4d27f7dd6') in 0.021417 seconds 
========================================================================
Received Import Request.
  Time since last request: 0.000018 seconds.
  path: Assets/Polygon-City Megapolis/Prefab/CityProps/SM_boards_02.prefab
  artifactKey: Guid(184148b6a74561745be36775a49dacd9) Importer(815301076,1909f56bfc062723c751e8b465ee728b)
Start importing Assets/Polygon-City Megapolis/Prefab/CityProps/SM_boards_02.prefab using Guid(184148b6a74561745be36775a49dacd9) Importer(815301076,1909f56bfc062723c751e8b465ee728b)  -> (artifact id: 'b491f8edaafad77a7cfdb469073dd6b0') in 0.021146 seconds 
========================================================================
Received Import Request.
  Time since last request: 0.000015 seconds.
  path: Assets/Polygon-City Megapolis/Prefab/CityProps/SM_barrier_01.prefab
  artifactKey: Guid(46ef3a203663fe141b5ddd3b8e32f543) Importer(815301076,1909f56bfc062723c751e8b465ee728b)
Start importing Assets/Polygon-City Megapolis/Prefab/CityProps/SM_barrier_01.prefab using Guid(46ef3a203663fe141b5ddd3b8e32f543) Importer(815301076,1909f56bfc062723c751e8b465ee728b)  -> (artifact id: 'c248d737c39431386b2a6e8ce6e8c594') in 0.012422 seconds 
========================================================================
Received Import Request.
  Time since last request: 0.000017 seconds.
  path: Assets/Polygon-City Megapolis/Prefab/CityProps/SM_drinking_fountain.prefab
  artifactKey: Guid(0a85be27a25e9444baa86301cce5a27a) Importer(815301076,1909f56bfc062723c751e8b465ee728b)
Start importing Assets/Polygon-City Megapolis/Prefab/CityProps/SM_drinking_fountain.prefab using Guid(0a85be27a25e9444baa86301cce5a27a) Importer(815301076,1909f56bfc062723c751e8b465ee728b)  -> (artifact id: '63f6dc19bf55f984b30d7b3a0037d3fd') in 0.012589 seconds 
========================================================================
Received Import Request.
  Time since last request: 0.000017 seconds.
  path: Assets/Polygon-City Megapolis/Prefab/CityProps/SM_flowerbed_02.prefab
  artifactKey: Guid(ef6a7f927cf83464193773952c9c8671) Importer(815301076,1909f56bfc062723c751e8b465ee728b)
Start importing Assets/Polygon-City Megapolis/Prefab/CityProps/SM_flowerbed_02.prefab using Guid(ef6a7f927cf83464193773952c9c8671) Importer(815301076,1909f56bfc062723c751e8b465ee728b)  -> (artifact id: '5afbd187e39aa0d4e8c7d1170df6304e') in 0.013304 seconds 
========================================================================
Received Import Request.
  Time since last request: 0.000023 seconds.
  path: Assets/Polygon-City Megapolis/Prefab/CityProps/SM_coil_02.prefab
  artifactKey: Guid(cbbd34a492de16647ac798f650e040ef) Importer(815301076,1909f56bfc062723c751e8b465ee728b)
Start importing Assets/Polygon-City Megapolis/Prefab/CityProps/SM_coil_02.prefab using Guid(cbbd34a492de16647ac798f650e040ef) Importer(815301076,1909f56bfc062723c751e8b465ee728b)  -> (artifact id: 'f378d541dacc2ea55ec0b6893af5ef12') in 0.014213 seconds 
========================================================================
Received Import Request.
  Time since last request: 0.000025 seconds.
  path: Assets/Polygon-City Megapolis/Prefab/CityProps/SM_cable_02.prefab
  artifactKey: Guid(855cf474412480649922054085f4249b) Importer(815301076,1909f56bfc062723c751e8b465ee728b)
Start importing Assets/Polygon-City Megapolis/Prefab/CityProps/SM_cable_02.prefab using Guid(855cf474412480649922054085f4249b) Importer(815301076,1909f56bfc062723c751e8b465ee728b)  -> (artifact id: 'e8ab244be8f9d72c2b5fe7d90bb7bd7b') in 0.013104 seconds 
========================================================================
Received Import Request.
  Time since last request: 0.000021 seconds.
  path: Assets/Polygon-City Megapolis/Prefab/CityProps/SM_canopy_01.prefab
  artifactKey: Guid(845db4dfce711a548bb5183d86bc5745) Importer(815301076,1909f56bfc062723c751e8b465ee728b)
Start importing Assets/Polygon-City Megapolis/Prefab/CityProps/SM_canopy_01.prefab using Guid(845db4dfce711a548bb5183d86bc5745) Importer(815301076,1909f56bfc062723c751e8b465ee728b)  -> (artifact id: '7b82e2af1be0fd44678167a8e2881c31') in 0.013404 seconds 
========================================================================
Received Import Request.
  Time since last request: 0.000018 seconds.
  path: Assets/Polygon-City Megapolis/Prefab/CityProps/SM_boards_01.prefab
  artifactKey: Guid(55f86eb65339c6e47aa229affa98c06b) Importer(815301076,1909f56bfc062723c751e8b465ee728b)
Start importing Assets/Polygon-City Megapolis/Prefab/CityProps/SM_boards_01.prefab using Guid(55f86eb65339c6e47aa229affa98c06b) Importer(815301076,1909f56bfc062723c751e8b465ee728b)  -> (artifact id: '0dc7a5bae0a02d4bc3b9509ec06d3a55') in 0.012856 seconds 
========================================================================
Received Import Request.
  Time since last request: 0.000015 seconds.
  path: Assets/Polygon-City Megapolis/Prefab/CityProps/SM_bench_02.prefab
  artifactKey: Guid(993995a229ae9fa43a57922e1afd8058) Importer(815301076,1909f56bfc062723c751e8b465ee728b)
Start importing Assets/Polygon-City Megapolis/Prefab/CityProps/SM_bench_02.prefab using Guid(993995a229ae9fa43a57922e1afd8058) Importer(815301076,1909f56bfc062723c751e8b465ee728b)  -> (artifact id: '8b915145ca5a74c778356c6cc5ae30e8') in 0.013612 seconds 
========================================================================
Received Import Request.
  Time since last request: 0.000015 seconds.
  path: Assets/Polygon-City Megapolis/Prefab/CityProps/SM_flowerbed_07.prefab
  artifactKey: Guid(867d50c0a88ba584a9a0c436613a56a8) Importer(815301076,1909f56bfc062723c751e8b465ee728b)
Start importing Assets/Polygon-City Megapolis/Prefab/CityProps/SM_flowerbed_07.prefab using Guid(867d50c0a88ba584a9a0c436613a56a8) Importer(815301076,1909f56bfc062723c751e8b465ee728b)  -> (artifact id: '58e8fc11495c6e118536969c024f13fb') in 0.012748 seconds 
========================================================================
Received Import Request.
  Time since last request: 0.000016 seconds.
  path: Assets/Polygon-City Megapolis/Prefab/CityProps/SM_horizontal_bar_02.prefab
  artifactKey: Guid(939a150a27021224881876039c895ca7) Importer(815301076,1909f56bfc062723c751e8b465ee728b)
Start importing Assets/Polygon-City Megapolis/Prefab/CityProps/SM_horizontal_bar_02.prefab using Guid(939a150a27021224881876039c895ca7) Importer(815301076,1909f56bfc062723c751e8b465ee728b)  -> (artifact id: '99763fc80acdbbb6a450e2240c0ed636') in 0.012531 seconds 
========================================================================
Received Import Request.
  Time since last request: 0.000019 seconds.
  path: Assets/Polygon-City Megapolis/Prefab/CityProps/SM_banner_01.prefab
  artifactKey: Guid(0d3a6a3afdae1f44097674dd1df6163d) Importer(815301076,1909f56bfc062723c751e8b465ee728b)
Start importing Assets/Polygon-City Megapolis/Prefab/CityProps/SM_banner_01.prefab using Guid(0d3a6a3afdae1f44097674dd1df6163d) Importer(815301076,1909f56bfc062723c751e8b465ee728b)  -> (artifact id: '47c9b06594acfcb1e1e00180a35ea4c7') in 0.013188 seconds 
========================================================================
Received Import Request.
  Time since last request: 0.000017 seconds.
  path: Assets/Polygon-City Megapolis/Prefab/CityProps/SM_cable_01.prefab
  artifactKey: Guid(c2619d5c4d38bb445a62eb8cde1ce37d) Importer(815301076,1909f56bfc062723c751e8b465ee728b)
Start importing Assets/Polygon-City Megapolis/Prefab/CityProps/SM_cable_01.prefab using Guid(c2619d5c4d38bb445a62eb8cde1ce37d) Importer(815301076,1909f56bfc062723c751e8b465ee728b)  -> (artifact id: 'd2155df651949c58ed64427e1d396b03') in 0.012607 seconds 
========================================================================
Received Import Request.
  Time since last request: 0.000016 seconds.
  path: Assets/Polygon-City Megapolis/Prefab/CityProps/SM_hiking_trail_11.prefab
  artifactKey: Guid(bc674d97e0292164797c0fda4d14e5fc) Importer(815301076,1909f56bfc062723c751e8b465ee728b)
Start importing Assets/Polygon-City Megapolis/Prefab/CityProps/SM_hiking_trail_11.prefab using Guid(bc674d97e0292164797c0fda4d14e5fc) Importer(815301076,1909f56bfc062723c751e8b465ee728b)  -> (artifact id: '97378305a872bbce17862052f80703d5') in 0.013303 seconds 
========================================================================
Received Import Request.
  Time since last request: 0.000020 seconds.
  path: Assets/Polygon-City Megapolis/Prefab/CityProps/SM_bump_stop__03.prefab
  artifactKey: Guid(f17fc1f823292bf4cb7c4acb19963c41) Importer(815301076,1909f56bfc062723c751e8b465ee728b)
Start importing Assets/Polygon-City Megapolis/Prefab/CityProps/SM_bump_stop__03.prefab using Guid(f17fc1f823292bf4cb7c4acb19963c41) Importer(815301076,1909f56bfc062723c751e8b465ee728b)  -> (artifact id: '48b4149d7bda8838d01b425e35cb7acc') in 0.014000 seconds 
========================================================================
Received Import Request.
  Time since last request: 0.000018 seconds.
  path: Assets/Polygon-City Megapolis/Prefab/CityProps/SM_flowerbed_09.prefab
  artifactKey: Guid(52063d29d6e3d00459771133b67dd7ac) Importer(815301076,1909f56bfc062723c751e8b465ee728b)
Start importing Assets/Polygon-City Megapolis/Prefab/CityProps/SM_flowerbed_09.prefab using Guid(52063d29d6e3d00459771133b67dd7ac) Importer(815301076,1909f56bfc062723c751e8b465ee728b)  -> (artifact id: 'e81785458d6f0e6147bcc8e37fc280f1') in 0.013827 seconds 
========================================================================
Received Import Request.
  Time since last request: 0.000019 seconds.
  path: Assets/Polygon-City Megapolis/Prefab/CityProps/SM_climbing_wall_01.prefab
  artifactKey: Guid(05871fdfa1c1db448a1c76412569580a) Importer(815301076,1909f56bfc062723c751e8b465ee728b)
Start importing Assets/Polygon-City Megapolis/Prefab/CityProps/SM_climbing_wall_01.prefab using Guid(05871fdfa1c1db448a1c76412569580a) Importer(815301076,1909f56bfc062723c751e8b465ee728b)  -> (artifact id: '3d182352d3044b0db0314b2f822a092c') in 0.013513 seconds 
========================================================================
Received Import Request.
  Time since last request: 0.000014 seconds.
  path: Assets/Polygon-City Megapolis/Prefab/CityProps/SM_flowerbed_06.prefab
  artifactKey: Guid(35f72d1cadfbd7749a8e8a32a14b7fb9) Importer(815301076,1909f56bfc062723c751e8b465ee728b)
Start importing Assets/Polygon-City Megapolis/Prefab/CityProps/SM_flowerbed_06.prefab using Guid(35f72d1cadfbd7749a8e8a32a14b7fb9) Importer(815301076,1909f56bfc062723c751e8b465ee728b)  -> (artifact id: '6b9d86791277085d9d621ebf809e4e59') in 0.014507 seconds 
========================================================================
Received Import Request.
  Time since last request: 0.000017 seconds.
  path: Assets/Polygon-City Megapolis/Prefab/CityProps/SM_ditch_03.prefab
  artifactKey: Guid(977dafc89e4bd9549b8bffc3d45ffc42) Importer(815301076,1909f56bfc062723c751e8b465ee728b)
Start importing Assets/Polygon-City Megapolis/Prefab/CityProps/SM_ditch_03.prefab using Guid(977dafc89e4bd9549b8bffc3d45ffc42) Importer(815301076,1909f56bfc062723c751e8b465ee728b)  -> (artifact id: 'c444355f509f12bb4708e265537e638d') in 0.014483 seconds 
========================================================================
Received Import Request.
  Time since last request: 0.000028 seconds.
  path: Assets/Polygon-City Megapolis/Prefab/CityProps/SM_cinder_block_01.prefab
  artifactKey: Guid(4a1c11803ff6a5943abec21f402d9bc4) Importer(815301076,1909f56bfc062723c751e8b465ee728b)
Start importing Assets/Polygon-City Megapolis/Prefab/CityProps/SM_cinder_block_01.prefab using Guid(4a1c11803ff6a5943abec21f402d9bc4) Importer(815301076,1909f56bfc062723c751e8b465ee728b)  -> (artifact id: 'bde55585b25ac416401fed7cda79473b') in 0.012987 seconds 
========================================================================
Received Import Request.
  Time since last request: 0.000017 seconds.
  path: Assets/Polygon-City Megapolis/Prefab/CityProps/SM_hiking_trail_06.prefab
  artifactKey: Guid(130f39bd6591bfb4a88b27eadfcc0802) Importer(815301076,1909f56bfc062723c751e8b465ee728b)
Start importing Assets/Polygon-City Megapolis/Prefab/CityProps/SM_hiking_trail_06.prefab using Guid(130f39bd6591bfb4a88b27eadfcc0802) Importer(815301076,1909f56bfc062723c751e8b465ee728b)  -> (artifact id: '0b9226cf32cf6358537eaff674a227a3') in 0.013781 seconds 
========================================================================
Received Import Request.
  Time since last request: 0.000019 seconds.
  path: Assets/Polygon-City Megapolis/Prefab/CityProps/SM_coil_01.prefab
  artifactKey: Guid(0ee67f4c089c2074094ee99a928aaa74) Importer(815301076,1909f56bfc062723c751e8b465ee728b)
Start importing Assets/Polygon-City Megapolis/Prefab/CityProps/SM_coil_01.prefab using Guid(0ee67f4c089c2074094ee99a928aaa74) Importer(815301076,1909f56bfc062723c751e8b465ee728b)  -> (artifact id: 'd8084f5fa642c071d539dacba0fe1509') in 0.014189 seconds 
========================================================================
Received Import Request.
  Time since last request: 0.000016 seconds.
  path: Assets/Polygon-City Megapolis/Prefab/CityProps/SM_hiking_trail_12.prefab
  artifactKey: Guid(49181a9446b6c2f448bfcad5469f54d6) Importer(815301076,1909f56bfc062723c751e8b465ee728b)
Start importing Assets/Polygon-City Megapolis/Prefab/CityProps/SM_hiking_trail_12.prefab using Guid(49181a9446b6c2f448bfcad5469f54d6) Importer(815301076,1909f56bfc062723c751e8b465ee728b)  -> (artifact id: 'bd1ab1cdb0e9a8a44ac3748bc3140c1d') in 0.012913 seconds 
========================================================================
Received Import Request.
  Time since last request: 0.000017 seconds.
  path: Assets/Polygon-City Megapolis/Prefab/CityProps/SM_boat_01.prefab
  artifactKey: Guid(1d8b0a14c1c8e8f4982dc4807c3bbb67) Importer(815301076,1909f56bfc062723c751e8b465ee728b)
Start importing Assets/Polygon-City Megapolis/Prefab/CityProps/SM_boat_01.prefab using Guid(1d8b0a14c1c8e8f4982dc4807c3bbb67) Importer(815301076,1909f56bfc062723c751e8b465ee728b)  -> (artifact id: 'cf51b0209ad7d9f5ed3a3fb4231e3c08') in 0.013166 seconds 
========================================================================
Received Import Request.
  Time since last request: 0.000017 seconds.
  path: Assets/Polygon-City Megapolis/Prefab/CityProps/SM_bump_stop_02.prefab
  artifactKey: Guid(09e4b206c0c68fe43844dcced9178bc2) Importer(815301076,1909f56bfc062723c751e8b465ee728b)
Start importing Assets/Polygon-City Megapolis/Prefab/CityProps/SM_bump_stop_02.prefab using Guid(09e4b206c0c68fe43844dcced9178bc2) Importer(815301076,1909f56bfc062723c751e8b465ee728b)  -> (artifact id: '0cff712179801c0ae23f2e640e43f0bc') in 0.012759 seconds 
========================================================================
Received Import Request.
  Time since last request: 0.000017 seconds.
  path: Assets/Polygon-City Megapolis/Prefab/CityProps/SM_brige_08.prefab
  artifactKey: Guid(913357e4430ab0141a1759211b8a4162) Importer(815301076,1909f56bfc062723c751e8b465ee728b)
Start importing Assets/Polygon-City Megapolis/Prefab/CityProps/SM_brige_08.prefab using Guid(913357e4430ab0141a1759211b8a4162) Importer(815301076,1909f56bfc062723c751e8b465ee728b)  -> (artifact id: 'eaf41ad642e3dad4803a120c788ef17d') in 0.012999 seconds 
========================================================================
Received Import Request.
  Time since last request: 0.000015 seconds.
  path: Assets/Polygon-City Megapolis/Prefab/CityProps/SM_deck_chair_01.prefab
  artifactKey: Guid(e8b526020dd64ca4a88687f4ccc8c6d4) Importer(815301076,1909f56bfc062723c751e8b465ee728b)
Start importing Assets/Polygon-City Megapolis/Prefab/CityProps/SM_deck_chair_01.prefab using Guid(e8b526020dd64ca4a88687f4ccc8c6d4) Importer(815301076,1909f56bfc062723c751e8b465ee728b)  -> (artifact id: 'beee17c72034234b33628ef78e0b80a3') in 0.013183 seconds 
========================================================================
Received Import Request.
  Time since last request: 0.000019 seconds.
  path: Assets/Polygon-City Megapolis/Prefab/CityProps/SM_deck_chair_02.prefab
  artifactKey: Guid(fb5b980ee83bcc54683a1fd25176fb50) Importer(815301076,1909f56bfc062723c751e8b465ee728b)
Start importing Assets/Polygon-City Megapolis/Prefab/CityProps/SM_deck_chair_02.prefab using Guid(fb5b980ee83bcc54683a1fd25176fb50) Importer(815301076,1909f56bfc062723c751e8b465ee728b)  -> (artifact id: '463e7be0a8ceef0a555ad63542127946') in 0.013886 seconds 
========================================================================
Received Import Request.
  Time since last request: 0.000015 seconds.
  path: Assets/Polygon-City Megapolis/Prefab/CityProps/SM_banner_02.prefab
  artifactKey: Guid(14e3f03af2d37184d938d1f8f3d74d74) Importer(815301076,1909f56bfc062723c751e8b465ee728b)
Start importing Assets/Polygon-City Megapolis/Prefab/CityProps/SM_banner_02.prefab using Guid(14e3f03af2d37184d938d1f8f3d74d74) Importer(815301076,1909f56bfc062723c751e8b465ee728b)  -> (artifact id: '450c24ab3574faf6490995bc6adbdad4') in 0.012776 seconds 
========================================================================
Received Import Request.
  Time since last request: 0.000015 seconds.
  path: Assets/Polygon-City Megapolis/Prefab/CityProps/SM_construction toilet_01.prefab
  artifactKey: Guid(0e3f5fd6d9cd3fe4ca8aa2acc0e29b76) Importer(815301076,1909f56bfc062723c751e8b465ee728b)
Start importing Assets/Polygon-City Megapolis/Prefab/CityProps/SM_construction toilet_01.prefab using Guid(0e3f5fd6d9cd3fe4ca8aa2acc0e29b76) Importer(815301076,1909f56bfc062723c751e8b465ee728b)  -> (artifact id: 'dc99c3d137dc17e9a049a636efa8469b') in 0.012908 seconds 
========================================================================
Received Import Request.
  Time since last request: 0.000015 seconds.
  path: Assets/Polygon-City Megapolis/Prefab/CityProps/SM_flowerbed_05.prefab
  artifactKey: Guid(4d730fc7aced3fc4297e475af0661bb6) Importer(815301076,1909f56bfc062723c751e8b465ee728b)
Start importing Assets/Polygon-City Megapolis/Prefab/CityProps/SM_flowerbed_05.prefab using Guid(4d730fc7aced3fc4297e475af0661bb6) Importer(815301076,1909f56bfc062723c751e8b465ee728b)  -> (artifact id: '85f1532087db767071ad1425eef2deec') in 0.013919 seconds 
========================================================================
Received Import Request.
  Time since last request: 0.000017 seconds.
  path: Assets/Polygon-City Megapolis/Prefab/CityProps/SM_flowerbed_01.prefab
  artifactKey: Guid(8f9d3cad4dc50db40b76c1218909b6da) Importer(815301076,1909f56bfc062723c751e8b465ee728b)
Start importing Assets/Polygon-City Megapolis/Prefab/CityProps/SM_flowerbed_01.prefab using Guid(8f9d3cad4dc50db40b76c1218909b6da) Importer(815301076,1909f56bfc062723c751e8b465ee728b)  -> (artifact id: '142ea075c9d82594c432601438b67395') in 0.014578 seconds 
========================================================================
Received Import Request.
  Time since last request: 0.000021 seconds.
  path: Assets/Polygon-City Megapolis/Prefab/CityProps/SM_flowerbed_04.prefab
  artifactKey: Guid(6c351160173882a4d96f8a1aac3f8db9) Importer(815301076,1909f56bfc062723c751e8b465ee728b)
Start importing Assets/Polygon-City Megapolis/Prefab/CityProps/SM_flowerbed_04.prefab using Guid(6c351160173882a4d96f8a1aac3f8db9) Importer(815301076,1909f56bfc062723c751e8b465ee728b)  -> (artifact id: 'eed7762b89d6f9bc00914e5329ed719e') in 0.013164 seconds 
========================================================================
Received Import Request.
  Time since last request: 0.000030 seconds.
  path: Assets/Polygon-City Megapolis/Prefab/CityProps/SM_Artificial_unevenness_03.prefab
  artifactKey: Guid(654373bf9e215ed428bb6f1362980e73) Importer(815301076,1909f56bfc062723c751e8b465ee728b)
Start importing Assets/Polygon-City Megapolis/Prefab/CityProps/SM_Artificial_unevenness_03.prefab using Guid(654373bf9e215ed428bb6f1362980e73) Importer(815301076,1909f56bfc062723c751e8b465ee728b)  -> (artifact id: 'e30b0574347882c52884aae406700f8b') in 0.013799 seconds 
========================================================================
Received Import Request.
  Time since last request: 0.662704 seconds.
  path: Assets/Polygon-City Megapolis/Prefab/CityProps/SM_horizontal_bar_03.prefab
  artifactKey: Guid(9d01645b6dc54b0498664e0d909a6021) Importer(815301076,1909f56bfc062723c751e8b465ee728b)
Start importing Assets/Polygon-City Megapolis/Prefab/CityProps/SM_horizontal_bar_03.prefab using Guid(9d01645b6dc54b0498664e0d909a6021) Importer(815301076,1909f56bfc062723c751e8b465ee728b)  -> (artifact id: '905c37aa20ae847600f7db72c2c93b13') in 0.012791 seconds 
========================================================================
Received Import Request.
  Time since last request: 0.000017 seconds.
  path: Assets/Polygon-City Megapolis/Prefab/CityProps/SM_ladder_03.prefab
  artifactKey: Guid(eda12b99ec116904e9abca92ea7eefa7) Importer(815301076,1909f56bfc062723c751e8b465ee728b)
Start importing Assets/Polygon-City Megapolis/Prefab/CityProps/SM_ladder_03.prefab using Guid(eda12b99ec116904e9abca92ea7eefa7) Importer(815301076,1909f56bfc062723c751e8b465ee728b)  -> (artifact id: '855904b4fc39d563ae0b0f4d203b25f4') in 0.013172 seconds 
========================================================================
Received Import Request.
  Time since last request: 0.000015 seconds.
  path: Assets/Polygon-City Megapolis/Prefab/CityProps/SM_lamp_01.prefab
  artifactKey: Guid(d200f357333b5f146b5e4c727ddc7984) Importer(815301076,1909f56bfc062723c751e8b465ee728b)
Start importing Assets/Polygon-City Megapolis/Prefab/CityProps/SM_lamp_01.prefab using Guid(d200f357333b5f146b5e4c727ddc7984) Importer(815301076,1909f56bfc062723c751e8b465ee728b)  -> (artifact id: 'cbed34827ff3894100b996faf67de8a3') in 0.013359 seconds 
========================================================================
Received Import Request.
  Time since last request: 0.000017 seconds.
  path: Assets/Polygon-City Megapolis/Prefab/CityProps/SM_lawn_02.prefab
  artifactKey: Guid(d5ce376bc4beaff4eb8ccaa7befbd52f) Importer(815301076,1909f56bfc062723c751e8b465ee728b)
Start importing Assets/Polygon-City Megapolis/Prefab/CityProps/SM_lawn_02.prefab using Guid(d5ce376bc4beaff4eb8ccaa7befbd52f) Importer(815301076,1909f56bfc062723c751e8b465ee728b)  -> (artifact id: '0a862cb2e76b7df65e24173a0c5b40b6') in 0.013773 seconds 
========================================================================
Received Import Request.
  Time since last request: 0.000024 seconds.
  path: Assets/Polygon-City Megapolis/Prefab/CityProps/SM_ladder_02.prefab
  artifactKey: Guid(3824bc68fd608e647b015bf2af80ce55) Importer(815301076,1909f56bfc062723c751e8b465ee728b)
Start importing Assets/Polygon-City Megapolis/Prefab/CityProps/SM_ladder_02.prefab using Guid(3824bc68fd608e647b015bf2af80ce55) Importer(815301076,1909f56bfc062723c751e8b465ee728b)  -> (artifact id: '077e611b5a1f93b4c8824841351649b6') in 0.013403 seconds 
========================================================================
Received Import Request.
  Time since last request: 0.000017 seconds.
  path: Assets/Polygon-City Megapolis/Prefab/CityProps/SM_Ladder_04.prefab
  artifactKey: Guid(b491e7118bda19542ab06f0f8bcf49b8) Importer(815301076,1909f56bfc062723c751e8b465ee728b)
Start importing Assets/Polygon-City Megapolis/Prefab/CityProps/SM_Ladder_04.prefab using Guid(b491e7118bda19542ab06f0f8bcf49b8) Importer(815301076,1909f56bfc062723c751e8b465ee728b)  -> (artifact id: '1d08993ad7fc0e10d58e499aafe1a686') in 0.013559 seconds 
========================================================================
Received Import Request.
  Time since last request: 0.000021 seconds.
  path: Assets/Polygon-City Megapolis/Prefab/CityProps/SM_lawn_03.prefab
  artifactKey: Guid(38e960a2c25d0b343bdf44e7b38669e7) Importer(815301076,1909f56bfc062723c751e8b465ee728b)
Start importing Assets/Polygon-City Megapolis/Prefab/CityProps/SM_lawn_03.prefab using Guid(38e960a2c25d0b343bdf44e7b38669e7) Importer(815301076,1909f56bfc062723c751e8b465ee728b)  -> (artifact id: '90a806334ee9d26ae1cdd78f4c301b5f') in 0.014739 seconds 
========================================================================
Received Import Request.
  Time since last request: 0.358861 seconds.
  path: Assets/Polygon-City Megapolis/Prefab/CityProps/SM_lawn_05.prefab
  artifactKey: Guid(90d389cc4c4a6b44b84e96a0ac8d49be) Importer(815301076,1909f56bfc062723c751e8b465ee728b)
Start importing Assets/Polygon-City Megapolis/Prefab/CityProps/SM_lawn_05.prefab using Guid(90d389cc4c4a6b44b84e96a0ac8d49be) Importer(815301076,1909f56bfc062723c751e8b465ee728b)  -> (artifact id: '7764b1aec55207105f95200098d08c12') in 0.012834 seconds 
========================================================================
Received Import Request.
  Time since last request: 0.000017 seconds.
  path: Assets/Polygon-City Megapolis/Prefab/CityProps/SM_mountain_of_sand_01.prefab
  artifactKey: Guid(97dbd0e1b253c8743b2e2a8fb7f7299a) Importer(815301076,1909f56bfc062723c751e8b465ee728b)
Start importing Assets/Polygon-City Megapolis/Prefab/CityProps/SM_mountain_of_sand_01.prefab using Guid(97dbd0e1b253c8743b2e2a8fb7f7299a) Importer(815301076,1909f56bfc062723c751e8b465ee728b)  -> (artifact id: 'de8039e4f0996fb0ff38001375ef4f01') in 0.013223 seconds 
========================================================================
Received Import Request.
  Time since last request: 0.000013 seconds.
  path: Assets/Polygon-City Megapolis/Prefab/CityProps/SM_pillar_03.prefab
  artifactKey: Guid(c8ff58c2844f13d45b1fa5c584cfe323) Importer(815301076,1909f56bfc062723c751e8b465ee728b)
Start importing Assets/Polygon-City Megapolis/Prefab/CityProps/SM_pillar_03.prefab using Guid(c8ff58c2844f13d45b1fa5c584cfe323) Importer(815301076,1909f56bfc062723c751e8b465ee728b)  -> (artifact id: '79fd72548aad77298be4ae37871918be') in 0.012433 seconds 
========================================================================
Received Import Request.
  Time since last request: 0.000017 seconds.
  path: Assets/Polygon-City Megapolis/Prefab/CityProps/SM_pillar_03_A.prefab
  artifactKey: Guid(455a781e62acdc44e80f89802dee53a3) Importer(815301076,1909f56bfc062723c751e8b465ee728b)
Start importing Assets/Polygon-City Megapolis/Prefab/CityProps/SM_pillar_03_A.prefab using Guid(455a781e62acdc44e80f89802dee53a3) Importer(815301076,1909f56bfc062723c751e8b465ee728b)  -> (artifact id: '6bedf91133bad65c08c8cce944b6ef62') in 0.013151 seconds 
========================================================================
Received Import Request.
  Time since last request: 0.000016 seconds.
  path: Assets/Polygon-City Megapolis/Prefab/CityProps/SM_pillar_03_E.prefab
  artifactKey: Guid(f440d2194ed961546b103768fd0238f2) Importer(815301076,1909f56bfc062723c751e8b465ee728b)
Start importing Assets/Polygon-City Megapolis/Prefab/CityProps/SM_pillar_03_E.prefab using Guid(f440d2194ed961546b103768fd0238f2) Importer(815301076,1909f56bfc062723c751e8b465ee728b)  -> (artifact id: 'f3a5a4f420264d7cf74ecbbe15c54d2c') in 0.012994 seconds 
========================================================================
Received Import Request.
  Time since last request: 0.000017 seconds.
  path: Assets/Polygon-City Megapolis/Prefab/CityProps/SM_Pillar_02_A.prefab
  artifactKey: Guid(66f0353bfda4240468e46eded6460b4d) Importer(815301076,1909f56bfc062723c751e8b465ee728b)
Start importing Assets/Polygon-City Megapolis/Prefab/CityProps/SM_Pillar_02_A.prefab using Guid(66f0353bfda4240468e46eded6460b4d) Importer(815301076,1909f56bfc062723c751e8b465ee728b)  -> (artifact id: '472f6e9010dff2de7b3aa489d0dcb484') in 0.013324 seconds 
========================================================================
Received Import Request.
  Time since last request: 0.000025 seconds.
  path: Assets/Polygon-City Megapolis/Prefab/CityProps/SM_platform_10.prefab
  artifactKey: Guid(5e8cef6b836d07d49a03747633f8040f) Importer(815301076,1909f56bfc062723c751e8b465ee728b)
Start importing Assets/Polygon-City Megapolis/Prefab/CityProps/SM_platform_10.prefab using Guid(5e8cef6b836d07d49a03747633f8040f) Importer(815301076,1909f56bfc062723c751e8b465ee728b)  -> (artifact id: 'beaadb732f27f2d8ff5dc8bd28533b80') in 0.012451 seconds 
========================================================================
Received Import Request.
  Time since last request: 0.000016 seconds.
  path: Assets/Polygon-City Megapolis/Prefab/CityProps/SM_platform_02.prefab
  artifactKey: Guid(91aeb26f92a760b4d8fb7b93effdd0f1) Importer(815301076,1909f56bfc062723c751e8b465ee728b)
Start importing Assets/Polygon-City Megapolis/Prefab/CityProps/SM_platform_02.prefab using Guid(91aeb26f92a760b4d8fb7b93effdd0f1) Importer(815301076,1909f56bfc062723c751e8b465ee728b)  -> (artifact id: '54efd3b479d808ca899eb3c30f16dff7') in 0.013616 seconds 
========================================================================
Received Import Request.
  Time since last request: 0.000014 seconds.
  path: Assets/Polygon-City Megapolis/Prefab/CityProps/SM_pipes_02.prefab
  artifactKey: Guid(42160e7ba5610ec40b6e11f67efe4947) Importer(815301076,1909f56bfc062723c751e8b465ee728b)
Start importing Assets/Polygon-City Megapolis/Prefab/CityProps/SM_pipes_02.prefab using Guid(42160e7ba5610ec40b6e11f67efe4947) Importer(815301076,1909f56bfc062723c751e8b465ee728b)  -> (artifact id: 'b72de8c85ec040204fd960f563e90208') in 0.012563 seconds 
========================================================================
Received Import Request.
  Time since last request: 0.000016 seconds.
  path: Assets/Polygon-City Megapolis/Prefab/CityProps/SM_pillar_04_C.prefab
  artifactKey: Guid(e47ef2c87945ca8479e9bd22ad145c86) Importer(815301076,1909f56bfc062723c751e8b465ee728b)
Start importing Assets/Polygon-City Megapolis/Prefab/CityProps/SM_pillar_04_C.prefab using Guid(e47ef2c87945ca8479e9bd22ad145c86) Importer(815301076,1909f56bfc062723c751e8b465ee728b)  -> (artifact id: '02a75a91e21ec179c094cac8f302ec69') in 0.011975 seconds 
========================================================================
Received Import Request.
  Time since last request: 0.000015 seconds.
  path: Assets/Polygon-City Megapolis/Prefab/CityProps/SM_object_for_crane_02.prefab
  artifactKey: Guid(00a367cb86e0f0146aa74f32419bd219) Importer(815301076,1909f56bfc062723c751e8b465ee728b)
Start importing Assets/Polygon-City Megapolis/Prefab/CityProps/SM_object_for_crane_02.prefab using Guid(00a367cb86e0f0146aa74f32419bd219) Importer(815301076,1909f56bfc062723c751e8b465ee728b)  -> (artifact id: '254775395e5042dbd14a61021f8b2ce4') in 0.013300 seconds 
========================================================================
Received Import Request.
  Time since last request: 0.000017 seconds.
  path: Assets/Polygon-City Megapolis/Prefab/CityProps/SM_pillar_04_A.prefab
  artifactKey: Guid(4fc5e281e224bca4b8f156f8480ee1ac) Importer(815301076,1909f56bfc062723c751e8b465ee728b)
Start importing Assets/Polygon-City Megapolis/Prefab/CityProps/SM_pillar_04_A.prefab using Guid(4fc5e281e224bca4b8f156f8480ee1ac) Importer(815301076,1909f56bfc062723c751e8b465ee728b)  -> (artifact id: 'b6570404ab460fe9bf2215acd4e5e4ba') in 0.012973 seconds 
========================================================================
Received Import Request.
  Time since last request: 0.000023 seconds.
  path: Assets/Polygon-City Megapolis/Prefab/CityProps/SM_platform_01.prefab
  artifactKey: Guid(173cd066b434b4d4f8ff5e6265ef09fd) Importer(815301076,1909f56bfc062723c751e8b465ee728b)
Start importing Assets/Polygon-City Megapolis/Prefab/CityProps/SM_platform_01.prefab using Guid(173cd066b434b4d4f8ff5e6265ef09fd) Importer(815301076,1909f56bfc062723c751e8b465ee728b)  -> (artifact id: '617ab5f2b01747f249da55dc0110f237') in 0.012656 seconds 
========================================================================
Received Import Request.
  Time since last request: 0.000015 seconds.
  path: Assets/Polygon-City Megapolis/Prefab/CityProps/SM_platform_03.prefab
  artifactKey: Guid(561a89536f7653c40baa696f657269f0) Importer(815301076,1909f56bfc062723c751e8b465ee728b)
Start importing Assets/Polygon-City Megapolis/Prefab/CityProps/SM_platform_03.prefab using Guid(561a89536f7653c40baa696f657269f0) Importer(815301076,1909f56bfc062723c751e8b465ee728b)  -> (artifact id: 'dae0edc7c5da1a847a4ab5ebeb4eb8dd') in 0.012831 seconds 
========================================================================
Received Import Request.
  Time since last request: 0.000017 seconds.
  path: Assets/Polygon-City Megapolis/Prefab/CityProps/SM_object_for_crane_01.prefab
  artifactKey: Guid(15c118dd60bee294098e8eb76c98a99a) Importer(815301076,1909f56bfc062723c751e8b465ee728b)
Start importing Assets/Polygon-City Megapolis/Prefab/CityProps/SM_object_for_crane_01.prefab using Guid(15c118dd60bee294098e8eb76c98a99a) Importer(815301076,1909f56bfc062723c751e8b465ee728b)  -> (artifact id: '169388e318451c4d4437c0a36ec54f35') in 0.013221 seconds 
========================================================================
Received Import Request.
  Time since last request: 0.000016 seconds.
  path: Assets/Polygon-City Megapolis/Prefab/CityProps/SM_pier_01.prefab
  artifactKey: Guid(e0e4e783e330a5b468844e8070ba87fd) Importer(815301076,1909f56bfc062723c751e8b465ee728b)
Start importing Assets/Polygon-City Megapolis/Prefab/CityProps/SM_pier_01.prefab using Guid(e0e4e783e330a5b468844e8070ba87fd) Importer(815301076,1909f56bfc062723c751e8b465ee728b)  -> (artifact id: '3457f36022155541f90aebe67a39ce04') in 0.012595 seconds 
========================================================================
Received Import Request.
  Time since last request: 0.000016 seconds.
  path: Assets/Polygon-City Megapolis/Prefab/CityProps/SM_lawn_08.prefab
  artifactKey: Guid(77f79d62fbfc67744b48af266217b0b1) Importer(815301076,1909f56bfc062723c751e8b465ee728b)
Start importing Assets/Polygon-City Megapolis/Prefab/CityProps/SM_lawn_08.prefab using Guid(77f79d62fbfc67744b48af266217b0b1) Importer(815301076,1909f56bfc062723c751e8b465ee728b)  -> (artifact id: 'e7724848e9a936d8ac22b76b8c4a074f') in 0.013024 seconds 
========================================================================
Received Import Request.
  Time since last request: 0.000014 seconds.
  path: Assets/Polygon-City Megapolis/Prefab/CityProps/SM_pier_03.prefab
  artifactKey: Guid(319fe7e1e92b69a40ac11ae915126783) Importer(815301076,1909f56bfc062723c751e8b465ee728b)
Start importing Assets/Polygon-City Megapolis/Prefab/CityProps/SM_pier_03.prefab using Guid(319fe7e1e92b69a40ac11ae915126783) Importer(815301076,1909f56bfc062723c751e8b465ee728b)  -> (artifact id: 'aca310c55e7a65ed2ee88640f4d71041') in 0.013536 seconds 
========================================================================
Received Import Request.
  Time since last request: 0.000014 seconds.
  path: Assets/Polygon-City Megapolis/Prefab/CityProps/SM_pancake_for_barbell_03.prefab
  artifactKey: Guid(03b47d35b5161d841bd7d4404e6b1307) Importer(815301076,1909f56bfc062723c751e8b465ee728b)
Start importing Assets/Polygon-City Megapolis/Prefab/CityProps/SM_pancake_for_barbell_03.prefab using Guid(03b47d35b5161d841bd7d4404e6b1307) Importer(815301076,1909f56bfc062723c751e8b465ee728b)  -> (artifact id: 'f845cb5622bbbb7fe19136b4c4f333f5') in 0.012269 seconds 
========================================================================
Received Import Request.
  Time since last request: 0.000015 seconds.
  path: Assets/Polygon-City Megapolis/Prefab/CityProps/SM_Pillar_02.prefab
  artifactKey: Guid(36fe29686ebccf24cbc816fc1f5dacac) Importer(815301076,1909f56bfc062723c751e8b465ee728b)
Start importing Assets/Polygon-City Megapolis/Prefab/CityProps/SM_Pillar_02.prefab using Guid(36fe29686ebccf24cbc816fc1f5dacac) Importer(815301076,1909f56bfc062723c751e8b465ee728b)  -> (artifact id: 'b978c242fd27d08e9fb9b67f7d38c57e') in 0.012604 seconds 
========================================================================
Received Import Request.
  Time since last request: 0.000019 seconds.
  path: Assets/Polygon-City Megapolis/Prefab/CityProps/SM_pillar_03_F.prefab
  artifactKey: Guid(3d35c3ff7a7ff3a4a9e6c09442410309) Importer(815301076,1909f56bfc062723c751e8b465ee728b)
Start importing Assets/Polygon-City Megapolis/Prefab/CityProps/SM_pillar_03_F.prefab using Guid(3d35c3ff7a7ff3a4a9e6c09442410309) Importer(815301076,1909f56bfc062723c751e8b465ee728b)  -> (artifact id: '117e12b0332d9d042760eb6f995011cf') in 0.012420 seconds 
========================================================================
Received Import Request.
  Time since last request: 0.000015 seconds.
  path: Assets/Polygon-City Megapolis/Prefab/CityProps/SM_mountain_of_sand_02.prefab
  artifactKey: Guid(9e6a80e00783b024d8cfc7f85026baa6) Importer(815301076,1909f56bfc062723c751e8b465ee728b)
Start importing Assets/Polygon-City Megapolis/Prefab/CityProps/SM_mountain_of_sand_02.prefab using Guid(9e6a80e00783b024d8cfc7f85026baa6) Importer(815301076,1909f56bfc062723c751e8b465ee728b)  -> (artifact id: '482d55f7ee2d55e706c09428707d4dd6') in 0.013119 seconds 
========================================================================
Received Import Request.
  Time since last request: 0.010315 seconds.
  path: Assets/Polygon-City Megapolis/Prefab/CityProps/SM_platform_11.prefab
  artifactKey: Guid(9ae24aac9f9a8e44c80912a500272fba) Importer(815301076,1909f56bfc062723c751e8b465ee728b)
Start importing Assets/Polygon-City Megapolis/Prefab/CityProps/SM_platform_11.prefab using Guid(9ae24aac9f9a8e44c80912a500272fba) Importer(815301076,1909f56bfc062723c751e8b465ee728b)  -> (artifact id: '86c06f9321b9cde41c14c56f4c421dc3') in 0.013117 seconds 
========================================================================
Received Import Request.
  Time since last request: 0.008714 seconds.
  path: Assets/Polygon-City Megapolis/Prefab/CityProps/SM_playground_06.prefab
  artifactKey: Guid(73fc9b0c7c18d0843af9a2b8bbd28951) Importer(815301076,1909f56bfc062723c751e8b465ee728b)
Start importing Assets/Polygon-City Megapolis/Prefab/CityProps/SM_playground_06.prefab using Guid(73fc9b0c7c18d0843af9a2b8bbd28951) Importer(815301076,1909f56bfc062723c751e8b465ee728b)  -> (artifact id: '81e437acb578470fbedb795d58794314') in 0.012437 seconds 
========================================================================
Received Import Request.
  Time since last request: 0.000015 seconds.
  path: Assets/Polygon-City Megapolis/Prefab/CityProps/SM_playground_01.prefab
  artifactKey: Guid(79e9c492470bcf0449bae8d178c4acf8) Importer(815301076,1909f56bfc062723c751e8b465ee728b)
Start importing Assets/Polygon-City Megapolis/Prefab/CityProps/SM_playground_01.prefab using Guid(79e9c492470bcf0449bae8d178c4acf8) Importer(815301076,1909f56bfc062723c751e8b465ee728b)  -> (artifact id: 'ef711b593ae834ac716c85a3563042e5') in 0.013560 seconds 
========================================================================
Received Import Request.
  Time since last request: 0.000015 seconds.
  path: Assets/Polygon-City Megapolis/Prefab/CityProps/SM_puddle_02.prefab
  artifactKey: Guid(9ac318575a7d5534a96018f21f3e56f1) Importer(815301076,1909f56bfc062723c751e8b465ee728b)
Start importing Assets/Polygon-City Megapolis/Prefab/CityProps/SM_puddle_02.prefab using Guid(9ac318575a7d5534a96018f21f3e56f1) Importer(815301076,1909f56bfc062723c751e8b465ee728b)  -> (artifact id: '387d06278c5288f32d2fec21f1a686fc') in 0.013530 seconds 
========================================================================
Received Import Request.
  Time since last request: 0.000015 seconds.
  path: Assets/Polygon-City Megapolis/Prefab/CityProps/SM_road sign_02.prefab
  artifactKey: Guid(48283dad7506070409206e380dc6ae88) Importer(815301076,1909f56bfc062723c751e8b465ee728b)
Start importing Assets/Polygon-City Megapolis/Prefab/CityProps/SM_road sign_02.prefab using Guid(48283dad7506070409206e380dc6ae88) Importer(815301076,1909f56bfc062723c751e8b465ee728b)  -> (artifact id: '8c68d66bf53121554231da0ba3d86c3b') in 0.013262 seconds 
========================================================================
Received Import Request.
  Time since last request: 0.000015 seconds.
  path: Assets/Polygon-City Megapolis/Prefab/CityProps/SM_road_03.prefab
  artifactKey: Guid(84a63e1a64cd719408847557f5d1dc21) Importer(815301076,1909f56bfc062723c751e8b465ee728b)
Start importing Assets/Polygon-City Megapolis/Prefab/CityProps/SM_road_03.prefab using Guid(84a63e1a64cd719408847557f5d1dc21) Importer(815301076,1909f56bfc062723c751e8b465ee728b)  -> (artifact id: '9fcc6076c9045c67b2f2e43f297682fd') in 0.012506 seconds 
========================================================================
Received Import Request.
  Time since last request: 0.000015 seconds.
  path: Assets/Polygon-City Megapolis/Prefab/CityProps/SM_road_08.prefab
  artifactKey: Guid(994d0cc20d4b98a4faaaaa60fc17d9b0) Importer(815301076,1909f56bfc062723c751e8b465ee728b)
Start importing Assets/Polygon-City Megapolis/Prefab/CityProps/SM_road_08.prefab using Guid(994d0cc20d4b98a4faaaaa60fc17d9b0) Importer(815301076,1909f56bfc062723c751e8b465ee728b)  -> (artifact id: '7b3de0a2149d1e9639c420011594beb4') in 0.013141 seconds 
========================================================================
Received Import Request.
  Time since last request: 0.000015 seconds.
  path: Assets/Polygon-City Megapolis/Prefab/CityProps/SM_road_24.prefab
  artifactKey: Guid(682babf7f6df89442873a006988ad14d) Importer(815301076,1909f56bfc062723c751e8b465ee728b)
Start importing Assets/Polygon-City Megapolis/Prefab/CityProps/SM_road_24.prefab using Guid(682babf7f6df89442873a006988ad14d) Importer(815301076,1909f56bfc062723c751e8b465ee728b)  -> (artifact id: '31e42cf29fc90395fc09e1912dbae232') in 0.012844 seconds 
========================================================================
Received Import Request.
  Time since last request: 0.000016 seconds.
  path: Assets/Polygon-City Megapolis/Prefab/CityProps/SM_road_19.prefab
  artifactKey: Guid(834f16482c046594cb5371d5c797faf3) Importer(815301076,1909f56bfc062723c751e8b465ee728b)
Start importing Assets/Polygon-City Megapolis/Prefab/CityProps/SM_road_19.prefab using Guid(834f16482c046594cb5371d5c797faf3) Importer(815301076,1909f56bfc062723c751e8b465ee728b)  -> (artifact id: 'af711d50ebe00ceb7e79a37eff1a75bd') in 0.013531 seconds 
========================================================================
Received Import Request.
  Time since last request: 0.000016 seconds.
  path: Assets/Polygon-City Megapolis/Prefab/CityProps/SM_road_02.prefab
  artifactKey: Guid(a61d92d3195ebf944947783daf3f8082) Importer(815301076,1909f56bfc062723c751e8b465ee728b)
Start importing Assets/Polygon-City Megapolis/Prefab/CityProps/SM_road_02.prefab using Guid(a61d92d3195ebf944947783daf3f8082) Importer(815301076,1909f56bfc062723c751e8b465ee728b)  -> (artifact id: 'd74a0f1edbc9742f1e0d873a00fcf187') in 0.012586 seconds 
========================================================================
Received Import Request.
  Time since last request: 0.000022 seconds.
  path: Assets/Polygon-City Megapolis/Prefab/CityProps/SM_road_12.prefab
  artifactKey: Guid(c393c0167828e174b8744b81d2e9c082) Importer(815301076,1909f56bfc062723c751e8b465ee728b)
Start importing Assets/Polygon-City Megapolis/Prefab/CityProps/SM_road_12.prefab using Guid(c393c0167828e174b8744b81d2e9c082) Importer(815301076,1909f56bfc062723c751e8b465ee728b)  -> (artifact id: '8d59ce441eb3b4bf4773bc9ad4db4b53') in 0.015006 seconds 
========================================================================
Received Import Request.
  Time since last request: 0.000030 seconds.
  path: Assets/Polygon-City Megapolis/Prefab/CityProps/SM_road_01.prefab
  artifactKey: Guid(56e45b96eda6b7140a69293e30b5d5c0) Importer(815301076,1909f56bfc062723c751e8b465ee728b)
Start importing Assets/Polygon-City Megapolis/Prefab/CityProps/SM_road_01.prefab using Guid(56e45b96eda6b7140a69293e30b5d5c0) Importer(815301076,1909f56bfc062723c751e8b465ee728b)  -> (artifact id: '7c4a61b4f0f9d146961d9c2be5f129f5') in 0.014374 seconds 
========================================================================
Received Import Request.
  Time since last request: 0.000027 seconds.
  path: Assets/Polygon-City Megapolis/Prefab/CityProps/SM_road_18.prefab
  artifactKey: Guid(930a2c43f0f5d414797acec97a431157) Importer(815301076,1909f56bfc062723c751e8b465ee728b)
Start importing Assets/Polygon-City Megapolis/Prefab/CityProps/SM_road_18.prefab using Guid(930a2c43f0f5d414797acec97a431157) Importer(815301076,1909f56bfc062723c751e8b465ee728b)  -> (artifact id: '8029453df02cf812a2e2d91c354597b0') in 0.018178 seconds 
========================================================================
Received Import Request.
  Time since last request: 0.000020 seconds.
  path: Assets/Polygon-City Megapolis/Prefab/CityProps/SM_platform_12.prefab
  artifactKey: Guid(770c66c8a5a08e447926d583de0f2139) Importer(815301076,1909f56bfc062723c751e8b465ee728b)
Start importing Assets/Polygon-City Megapolis/Prefab/CityProps/SM_platform_12.prefab using Guid(770c66c8a5a08e447926d583de0f2139) Importer(815301076,1909f56bfc062723c751e8b465ee728b)  -> (artifact id: 'e6fc164748c06dc318aeb1c6808573ab') in 0.016898 seconds 
========================================================================
Received Import Request.
  Time since last request: 0.000021 seconds.
  path: Assets/Polygon-City Megapolis/Prefab/CityProps/SM_press_bench_01.prefab
  artifactKey: Guid(6e3bf785e2079224385b49b744f7e8ed) Importer(815301076,1909f56bfc062723c751e8b465ee728b)
Start importing Assets/Polygon-City Megapolis/Prefab/CityProps/SM_press_bench_01.prefab using Guid(6e3bf785e2079224385b49b744f7e8ed) Importer(815301076,1909f56bfc062723c751e8b465ee728b)  -> (artifact id: '08ea1462fc8d567fe033278907eb9a6e') in 0.014563 seconds 
========================================================================
Received Import Request.
  Time since last request: 0.000016 seconds.
  path: Assets/Polygon-City Megapolis/Prefab/CityProps/SM_playground_03.prefab
  artifactKey: Guid(b0935ae8a48465c45afcabffd9bbcbeb) Importer(815301076,1909f56bfc062723c751e8b465ee728b)
Start importing Assets/Polygon-City Megapolis/Prefab/CityProps/SM_playground_03.prefab using Guid(b0935ae8a48465c45afcabffd9bbcbeb) Importer(815301076,1909f56bfc062723c751e8b465ee728b)  -> (artifact id: 'c4c03f00172982a326247f51c20215e8') in 0.012520 seconds 
========================================================================
Received Import Request.
  Time since last request: 0.000021 seconds.
  path: Assets/Polygon-City Megapolis/Prefab/CityProps/SM_playground_04_A.prefab
  artifactKey: Guid(cecca976a32ab1e4f88e8786316eacba) Importer(815301076,1909f56bfc062723c751e8b465ee728b)
Start importing Assets/Polygon-City Megapolis/Prefab/CityProps/SM_playground_04_A.prefab using Guid(cecca976a32ab1e4f88e8786316eacba) Importer(815301076,1909f56bfc062723c751e8b465ee728b)  -> (artifact id: 'b38aa496c1a5a5e10277826534ba0f0b') in 0.013008 seconds 
========================================================================
Received Import Request.
  Time since last request: 0.000015 seconds.
  path: Assets/Polygon-City Megapolis/Prefab/CityProps/SM_road_15.prefab
  artifactKey: Guid(bf9a8a0ecda0d6d4e96b5d706cab3e7e) Importer(815301076,1909f56bfc062723c751e8b465ee728b)
Start importing Assets/Polygon-City Megapolis/Prefab/CityProps/SM_road_15.prefab using Guid(bf9a8a0ecda0d6d4e96b5d706cab3e7e) Importer(815301076,1909f56bfc062723c751e8b465ee728b)  -> (artifact id: '47cca154797fe5b73d44fb7009d7f124') in 0.014249 seconds 
========================================================================
Received Import Request.
  Time since last request: 0.000016 seconds.
  path: Assets/Polygon-City Megapolis/Prefab/CityProps/SM_road sign_01.prefab
  artifactKey: Guid(fd2182cee74186f42be8ce0bab5245a4) Importer(815301076,1909f56bfc062723c751e8b465ee728b)
Start importing Assets/Polygon-City Megapolis/Prefab/CityProps/SM_road sign_01.prefab using Guid(fd2182cee74186f42be8ce0bab5245a4) Importer(815301076,1909f56bfc062723c751e8b465ee728b)  -> (artifact id: 'b637a4e7c7bf8066a80d1aa54c20c5fc') in 0.014090 seconds 
========================================================================
Received Import Request.
  Time since last request: 0.000016 seconds.
  path: Assets/Polygon-City Megapolis/Prefab/CityProps/SM_road_21.prefab
  artifactKey: Guid(abb0a512ba7e75e4da7fd3fdd9fdcb9f) Importer(815301076,1909f56bfc062723c751e8b465ee728b)
Start importing Assets/Polygon-City Megapolis/Prefab/CityProps/SM_road_21.prefab using Guid(abb0a512ba7e75e4da7fd3fdd9fdcb9f) Importer(815301076,1909f56bfc062723c751e8b465ee728b)  -> (artifact id: 'ec5564edb8efdcfb1549c42d5ec769a2') in 0.014848 seconds 
========================================================================
Received Import Request.
  Time since last request: 0.000016 seconds.
  path: Assets/Polygon-City Megapolis/Prefab/CityProps/SM_road_07.prefab
  artifactKey: Guid(c9a1ba7e1581bc245b141d7b9ba4dd13) Importer(815301076,1909f56bfc062723c751e8b465ee728b)
Start importing Assets/Polygon-City Megapolis/Prefab/CityProps/SM_road_07.prefab using Guid(c9a1ba7e1581bc245b141d7b9ba4dd13) Importer(815301076,1909f56bfc062723c751e8b465ee728b)  -> (artifact id: 'd3a92beb9a630d80b683b57065505ab4') in 0.011706 seconds 
========================================================================
Received Import Request.
  Time since last request: 0.000019 seconds.
  path: Assets/Polygon-City Megapolis/Prefab/CityProps/SM_road_04.prefab
  artifactKey: Guid(7e56a59228004534ea21d7dab3d4d039) Importer(815301076,1909f56bfc062723c751e8b465ee728b)
Start importing Assets/Polygon-City Megapolis/Prefab/CityProps/SM_road_04.prefab using Guid(7e56a59228004534ea21d7dab3d4d039) Importer(815301076,1909f56bfc062723c751e8b465ee728b)  -> (artifact id: '8cb3f1a96d68847ff9f9a0c700132dcf') in 0.011204 seconds 
========================================================================
Received Import Request.
  Time since last request: 0.048075 seconds.
  path: Assets/Polygon-City Megapolis/Prefab/CityProps/SM_road_fence_01.prefab
  artifactKey: Guid(4029ad5e43c59fc4bb14a75cc0d7bdbc) Importer(815301076,1909f56bfc062723c751e8b465ee728b)
Start importing Assets/Polygon-City Megapolis/Prefab/CityProps/SM_road_fence_01.prefab using Guid(4029ad5e43c59fc4bb14a75cc0d7bdbc) Importer(815301076,1909f56bfc062723c751e8b465ee728b)  -> (artifact id: '06aa82d22d60c2bfc5c790b3dfeda69a') in 0.014342 seconds 
========================================================================
Received Import Request.
  Time since last request: 0.000015 seconds.
  path: Assets/Polygon-City Megapolis/Prefab/CityProps/SM_road_sign_03.prefab
  artifactKey: Guid(4904c4d912aa3bd4cb51c6c14307897d) Importer(815301076,1909f56bfc062723c751e8b465ee728b)
Start importing Assets/Polygon-City Megapolis/Prefab/CityProps/SM_road_sign_03.prefab using Guid(4904c4d912aa3bd4cb51c6c14307897d) Importer(815301076,1909f56bfc062723c751e8b465ee728b)  -> (artifact id: '9eefe8ed3b156c015a074db6ceab9faf') in 0.014709 seconds 
========================================================================
Received Import Request.
  Time since last request: 0.000017 seconds.
  path: Assets/Polygon-City Megapolis/Prefab/CityProps/SM_road_sign_06.prefab
  artifactKey: Guid(7c7a25536504c9f4190fc561f43d2c3b) Importer(815301076,1909f56bfc062723c751e8b465ee728b)
Start importing Assets/Polygon-City Megapolis/Prefab/CityProps/SM_road_sign_06.prefab using Guid(7c7a25536504c9f4190fc561f43d2c3b) Importer(815301076,1909f56bfc062723c751e8b465ee728b)  -> (artifact id: '265492954c947cebefe28a633e3b5104') in 0.014303 seconds 
========================================================================
Received Import Request.
  Time since last request: 0.000017 seconds.
  path: Assets/Polygon-City Megapolis/Prefab/CityProps/SM_stand_03.prefab
  artifactKey: Guid(e500a86d8ab167948ad1b322e0e543f9) Importer(815301076,1909f56bfc062723c751e8b465ee728b)
Start importing Assets/Polygon-City Megapolis/Prefab/CityProps/SM_stand_03.prefab using Guid(e500a86d8ab167948ad1b322e0e543f9) Importer(815301076,1909f56bfc062723c751e8b465ee728b)  -> (artifact id: 'afc37d190e158291036dc79a346df4c0') in 0.014556 seconds 
========================================================================
Received Import Request.
  Time since last request: 0.000018 seconds.
  path: Assets/Polygon-City Megapolis/Prefab/CityProps/SM_sand_04_A.prefab
  artifactKey: Guid(4d02891ed95399e40be51938161b4b4e) Importer(815301076,1909f56bfc062723c751e8b465ee728b)
Start importing Assets/Polygon-City Megapolis/Prefab/CityProps/SM_sand_04_A.prefab using Guid(4d02891ed95399e40be51938161b4b4e) Importer(815301076,1909f56bfc062723c751e8b465ee728b)  -> (artifact id: 'a765b066ccd1037dc007176b301a26ec') in 0.014533 seconds 
========================================================================
Received Import Request.
  Time since last request: 0.000016 seconds.
  path: Assets/Polygon-City Megapolis/Prefab/CityProps/SM_stand_01.prefab
  artifactKey: Guid(cdc6bd70004a4a440bfadf897cbc9b0b) Importer(815301076,1909f56bfc062723c751e8b465ee728b)
Start importing Assets/Polygon-City Megapolis/Prefab/CityProps/SM_stand_01.prefab using Guid(cdc6bd70004a4a440bfadf897cbc9b0b) Importer(815301076,1909f56bfc062723c751e8b465ee728b)  -> (artifact id: '3d1a0161e78e9354be376d536e99f68d') in 0.015926 seconds 
========================================================================
Received Import Request.
  Time since last request: 0.000017 seconds.
  path: Assets/Polygon-City Megapolis/Prefab/CityProps/SM_skate_playground_01.prefab
  artifactKey: Guid(894cde3cce3873f4f8ac5f435ef59e28) Importer(815301076,1909f56bfc062723c751e8b465ee728b)
Start importing Assets/Polygon-City Megapolis/Prefab/CityProps/SM_skate_playground_01.prefab using Guid(894cde3cce3873f4f8ac5f435ef59e28) Importer(815301076,1909f56bfc062723c751e8b465ee728b)  -> (artifact id: '0c30b81d913ef6e3749c448aa16eb933') in 0.030654 seconds 
========================================================================
Received Import Request.
  Time since last request: 0.000016 seconds.
  path: Assets/Polygon-City Megapolis/Prefab/CityProps/SM_sand_01_B.prefab
  artifactKey: Guid(84b9ad529b8287542aea3d0b7b3073bf) Importer(815301076,1909f56bfc062723c751e8b465ee728b)
Start importing Assets/Polygon-City Megapolis/Prefab/CityProps/SM_sand_01_B.prefab using Guid(84b9ad529b8287542aea3d0b7b3073bf) Importer(815301076,1909f56bfc062723c751e8b465ee728b)  -> (artifact id: '743b1ef214fd1375e3db8ca7c2d69b94') in 0.014096 seconds 
========================================================================
Received Import Request.
  Time since last request: 0.000014 seconds.
  path: Assets/Polygon-City Megapolis/Prefab/CityProps/SM_road_signs_12.prefab
  artifactKey: Guid(46e0fa2c62a863c4888854cdf9dd3a56) Importer(815301076,1909f56bfc062723c751e8b465ee728b)
Start importing Assets/Polygon-City Megapolis/Prefab/CityProps/SM_road_signs_12.prefab using Guid(46e0fa2c62a863c4888854cdf9dd3a56) Importer(815301076,1909f56bfc062723c751e8b465ee728b)  -> (artifact id: '4a4793811d6f2c3aff0f0b2a620b87e8') in 0.013522 seconds 
========================================================================
Received Import Request.
  Time since last request: 0.000020 seconds.
  path: Assets/Polygon-City Megapolis/Prefab/CityProps/SM_road_sign_A.prefab
  artifactKey: Guid(4d855c890b114c64f85b6b9eb405ed4a) Importer(815301076,1909f56bfc062723c751e8b465ee728b)
Start importing Assets/Polygon-City Megapolis/Prefab/CityProps/SM_road_sign_A.prefab using Guid(4d855c890b114c64f85b6b9eb405ed4a) Importer(815301076,1909f56bfc062723c751e8b465ee728b)  -> (artifact id: '05ef84d8c16c2310d9e79d4837ce613b') in 0.014112 seconds 
========================================================================
Received Import Request.
  Time since last request: 0.165721 seconds.
  path: Assets/Polygon-City Megapolis/Prefab/CityProps/SM_street_coffee_shop.prefab
  artifactKey: Guid(c2959ec06cb11ec4da363e5edd4f1b46) Importer(815301076,1909f56bfc062723c751e8b465ee728b)
Start importing Assets/Polygon-City Megapolis/Prefab/CityProps/SM_street_coffee_shop.prefab using Guid(c2959ec06cb11ec4da363e5edd4f1b46) Importer(815301076,1909f56bfc062723c751e8b465ee728b)  -> (artifact id: 'd1367ea47fc8bffd03cc4afa69077025') in 0.013518 seconds 
========================================================================
Received Import Request.
  Time since last request: 0.000018 seconds.
  path: Assets/Polygon-City Megapolis/Prefab/CityProps/SM_towel_01.prefab
  artifactKey: Guid(59752ff637d3b9b41bc7c08ef76d8c77) Importer(815301076,1909f56bfc062723c751e8b465ee728b)
Start importing Assets/Polygon-City Megapolis/Prefab/CityProps/SM_towel_01.prefab using Guid(59752ff637d3b9b41bc7c08ef76d8c77) Importer(815301076,1909f56bfc062723c751e8b465ee728b)  -> (artifact id: '42ea4476cfbf5066fda17eee902a0440') in 0.013883 seconds 
========================================================================
Received Import Request.
  Time since last request: 0.000016 seconds.
  path: Assets/Polygon-City Megapolis/Prefab/CityProps/SM_traffic_cone_03.prefab
  artifactKey: Guid(283014f007b20b9469ec6d73204fc90e) Importer(815301076,1909f56bfc062723c751e8b465ee728b)
Start importing Assets/Polygon-City Megapolis/Prefab/CityProps/SM_traffic_cone_03.prefab using Guid(283014f007b20b9469ec6d73204fc90e) Importer(815301076,1909f56bfc062723c751e8b465ee728b)  -> (artifact id: '1f77488ee3795e42bae6c30cc37c9af9') in 0.014058 seconds 
========================================================================
Received Import Request.
  Time since last request: 0.000024 seconds.
  path: Assets/Polygon-City Megapolis/Prefab/CityProps/SM_Street_light_01.prefab
  artifactKey: Guid(7d17d7aa5dfe4ca43b5428ee1535ecfe) Importer(815301076,1909f56bfc062723c751e8b465ee728b)
Start importing Assets/Polygon-City Megapolis/Prefab/CityProps/SM_Street_light_01.prefab using Guid(7d17d7aa5dfe4ca43b5428ee1535ecfe) Importer(815301076,1909f56bfc062723c751e8b465ee728b)  -> (artifact id: '4cf213d11ce21e19be4fa12398b38e7a') in 0.014360 seconds 
========================================================================
Received Import Request.
  Time since last request: 0.000025 seconds.
  path: Assets/Polygon-City Megapolis/Prefab/CityProps/SM_traffic_cone_05.prefab
  artifactKey: Guid(76851d54f523cbb41bc6d60f2d0690f6) Importer(815301076,1909f56bfc062723c751e8b465ee728b)
Start importing Assets/Polygon-City Megapolis/Prefab/CityProps/SM_traffic_cone_05.prefab using Guid(76851d54f523cbb41bc6d60f2d0690f6) Importer(815301076,1909f56bfc062723c751e8b465ee728b)  -> (artifact id: 'e960e63060def34f7b41082509481c4d') in 0.013895 seconds 
========================================================================
Received Import Request.
  Time since last request: 0.414435 seconds.
  path: Assets/Polygon-City Megapolis/Prefab/CityProps/SM_trampoline_01.prefab
  artifactKey: Guid(d8845c45cfdb2974abf3003cf4192df0) Importer(815301076,1909f56bfc062723c751e8b465ee728b)
Start importing Assets/Polygon-City Megapolis/Prefab/CityProps/SM_trampoline_01.prefab using Guid(d8845c45cfdb2974abf3003cf4192df0) Importer(815301076,1909f56bfc062723c751e8b465ee728b)  -> (artifact id: '576e480b61f59b4a893e1ee074ce9118') in 0.014201 seconds 
========================================================================
Received Import Request.
  Time since last request: 0.000018 seconds.
  path: Assets/Polygon-City Megapolis/Prefab/CityProps/SM_tunnel_01.prefab
  artifactKey: Guid(2ac566828ba1f4d4696b1bf6d347788b) Importer(815301076,1909f56bfc062723c751e8b465ee728b)
Start importing Assets/Polygon-City Megapolis/Prefab/CityProps/SM_tunnel_01.prefab using Guid(2ac566828ba1f4d4696b1bf6d347788b) Importer(815301076,1909f56bfc062723c751e8b465ee728b)  -> (artifact id: '4367ee75eac8cb190f8ca2d2af9702a0') in 0.024063 seconds 
========================================================================
Received Import Request.
  Time since last request: 0.000017 seconds.
  path: Assets/Polygon-City Megapolis/Prefab/CityProps/SM_umbrella_01.prefab
  artifactKey: Guid(6603692767fb9e34b8bca5ce865da5a9) Importer(815301076,1909f56bfc062723c751e8b465ee728b)
Start importing Assets/Polygon-City Megapolis/Prefab/CityProps/SM_umbrella_01.prefab using Guid(6603692767fb9e34b8bca5ce865da5a9) Importer(815301076,1909f56bfc062723c751e8b465ee728b)  -> (artifact id: '7b4799583c7ba62c4ef046bb4cb21e5a') in 0.014078 seconds 
========================================================================
Received Import Request.
  Time since last request: 0.000019 seconds.
  path: Assets/Polygon-City Megapolis/Prefab/CityProps/SM_tromway_paths_03.prefab
  artifactKey: Guid(7ea01241d8dd37b4081f7809345f53b4) Importer(815301076,1909f56bfc062723c751e8b465ee728b)
Start importing Assets/Polygon-City Megapolis/Prefab/CityProps/SM_tromway_paths_03.prefab using Guid(7ea01241d8dd37b4081f7809345f53b4) Importer(815301076,1909f56bfc062723c751e8b465ee728b)  -> (artifact id: '90800cf3d9d65a24a122f809f61f0b05') in 0.012829 seconds 
========================================================================
Received Import Request.
  Time since last request: 0.000016 seconds.
  path: Assets/Polygon-City Megapolis/Prefab/CityProps/SM_underground_pass_01.prefab
  artifactKey: Guid(234f94f9568d09f4d9248c8b562ca598) Importer(815301076,1909f56bfc062723c751e8b465ee728b)
Start importing Assets/Polygon-City Megapolis/Prefab/CityProps/SM_underground_pass_01.prefab using Guid(234f94f9568d09f4d9248c8b562ca598) Importer(815301076,1909f56bfc062723c751e8b465ee728b)  -> (artifact id: '0ee9b409409d93857e6c019161f9407e') in 0.014582 seconds 
========================================================================
Received Import Request.
  Time since last request: 0.000017 seconds.
  path: Assets/Polygon-City Megapolis/Prefab/CityProps/SM_water_channels_02.prefab
  artifactKey: Guid(7fb2b7bbc207a1941bf8fb62e8e94ba9) Importer(815301076,1909f56bfc062723c751e8b465ee728b)
Start importing Assets/Polygon-City Megapolis/Prefab/CityProps/SM_water_channels_02.prefab using Guid(7fb2b7bbc207a1941bf8fb62e8e94ba9) Importer(815301076,1909f56bfc062723c751e8b465ee728b)  -> (artifact id: 'b43703cd1f1d218eb507377f2363da79') in 0.014152 seconds 
========================================================================
Received Import Request.
  Time since last request: 0.000016 seconds.
  path: Assets/Polygon-City Megapolis/Prefab/CityProps/SM_tromway_paths_04.prefab
  artifactKey: Guid(1d8ef8c23e2482744927c0056a8d4938) Importer(815301076,1909f56bfc062723c751e8b465ee728b)
Start importing Assets/Polygon-City Megapolis/Prefab/CityProps/SM_tromway_paths_04.prefab using Guid(1d8ef8c23e2482744927c0056a8d4938) Importer(815301076,1909f56bfc062723c751e8b465ee728b)  -> (artifact id: 'c2a6e5b965ca79c37b7f6942a86c756e') in 0.013707 seconds 
========================================================================
Received Import Request.
  Time since last request: 0.000017 seconds.
  path: Assets/Polygon-City Megapolis/Prefab/CityProps/SM_vending_machine.prefab
  artifactKey: Guid(25a64a2fe270ed24e90dee98cc2e2530) Importer(815301076,1909f56bfc062723c751e8b465ee728b)
Start importing Assets/Polygon-City Megapolis/Prefab/CityProps/SM_vending_machine.prefab using Guid(25a64a2fe270ed24e90dee98cc2e2530) Importer(815301076,1909f56bfc062723c751e8b465ee728b)  -> (artifact id: 'd9d338c76975aa3d682defa0d4bd0dfa') in 0.014734 seconds 
========================================================================
Received Import Request.
  Time since last request: 0.000018 seconds.
  path: Assets/Polygon-City Megapolis/Prefab/CityProps/SM_water_01.prefab
  artifactKey: Guid(11f32e443cc462e4e8eef2c60f46b20b) Importer(815301076,1909f56bfc062723c751e8b465ee728b)
Start importing Assets/Polygon-City Megapolis/Prefab/CityProps/SM_water_01.prefab using Guid(11f32e443cc462e4e8eef2c60f46b20b) Importer(815301076,1909f56bfc062723c751e8b465ee728b)  -> (artifact id: 'a4329fb8cf8be634f8e7fde6603c5002') in 0.016798 seconds 
Editor requested this worker to shutdown with reason: Scaling down because of idle timeout
AssetImportWorker is now disconnected from the server
Process exiting
Exiting without the bug reporter. Application will terminate with return code 0